#
# A fatal error has been detected by the Java Runtime Environment:
#
#  SIGSEGV (0xb) at pc=0x00007fff85b360dd, pid=4262, tid=1811
#
# JRE version: Java(TM) SE Runtime Environment (8.0_51-b16) (build 1.8.0_51-b16)
# Java VM: Java HotSpot(TM) 64-Bit Server VM (25.51-b03 mixed mode bsd-amd64 compressed oops)
# Problematic frame:
# C  [libobjc.A.dylib+0x10dd]  objc_msgSend+0x1d
#
# Failed to write core dump. Core dumps have been disabled. To enable core dumping, try "ulimit -c unlimited" before starting Java again
#
# If you would like to submit a bug report, please visit:
#   http://bugreport.java.com/bugreport/crash.jsp
# The crash happened outside the Java Virtual Machine in native code.
# See problematic frame for where to report the bug.
#

---------------  T H R E A D  ---------------

Current thread (0x00007fed4201a000):  JavaThread "AppKit Thread" daemon [_thread_in_native, id=1811, stack(0x00007fff57b74000,0x00007fff58374000)]

siginfo: si_signo: 11 (SIGSEGV), si_code: 1 (SEGV_MAPERR), si_addr: 0x0000000000000018

Registers:
RAX=0x00007fed4079e3a0, RBX=0x00007fff5836fa38, RCX=0x0000000000000000, RDX=0x00007fed407c1580
RSP=0x00007fff5836f858, RBP=0x00007fff5836f860, RSI=0x00007fff8988141e, RDI=0x00007fed4079e3a0
R8 =0x00007fff5836f840, R9 =0x0000000000000064, R10=0x00007fff8988141e, R11=0x0000000000000000
R12=0x00007fed40602180, R13=0x00000000000f431c, R14=0x00007fed405a75a0, R15=0x00007fff5836f998
RIP=0x00007fff85b360dd, EFLAGS=0x0000000000010246, ERR=0x0000000000000004
  TRAPNO=0x000000000000000e

Top of Stack: (sp=0x00007fff5836f858)
0x00007fff5836f858:   00007fff8cfbf45c 00007fff5836fbc0
0x00007fff5836f868:   00007fff8ceaf634 00007fff5836f8ec
0x00007fff5836f878:   00007fff5836f8f0 00007fff5836f8f4
0x00007fff5836f888:   00007fff76817e00 ffffffffffffffff
0x00007fff5836f898:   0000000000000960 00007fff76817e18
0x00007fff5836f8a8:   00007fed405a75a0 0000000000000000
0x00007fff5836f8b8:   00007fff5836f990 0000000000000000
0x00007fff5836f8c8:   00007fed40599900 00007fff5836fa10
0x00007fff5836f8d8:   0000000000000064 00000000000f431e
0x00007fff5836f8e8:   00007fed407c1580 00007fed40599330
0x00007fff5836f8f8:   00007fed40602180 0000000000000001
0x00007fff5836f908:   00000000000f431c 00007fed40602170
0x00007fff5836f918:   00007fff8f482c05 000000014059e010
0x00007fff5836f928:   00007fff773290d0 0000000042000000
0x00007fff5836f938:   00007fff8f489e63 00007fff767e2240
0x00007fff5836f948:   00007fff5836fa18 0000000000000000
0x00007fff5836f958:   00007fff752218c8 0000000000000000
0x00007fff5836f968:   0000000000000013 00028d0300000001
0x00007fff5836f978:   00007fed406021a4 0000000000000000
0x00007fff5836f988:   000000000044b001 00007fed40599980
0x00007fff5836f998:   00007fed405a75a0 0000000000000000
0x00007fff5836f9a8:   00007fff898ba458 00007fff5836fa50
0x00007fff5836f9b8:   00007fff8ce47483 00007fff5836fa34
0x00007fff5836f9c8:   000000000044b101 00000000ffffffff
0x00007fff5836f9d8:   00007fff752218c8 000000000044b100
0x00007fff5836f9e8:   00007fff00000000 00007fff5836fae0
0x00007fff5836f9f8:   00007fff8d568770 00007fff752218e8
0x00007fff5836fa08:   00007fff898ba458 0000000000000051
0x00007fff5836fa18:   0000000000000000 00000000000f42e3
0x00007fff5836fa28:   0000000000000053 0000000000000000
0x00007fff5836fa38:   00000000000f431c 00007fff5836fab4
0x00007fff5836fa48:   000000000044ba01 00000000ffffffff 

Instructions: (pc=0x00007fff85b360dd)
0x00007fff85b360bd:   00 00 00 48 85 ff 2e 74 7a 40 f6 c7 01 2e 75 7e
0x00007fff85b360cd:   49 bb f8 ff ff ff ff 7f 00 00 4c 23 1f 49 89 f2
0x00007fff85b360dd:   45 23 53 18 49 c1 e2 04 4d 03 53 10 49 3b 32 75
0x00007fff85b360ed:   04 41 ff 62 08 49 83 3a 00 74 6a 4d 3b 53 10 74 

Register to memory mapping:

RAX=0x00007fed4079e3a0 is an unknown value
RBX=0x00007fff5836fa38 is pointing into the stack for thread: 0x00007fed4201a000
RCX=0x0000000000000000 is an unknown value
RDX=0x00007fed407c1580 is an unknown value
RSP=0x00007fff5836f858 is pointing into the stack for thread: 0x00007fed4201a000
RBP=0x00007fff5836f860 is pointing into the stack for thread: 0x00007fed4201a000
RSI=0x00007fff8988141e: -[NSTitlebarContainerView transparent]+0x5e312 in /System/Library/Frameworks/AppKit.framework/Versions/C/AppKit at 0x00007fff88e80000
RDI=0x00007fed4079e3a0 is an unknown value
R8 =0x00007fff5836f840 is pointing into the stack for thread: 0x00007fed4201a000
R9 =0x0000000000000064 is an unknown value
R10=0x00007fff8988141e: -[NSTitlebarContainerView transparent]+0x5e312 in /System/Library/Frameworks/AppKit.framework/Versions/C/AppKit at 0x00007fff88e80000
R11=0x0000000000000000 is an unknown value
R12=0x00007fed40602180 is an unknown value
R13=0x00000000000f431c is an unknown value
R14=0x00007fed405a75a0 is an unknown value
R15=0x00007fff5836f998 is pointing into the stack for thread: 0x00007fed4201a000


Stack: [0x00007fff57b74000,0x00007fff58374000],  sp=0x00007fff5836f858,  free space=8174k
Native frames: (J=compiled Java code, j=interpreted, Vv=VM code, C=native code)
C  [libobjc.A.dylib+0x10dd]  objc_msgSend+0x1d
C  [CoreFoundation+0x10634]  _CFXNotificationPost+0xc44
C  [Foundation+0x7aa1]  -[NSNotificationCenter postNotificationName:object:userInfo:]+0x42
C  [AppKit+0x439c2]  -[NSSurface _disposeSurface]+0x98
C  [AppKit+0x43426]  -[NSSurface setWindow:]+0x42
C  [AppKit+0x33910]  -[NSView _setWindow:]+0xa33
C  [AppKit+0x6af91]  -[NSView removeFromSuperview]+0x1c5
C  [AppKit+0x14bd99]  -[NSView removeFromSuperviewWithoutNeedingDisplay]+0x26
C  [liblwjgl.dylib+0xa205]  +[MacOSXKeyableWindow destroyWindow]+0xb5
C  [Foundation+0x92dd0]  __NSThreadPerformPerform+0x125
C  [CoreFoundation+0x80a01]  __CFRUNLOOP_IS_CALLING_OUT_TO_A_SOURCE0_PERFORM_FUNCTION__+0x11
C  [CoreFoundation+0x72b8d]  __CFRunLoopDoSources0+0x10d
C  [CoreFoundation+0x721bf]  __CFRunLoopRun+0x39f
C  [CoreFoundation+0x71bd8]  CFRunLoopRunSpecific+0x128
C  [HIToolbox+0x3256f]  RunCurrentEventLoopInMode+0xeb
C  [HIToolbox+0x322ea]  ReceiveNextEventCommon+0x1af
C  [HIToolbox+0x3212b]  _BlockUntilNextEventMatchingListInModeWithFilter+0x47
C  [AppKit+0x918ab]  _DPSNextEvent+0x3d2
C  [AppKit+0x90e58]  -[NSApplication nextEventMatchingMask:untilDate:inMode:dequeue:]+0x15a
C  [libosxapp.dylib+0x242a]  -[NSApplicationAWT nextEventMatchingMask:untilDate:inMode:dequeue:]+0x7c
C  [AppKit+0x86af3]  -[NSApplication run]+0x252
C  [libosxapp.dylib+0x223e]  +[NSApplicationAWT runAWTLoopWithApp:]+0x9c
C  [libawt_lwawt.dylib+0x4454b]  -[AWTStarter starter:]+0x389
C  [Foundation+0x92dd0]  __NSThreadPerformPerform+0x125
C  [CoreFoundation+0x80a01]  __CFRUNLOOP_IS_CALLING_OUT_TO_A_SOURCE0_PERFORM_FUNCTION__+0x11
C  [CoreFoundation+0x72b8d]  __CFRunLoopDoSources0+0x10d
C  [CoreFoundation+0x721bf]  __CFRunLoopRun+0x39f
C  [CoreFoundation+0x71bd8]  CFRunLoopRunSpecific+0x128
C  [java+0x6463]  CreateExecutionEnvironment+0x367
C  [java+0x21ac]  JLI_Launch+0x7a0
C  [java+0x84c0]  main+0x65
C  [java+0x1a04]  start+0x34
C  0x0000000000000006


---------------  P R O C E S S  ---------------

Java Threads: ( => current thread )
  0x00007fed41258000 JavaThread "AWT-Shutdown" [_thread_blocked, id=37459, stack(0x000000011f368000,0x000000011f468000)]
  0x00007fed42267000 JavaThread "Java2D Queue Flusher" daemon [_thread_blocked, id=55047, stack(0x00000001272f9000,0x00000001273f9000)]
  0x00007fed4092f800 JavaThread "Java2D Disposer" daemon [_thread_blocked, id=51243, stack(0x0000000127128000,0x0000000127228000)]
=>0x00007fed4201a000 JavaThread "AppKit Thread" daemon [_thread_in_native, id=1811, stack(0x00007fff57b74000,0x00007fff58374000)]
  0x00007fed40815800 JavaThread "Service Thread" daemon [_thread_blocked, id=18435, stack(0x000000012100a000,0x000000012110a000)]
  0x00007fed42013000 JavaThread "C1 CompilerThread2" daemon [_thread_blocked, id=17923, stack(0x0000000120f07000,0x0000000121007000)]
  0x00007fed42012800 JavaThread "C2 CompilerThread1" daemon [_thread_blocked, id=17411, stack(0x0000000120e04000,0x0000000120f04000)]
  0x00007fed42011000 JavaThread "C2 CompilerThread0" daemon [_thread_blocked, id=16899, stack(0x0000000120d01000,0x0000000120e01000)]
  0x00007fed4200b000 JavaThread "Signal Dispatcher" daemon [_thread_blocked, id=13843, stack(0x0000000120bfe000,0x0000000120cfe000)]
  0x00007fed41061800 JavaThread "Finalizer" daemon [_thread_blocked, id=12035, stack(0x000000011f1e2000,0x000000011f2e2000)]
  0x00007fed41061000 JavaThread "Reference Handler" daemon [_thread_blocked, id=11523, stack(0x000000011f0df000,0x000000011f1df000)]
  0x00007fed40807000 JavaThread "main" [_thread_in_native, id=5379, stack(0x000000010916a000,0x000000010926a000)]

Other Threads:
  0x00007fed4105e000 VMThread [stack: 0x000000011efdc000,0x000000011f0dc000] [id=11011]
  0x00007fed40805800 WatcherThread [stack: 0x000000012110d000,0x000000012120d000] [id=18947]

VM state:not at safepoint (normal execution)

VM Mutex/Monitor currently owned by a thread: None

Heap:
 PSYoungGen      total 38400K, used 28354K [0x0000000795580000, 0x0000000798000000, 0x00000007c0000000)
  eden space 33280K, 69% used [0x0000000795580000,0x0000000796c330f0,0x0000000797600000)
  from space 5120K, 99% used [0x0000000797600000,0x0000000797afd878,0x0000000797b00000)
  to   space 5120K, 0% used [0x0000000797b00000,0x0000000797b00000,0x0000000798000000)
 ParOldGen       total 87552K, used 699K [0x0000000740000000, 0x0000000745580000, 0x0000000795580000)
  object space 87552K, 0% used [0x0000000740000000,0x00000007400aeda0,0x0000000745580000)
 Metaspace       used 10772K, capacity 10909K, committed 11264K, reserved 1058816K
  class space    used 1143K, capacity 1213K, committed 1280K, reserved 1048576K

Card table byte_map: [0x000000011862c000,0x0000000118a2d000] byte_map_base: 0x0000000114c2c000

Marking Bits: (ParMarkBitMap*) 0x0000000108ac27a0
 Begin Bits: [0x00000001190e4000, 0x000000011b0e4000)
 End Bits:   [0x000000011b0e4000, 0x000000011d0e4000)

Polling page: 0x00000001079e5000

CodeCache: size=245760Kb used=4237Kb max_used=4237Kb free=241523Kb
 bounds [0x000000010926c000, 0x000000010969c000, 0x000000011826c000]
 total_blobs=1567 nmethods=1047 adapters=434
 compilation: enabled

Compilation events (10 events):
Event: 389.587 Thread 0x00007fed42013000 1040       3       java.util.Date::getTimeImpl (27 bytes)
Event: 389.587 Thread 0x00007fed42013000 nmethod 1040 0x000000010968e2d0 code [0x000000010968e440, 0x000000010968e6e8]
Event: 389.588 Thread 0x00007fed42012800 nmethod 1038 0x0000000109691550 code [0x00000001096916a0, 0x0000000109691818]
Event: 389.590 Thread 0x00007fed42013000 1044       3       java.lang.ref.WeakReference::<init> (7 bytes)
Event: 389.590 Thread 0x00007fed42013000 nmethod 1044 0x00000001096905d0 code [0x0000000109690740, 0x00000001096909f0]
Event: 389.590 Thread 0x00007fed42013000 1045  s    3       sun.misc.Resource::cachedInputStream (20 bytes)
Event: 389.591 Thread 0x00007fed42013000 nmethod 1045 0x000000010968ffd0 code [0x0000000109690140, 0x0000000109690528]
Event: 389.591 Thread 0x00007fed42013000 1047       3       java.util.WeakHashMap::remove (133 bytes)
Event: 389.592 Thread 0x00007fed42013000 nmethod 1047 0x000000010968eb50 code [0x000000010968ed40, 0x000000010968f808]
Event: 389.592 Thread 0x00007fed42013000 1048       3       java.security.CodeSource::getCertificates (98 bytes)

GC Heap History (2 events):
Event: 84.358 GC heap before
{Heap before GC invocations=1 (full 0):
 PSYoungGen      total 38400K, used 33280K [0x0000000795580000, 0x0000000798000000, 0x00000007c0000000)
  eden space 33280K, 100% used [0x0000000795580000,0x0000000797600000,0x0000000797600000)
  from space 5120K, 0% used [0x0000000797b00000,0x0000000797b00000,0x0000000798000000)
  to   space 5120K, 0% used [0x0000000797600000,0x0000000797600000,0x0000000797b00000)
 ParOldGen       total 87552K, used 0K [0x0000000740000000, 0x0000000745580000, 0x0000000795580000)
  object space 87552K, 0% used [0x0000000740000000,0x0000000740000000,0x0000000745580000)
 Metaspace       used 10753K, capacity 10909K, committed 11264K, reserved 1058816K
  class space    used 1142K, capacity 1213K, committed 1280K, reserved 1048576K
Event: 84.368 GC heap after
Heap after GC invocations=1 (full 0):
 PSYoungGen      total 38400K, used 5110K [0x0000000795580000, 0x0000000798000000, 0x00000007c0000000)
  eden space 33280K, 0% used [0x0000000795580000,0x0000000795580000,0x0000000797600000)
  from space 5120K, 99% used [0x0000000797600000,0x0000000797afd878,0x0000000797b00000)
  to   space 5120K, 0% used [0x0000000797b00000,0x0000000797b00000,0x0000000798000000)
 ParOldGen       total 87552K, used 699K [0x0000000740000000, 0x0000000745580000, 0x0000000795580000)
  object space 87552K, 0% used [0x0000000740000000,0x00000007400aeda0,0x0000000745580000)
 Metaspace       used 10753K, capacity 10909K, committed 11264K, reserved 1058816K
  class space    used 1142K, capacity 1213K, committed 1280K, reserved 1048576K
}

Deoptimization events (10 events):
Event: 1.349 Thread 0x00007fed40807000 Uncommon trap: reason=unstable_if action=reinterpret pc=0x0000000109510c18 method=java.awt.image.ComponentColorModel.extractComponent(Ljava/lang/Object;II)I @ 497
Event: 1.395 Thread 0x00007fed40807000 Uncommon trap: reason=unstable_if action=reinterpret pc=0x0000000109518bec method=sun.awt.image.ByteInterleavedRaster.getDataElements(IILjava/lang/Object;)Ljava/lang/Object; @ 43
Event: 1.430 Thread 0x00007fed40807000 Uncommon trap: reason=unstable_if action=reinterpret pc=0x00000001094ad958 method=java.lang.String.regionMatches(ZILjava/lang/String;II)Z @ 123
Event: 8.931 Thread 0x00007fed40807000 Uncommon trap: reason=unstable_if action=reinterpret pc=0x00000001096084b4 method=org.newdawn.slick.tiled.TiledMap.getTileProperty(ILjava/lang/String;Ljava/lang/String;)Ljava/lang/String; @ 23
Event: 15.852 Thread 0x00007fed40807000 Uncommon trap: reason=unstable_if action=reinterpret pc=0x0000000109627170 method=org.lwjgl.opengl.MacOSXDisplay.update()V @ 86
Event: 15.856 Thread 0x00007fed40807000 Uncommon trap: reason=unstable_if action=reinterpret pc=0x000000010963214c method=org.newdawn.slick.Input.poll(II)V @ 41
Event: 15.857 Thread 0x00007fed40807000 Uncommon trap: reason=unstable_if action=reinterpret pc=0x000000010963d3fc method=org.newdawn.slick.GameContainer.updateAndRender(I)V @ 236
Event: 17.107 Thread 0x00007fed410cc000 Uncommon trap: reason=unstable_if action=reinterpret pc=0x000000010961c9e4 method=java.util.HashMap.keySet()Ljava/util/Set; @ 6
Event: 19.225 Thread 0x00007fed408f9800 Uncommon trap: reason=unstable_if action=reinterpret pc=0x00000001095fef38 method=java.util.HashMap.keySet()Ljava/util/Set; @ 6
Event: 389.584 Thread 0x00007fed40807000 Uncommon trap: reason=unstable_if action=reinterpret pc=0x000000010967c738 method=org.newdawn.slick.AppGameContainer.gameLoop()V @ 60

Internal exceptions (10 events):
Event: 0.128 Thread 0x00007fed40807000 Exception <a 'java/security/PrivilegedActionException'> (0x000000079587d220) thrown at [/Users/java_re/workspace/8-2-build-macosx-x86_64/jdk8u51/3951/hotspot/src/share/vm/prims/jvm.cpp, line 1382]
Event: 0.128 Thread 0x00007fed40807000 Exception <a 'java/security/PrivilegedActionException'> (0x000000079587d3d8) thrown at [/Users/java_re/workspace/8-2-build-macosx-x86_64/jdk8u51/3951/hotspot/src/share/vm/prims/jvm.cpp, line 1382]
Event: 0.129 Thread 0x00007fed40807000 Exception <a 'java/security/PrivilegedActionException'> (0x0000000795880758) thrown at [/Users/java_re/workspace/8-2-build-macosx-x86_64/jdk8u51/3951/hotspot/src/share/vm/prims/jvm.cpp, line 1382]
Event: 0.129 Thread 0x00007fed40807000 Exception <a 'java/security/PrivilegedActionException'> (0x0000000795880910) thrown at [/Users/java_re/workspace/8-2-build-macosx-x86_64/jdk8u51/3951/hotspot/src/share/vm/prims/jvm.cpp, line 1382]
Event: 0.291 Thread 0x00007fed40807000 Exception <a 'java/io/FileNotFoundException'> (0x00000007958847e0) thrown at [/Users/java_re/workspace/8-2-build-macosx-x86_64/jdk8u51/3951/hotspot/src/share/vm/prims/jni.cpp, line 709]
Event: 0.291 Thread 0x00007fed40807000 Exception <a 'java/io/FileNotFoundException'> (0x0000000795885320) thrown at [/Users/java_re/workspace/8-2-build-macosx-x86_64/jdk8u51/3951/hotspot/src/share/vm/prims/jni.cpp, line 709]
Event: 0.351 Thread 0x00007fed4201a000 Exception <a 'java/lang/NoSuchFieldError': method resolution failed> (0x0000000795a3af90) thrown at [/Users/java_re/workspace/8-2-build-macosx-x86_64/jdk8u51/3951/hotspot/src/share/vm/prims/methodHandles.cpp, line 1125]
Event: 0.354 Thread 0x00007fed4201a000 Exception <a 'java/lang/NoSuchFieldError': method resolution failed> (0x0000000795a49630) thrown at [/Users/java_re/workspace/8-2-build-macosx-x86_64/jdk8u51/3951/hotspot/src/share/vm/prims/methodHandles.cpp, line 1125]
Event: 1.395 Thread 0x00007fed40807000 Implicit null exception at 0x00000001095189a4 to 0x0000000109518bd1
Event: 17.107 Thread 0x00007fed410cc000 Implicit null exception at 0x000000010961c729 to 0x000000010961c9d5

Events (10 events):
Event: 384.739 Thread 0x00007fed4180a000 Thread added: 0x00007fed4180a000
Event: 385.742 Executing VM operation: BulkRevokeBias
Event: 385.742 Executing VM operation: BulkRevokeBias done
Event: 385.742 Thread 0x00007fed4180a000 Thread exited: 0x00007fed4180a000
Event: 388.380 Thread 0x00007fed41258000 Thread added: 0x00007fed41258000
Event: 389.584 Thread 0x00007fed40807000 Uncommon trap: trap_request=0xffffff65 fr.pc=0x000000010967c738
Event: 389.584 Thread 0x00007fed40807000 DEOPT PACKING pc=0x000000010967c738 sp=0x0000000109269890
Event: 389.584 Thread 0x00007fed40807000 DEOPT UNPACKING pc=0x0000000109271229 sp=0x0000000109269808 mode 2
Event: 389.586 loading class org/lwjgl/opengl/CallbackUtil
Event: 389.586 loading class org/lwjgl/opengl/CallbackUtil done


Dynamic libraries:
0x0000000005022000 	/System/Library/Frameworks/Cocoa.framework/Versions/A/Cocoa
0x0000000005022000 	/System/Library/Frameworks/Security.framework/Versions/A/Security
0x0000000005022000 	/System/Library/Frameworks/ApplicationServices.framework/Versions/A/ApplicationServices
0x0000000005022000 	/usr/lib/libz.1.dylib
0x0000000005022000 	/usr/lib/libSystem.B.dylib
0x0000000005022000 	/usr/lib/libobjc.A.dylib
0x0000000005022000 	/System/Library/Frameworks/CoreFoundation.framework/Versions/A/CoreFoundation
0x0000000005022000 	/System/Library/Frameworks/Foundation.framework/Versions/C/Foundation
0x0000000005022000 	/System/Library/Frameworks/AppKit.framework/Versions/C/AppKit
0x0000000005022000 	/System/Library/Frameworks/CoreData.framework/Versions/A/CoreData
0x0000000005022000 	/System/Library/PrivateFrameworks/RemoteViewServices.framework/Versions/A/RemoteViewServices
0x0000000005022000 	/System/Library/PrivateFrameworks/UIFoundation.framework/Versions/A/UIFoundation
0x0000000005022000 	/System/Library/Frameworks/IOSurface.framework/Versions/A/IOSurface
0x0000000005022000 	/System/Library/Frameworks/AudioToolbox.framework/Versions/A/AudioToolbox
0x0000000005022000 	/System/Library/Frameworks/AudioUnit.framework/Versions/A/AudioUnit
0x0000000005022000 	/System/Library/PrivateFrameworks/DataDetectorsCore.framework/Versions/A/DataDetectorsCore
0x0000000005022000 	/System/Library/PrivateFrameworks/DesktopServicesPriv.framework/Versions/A/DesktopServicesPriv
0x0000000005022000 	/System/Library/Frameworks/Carbon.framework/Versions/A/Frameworks/HIToolbox.framework/Versions/A/HIToolbox
0x0000000005022000 	/System/Library/Frameworks/QuartzCore.framework/Versions/A/QuartzCore
0x0000000005022000 	/System/Library/Frameworks/Carbon.framework/Versions/A/Frameworks/SpeechRecognition.framework/Versions/A/SpeechRecognition
0x0000000005022000 	/usr/lib/libauto.dylib
0x0000000005022000 	/usr/lib/libicucore.A.dylib
0x0000000005022000 	/usr/lib/libxml2.2.dylib
0x0000000005022000 	/System/Library/PrivateFrameworks/CoreUI.framework/Versions/A/CoreUI
0x0000000005022000 	/System/Library/Frameworks/CoreAudio.framework/Versions/A/CoreAudio
0x0000000005022000 	/System/Library/Frameworks/DiskArbitration.framework/Versions/A/DiskArbitration
0x0000000005022000 	/usr/lib/liblangid.dylib
0x0000000005022000 	/System/Library/PrivateFrameworks/MultitouchSupport.framework/Versions/A/MultitouchSupport
0x0000000005022000 	/System/Library/Frameworks/IOKit.framework/Versions/A/IOKit
0x0000000005022000 	/usr/lib/libDiagnosticMessagesClient.dylib
0x0000000005022000 	/System/Library/Frameworks/CoreServices.framework/Versions/A/CoreServices
0x0000000005022000 	/System/Library/PrivateFrameworks/PerformanceAnalysis.framework/Versions/A/PerformanceAnalysis
0x0000000005022000 	/System/Library/PrivateFrameworks/GenerationalStorage.framework/Versions/A/GenerationalStorage
0x0000000005022000 	/System/Library/Frameworks/OpenGL.framework/Versions/A/OpenGL
0x0000000005022000 	/System/Library/PrivateFrameworks/Sharing.framework/Versions/A/Sharing
0x0000000005022000 	/System/Library/Frameworks/CoreGraphics.framework/Versions/A/CoreGraphics
0x0000000005022000 	/System/Library/Frameworks/CoreText.framework/Versions/A/CoreText
0x0000000005022000 	/System/Library/Frameworks/ImageIO.framework/Versions/A/ImageIO
0x0000000005022000 	/usr/lib/libextension.dylib
0x0000000005022000 	/System/Library/PrivateFrameworks/Backup.framework/Versions/A/Backup
0x0000000005022000 	/usr/lib/libarchive.2.dylib
0x0000000005022000 	/System/Library/Frameworks/CFNetwork.framework/Versions/A/CFNetwork
0x0000000005022000 	/System/Library/Frameworks/SystemConfiguration.framework/Versions/A/SystemConfiguration
0x0000000005022000 	/usr/lib/libCRFSuite.dylib
0x0000000005022000 	/usr/lib/libc++.1.dylib
0x0000000005022000 	/usr/lib/libc++abi.dylib
0x0000000005022000 	/usr/lib/system/libcache.dylib
0x0000000005022000 	/usr/lib/system/libcommonCrypto.dylib
0x0000000005022000 	/usr/lib/system/libcompiler_rt.dylib
0x0000000005022000 	/usr/lib/system/libcopyfile.dylib
0x0000000005022000 	/usr/lib/system/libcorecrypto.dylib
0x0000000005022000 	/usr/lib/system/libdispatch.dylib
0x0000000005022000 	/usr/lib/system/libdyld.dylib
0x0000000005022000 	/usr/lib/system/libkeymgr.dylib
0x0000000005022000 	/usr/lib/system/liblaunch.dylib
0x0000000005022000 	/usr/lib/system/libmacho.dylib
0x0000000005022000 	/usr/lib/system/libquarantine.dylib
0x0000000005022000 	/usr/lib/system/libremovefile.dylib
0x0000000005022000 	/usr/lib/system/libsystem_asl.dylib
0x0000000005022000 	/usr/lib/system/libsystem_blocks.dylib
0x0000000005022000 	/usr/lib/system/libsystem_c.dylib
0x0000000005022000 	/usr/lib/system/libsystem_configuration.dylib
0x0000000005022000 	/usr/lib/system/libsystem_coreservices.dylib
0x0000000005022000 	/usr/lib/system/libsystem_coretls.dylib
0x0000000005022000 	/usr/lib/system/libsystem_dnssd.dylib
0x0000000005022000 	/usr/lib/system/libsystem_info.dylib
0x0000000005022000 	/usr/lib/system/libsystem_kernel.dylib
0x0000000005022000 	/usr/lib/system/libsystem_m.dylib
0x0000000005022000 	/usr/lib/system/libsystem_malloc.dylib
0x0000000005022000 	/usr/lib/system/libsystem_network.dylib
0x0000000005022000 	/usr/lib/system/libsystem_networkextension.dylib
0x0000000005022000 	/usr/lib/system/libsystem_notify.dylib
0x0000000005022000 	/usr/lib/system/libsystem_platform.dylib
0x0000000005022000 	/usr/lib/system/libsystem_pthread.dylib
0x0000000005022000 	/usr/lib/system/libsystem_sandbox.dylib
0x0000000005022000 	/usr/lib/system/libsystem_secinit.dylib
0x0000000005022000 	/usr/lib/system/libsystem_stats.dylib
0x0000000005022000 	/usr/lib/system/libsystem_trace.dylib
0x0000000005022000 	/usr/lib/system/libunc.dylib
0x0000000005022000 	/usr/lib/system/libunwind.dylib
0x0000000005022000 	/usr/lib/system/libxpc.dylib
0x0000000005022000 	/usr/lib/libbz2.1.0.dylib
0x0000000005022000 	/usr/lib/liblzma.5.dylib
0x0000000005022000 	/usr/lib/libbsm.0.dylib
0x0000000005022000 	/usr/lib/libsqlite3.dylib
0x0000000005022000 	/usr/lib/system/libkxld.dylib
0x0000000005022000 	/usr/lib/libxar.1.dylib
0x0000000005022000 	/usr/lib/libpam.2.dylib
0x0000000005022000 	/usr/lib/libOpenScriptingUtil.dylib
0x0000000005022000 	/System/Library/Frameworks/CoreServices.framework/Versions/A/Frameworks/FSEvents.framework/Versions/A/FSEvents
0x0000000005022000 	/System/Library/Frameworks/CoreServices.framework/Versions/A/Frameworks/CarbonCore.framework/Versions/A/CarbonCore
0x0000000005022000 	/System/Library/Frameworks/CoreServices.framework/Versions/A/Frameworks/Metadata.framework/Versions/A/Metadata
0x0000000005022000 	/System/Library/Frameworks/CoreServices.framework/Versions/A/Frameworks/OSServices.framework/Versions/A/OSServices
0x0000000005022000 	/System/Library/Frameworks/CoreServices.framework/Versions/A/Frameworks/SearchKit.framework/Versions/A/SearchKit
0x0000000005022000 	/System/Library/Frameworks/CoreServices.framework/Versions/A/Frameworks/AE.framework/Versions/A/AE
0x0000000005022000 	/System/Library/Frameworks/CoreServices.framework/Versions/A/Frameworks/LaunchServices.framework/Versions/A/LaunchServices
0x0000000005022000 	/System/Library/Frameworks/CoreServices.framework/Versions/A/Frameworks/DictionaryServices.framework/Versions/A/DictionaryServices
0x0000000005022000 	/System/Library/Frameworks/NetFS.framework/Versions/A/NetFS
0x0000000005022000 	/System/Library/PrivateFrameworks/NetAuth.framework/Versions/A/NetAuth
0x0000000005022000 	/System/Library/PrivateFrameworks/login.framework/Versions/A/Frameworks/loginsupport.framework/Versions/A/loginsupport
0x0000000005022000 	/System/Library/PrivateFrameworks/TCC.framework/Versions/A/TCC
0x0000000005022000 	/usr/lib/libmecabra.dylib
0x0000000005022000 	/System/Library/Frameworks/ApplicationServices.framework/Versions/A/Frameworks/ATS.framework/Versions/A/ATS
0x0000000005022000 	/System/Library/Frameworks/ApplicationServices.framework/Versions/A/Frameworks/ColorSync.framework/Versions/A/ColorSync
0x0000000005022000 	/System/Library/Frameworks/ApplicationServices.framework/Versions/A/Frameworks/HIServices.framework/Versions/A/HIServices
0x0000000005022000 	/System/Library/Frameworks/ApplicationServices.framework/Versions/A/Frameworks/LangAnalysis.framework/Versions/A/LangAnalysis
0x0000000005022000 	/System/Library/Frameworks/ApplicationServices.framework/Versions/A/Frameworks/PrintCore.framework/Versions/A/PrintCore
0x0000000005022000 	/System/Library/Frameworks/ApplicationServices.framework/Versions/A/Frameworks/QD.framework/Versions/A/QD
0x0000000005022000 	/System/Library/Frameworks/ApplicationServices.framework/Versions/A/Frameworks/SpeechSynthesis.framework/Versions/A/SpeechSynthesis
0x0000000005022000 	/System/Library/Frameworks/Accelerate.framework/Versions/A/Accelerate
0x0000000005022000 	/System/Library/Frameworks/Accelerate.framework/Versions/A/Frameworks/vImage.framework/Versions/A/vImage
0x0000000005022000 	/System/Library/Frameworks/Accelerate.framework/Versions/A/Frameworks/vecLib.framework/Versions/A/vecLib
0x0000000005022000 	/System/Library/Frameworks/Accelerate.framework/Versions/A/Frameworks/vecLib.framework/Versions/A/libvDSP.dylib
0x0000000005022000 	/System/Library/Frameworks/Accelerate.framework/Versions/A/Frameworks/vecLib.framework/Versions/A/libvMisc.dylib
0x0000000005022000 	/System/Library/Frameworks/Accelerate.framework/Versions/A/Frameworks/vecLib.framework/Versions/A/libLAPACK.dylib
0x0000000005022000 	/System/Library/Frameworks/Accelerate.framework/Versions/A/Frameworks/vecLib.framework/Versions/A/libBLAS.dylib
0x0000000005022000 	/System/Library/Frameworks/Accelerate.framework/Versions/A/Frameworks/vecLib.framework/Versions/A/libLinearAlgebra.dylib
0x0000000005022000 	/System/Library/Frameworks/ApplicationServices.framework/Versions/A/Frameworks/ATS.framework/Versions/A/Resources/libFontParser.dylib
0x0000000005022000 	/System/Library/Frameworks/ApplicationServices.framework/Versions/A/Frameworks/ATS.framework/Versions/A/Resources/libFontRegistry.dylib
0x0000000005022000 	/System/Library/PrivateFrameworks/AppleVPA.framework/Versions/A/AppleVPA
0x0000000005022000 	/System/Library/PrivateFrameworks/AppleJPEG.framework/Versions/A/AppleJPEG
0x0000000005022000 	/System/Library/Frameworks/ImageIO.framework/Versions/A/Resources/libJPEG.dylib
0x0000000005022000 	/System/Library/Frameworks/ImageIO.framework/Versions/A/Resources/libTIFF.dylib
0x0000000005022000 	/System/Library/Frameworks/ImageIO.framework/Versions/A/Resources/libPng.dylib
0x0000000005022000 	/System/Library/Frameworks/ImageIO.framework/Versions/A/Resources/libGIF.dylib
0x0000000005022000 	/System/Library/Frameworks/ImageIO.framework/Versions/A/Resources/libJP2.dylib
0x0000000005022000 	/System/Library/Frameworks/ImageIO.framework/Versions/A/Resources/libRadiance.dylib
0x0000000005022000 	/System/Library/Frameworks/CoreVideo.framework/Versions/A/CoreVideo
0x0000000005022000 	/System/Library/Frameworks/OpenGL.framework/Versions/A/Libraries/libGLU.dylib
0x0000000005022000 	/System/Library/Frameworks/OpenGL.framework/Versions/A/Libraries/libGFXShared.dylib
0x0000000005022000 	/System/Library/Frameworks/OpenGL.framework/Versions/A/Libraries/libGL.dylib
0x0000000005022000 	/System/Library/Frameworks/OpenGL.framework/Versions/A/Libraries/libGLImage.dylib
0x0000000005022000 	/System/Library/Frameworks/OpenGL.framework/Versions/A/Libraries/libCVMSPluginSupport.dylib
0x0000000005022000 	/System/Library/Frameworks/OpenGL.framework/Versions/A/Libraries/libCoreVMClient.dylib
0x0000000005022000 	/usr/lib/libcups.2.dylib
0x0000000005022000 	/System/Library/Frameworks/Kerberos.framework/Versions/A/Kerberos
0x0000000005022000 	/System/Library/Frameworks/GSS.framework/Versions/A/GSS
0x0000000005022000 	/usr/lib/libresolv.9.dylib
0x0000000005022000 	/usr/lib/libiconv.2.dylib
0x0000000005022000 	/System/Library/PrivateFrameworks/Heimdal.framework/Versions/A/Heimdal
0x0000000005022000 	/usr/lib/libheimdal-asn1.dylib
0x0000000005022000 	/System/Library/Frameworks/OpenDirectory.framework/Versions/A/OpenDirectory
0x0000000005022000 	/System/Library/PrivateFrameworks/CommonAuth.framework/Versions/A/CommonAuth
0x0000000005022000 	/System/Library/Frameworks/OpenDirectory.framework/Versions/A/Frameworks/CFOpenDirectory.framework/Versions/A/CFOpenDirectory
0x0000000005022000 	/System/Library/Frameworks/SecurityFoundation.framework/Versions/A/SecurityFoundation
0x0000000005022000 	/System/Library/PrivateFrameworks/LanguageModeling.framework/Versions/A/LanguageModeling
0x0000000005022000 	/usr/lib/libcmph.dylib
0x0000000005022000 	/System/Library/Frameworks/ServiceManagement.framework/Versions/A/ServiceManagement
0x0000000005022000 	/usr/lib/libxslt.1.dylib
0x0000000005022000 	/System/Library/Frameworks/Carbon.framework/Versions/A/Frameworks/Ink.framework/Versions/A/Ink
0x0000000005022000 	/System/Library/Frameworks/QuartzCore.framework/Versions/A/Frameworks/CoreImage.framework/Versions/A/CoreImage
0x0000000005022000 	/System/Library/PrivateFrameworks/CrashReporterSupport.framework/Versions/A/CrashReporterSupport
0x0000000005022000 	/System/Library/Frameworks/OpenCL.framework/Versions/A/OpenCL
0x0000000005022000 	/System/Library/PrivateFrameworks/FaceCore.framework/Versions/A/FaceCore
0x0000000005022000 	/System/Library/PrivateFrameworks/Ubiquity.framework/Versions/A/Ubiquity
0x0000000005022000 	/System/Library/PrivateFrameworks/IconServices.framework/Versions/A/IconServices
0x0000000005022000 	/System/Library/PrivateFrameworks/ChunkingLibrary.framework/Versions/A/ChunkingLibrary
0x0000000005022000 	/System/Library/PrivateFrameworks/Apple80211.framework/Versions/A/Apple80211
0x0000000005022000 	/System/Library/Frameworks/CoreWLAN.framework/Versions/A/CoreWLAN
0x0000000005022000 	/System/Library/Frameworks/IOBluetooth.framework/Versions/A/IOBluetooth
0x0000000005022000 	/System/Library/PrivateFrameworks/CoreWiFi.framework/Versions/A/CoreWiFi
0x0000000005022000 	/System/Library/Frameworks/CoreBluetooth.framework/Versions/A/CoreBluetooth
0x0000000005022000 	/System/Library/PrivateFrameworks/DebugSymbols.framework/Versions/A/DebugSymbols
0x0000000005022000 	/System/Library/PrivateFrameworks/CoreSymbolication.framework/Versions/A/CoreSymbolication
0x0000000005022000 	/System/Library/PrivateFrameworks/Symbolication.framework/Versions/A/Symbolication
0x0000000005022000 	/System/Library/PrivateFrameworks/SpeechRecognitionCore.framework/Versions/A/SpeechRecognitionCore
0x0000000108200000 	/Library/Java/JavaVirtualMachines/jdk1.8.0_51.jdk/Contents/Home/jre/lib/server/libjvm.dylib
0x0000000005022000 	/usr/lib/libstdc++.6.dylib
0x00000001079a2000 	/Library/Java/JavaVirtualMachines/jdk1.8.0_51.jdk/Contents/Home/jre/lib/libverify.dylib
0x00000001079b0000 	/Library/Java/JavaVirtualMachines/jdk1.8.0_51.jdk/Contents/Home/jre/lib/libjava.dylib
0x00000001079ef000 	/Library/Java/JavaVirtualMachines/jdk1.8.0_51.jdk/Contents/Home/jre/lib/libzip.dylib
0x000000011f2e4000 	/System/Library/Frameworks/JavaVM.framework/Frameworks/JavaRuntimeSupport.framework/JavaRuntimeSupport
0x000000011f2fa000 	/System/Library/Frameworks/JavaVM.framework/Versions/A/Frameworks/JavaNativeFoundation.framework/Versions/A/JavaNativeFoundation
0x000000011f30e000 	/System/Library/Frameworks/JavaVM.framework/Versions/A/JavaVM
0x0000000005022000 	/System/Library/Frameworks/Carbon.framework/Versions/A/Carbon
0x000000011f31a000 	/System/Library/PrivateFrameworks/JavaLaunching.framework/Versions/A/JavaLaunching
0x0000000005022000 	/System/Library/Frameworks/Carbon.framework/Versions/A/Frameworks/CommonPanels.framework/Versions/A/CommonPanels
0x0000000005022000 	/System/Library/Frameworks/Carbon.framework/Versions/A/Frameworks/Help.framework/Versions/A/Help
0x0000000005022000 	/System/Library/Frameworks/Carbon.framework/Versions/A/Frameworks/ImageCapture.framework/Versions/A/ImageCapture
0x0000000005022000 	/System/Library/Frameworks/Carbon.framework/Versions/A/Frameworks/OpenScripting.framework/Versions/A/OpenScripting
0x0000000005022000 	/System/Library/Frameworks/Carbon.framework/Versions/A/Frameworks/Print.framework/Versions/A/Print
0x0000000005022000 	/System/Library/Frameworks/Carbon.framework/Versions/A/Frameworks/SecurityHI.framework/Versions/A/SecurityHI
0x000000012122d000 	/Library/Java/JavaVirtualMachines/jdk1.8.0_51.jdk/Contents/Home/jre/lib/libawt.dylib
0x00000001212d5000 	/Library/Java/JavaVirtualMachines/jdk1.8.0_51.jdk/Contents/Home/jre/lib/./libmlib_image.dylib
0x00000001213a1000 	/Library/Java/JavaVirtualMachines/jdk1.8.0_51.jdk/Contents/Home/jre/lib/libawt_lwawt.dylib
0x0000000121455000 	/Library/Java/JavaVirtualMachines/jdk1.8.0_51.jdk/Contents/Home/jre/lib/./libosxapp.dylib
0x0000000005022000 	/System/Library/Frameworks/ExceptionHandling.framework/Versions/A/ExceptionHandling
0x0000000005022000 	/System/Library/PrivateFrameworks/CoreServicesInternal.framework/Versions/A/CoreServicesInternal
0x0000000005022000 	/System/Library/PrivateFrameworks/CloudDocs.framework/Versions/A/CloudDocs
0x0000000005022000 	/System/Library/PrivateFrameworks/CoreDuet.framework/Versions/A/CoreDuet
0x0000000005022000 	/System/Library/Frameworks/CloudKit.framework/Versions/A/CloudKit
0x0000000005022000 	/System/Library/PrivateFrameworks/ProtocolBuffer.framework/Versions/A/ProtocolBuffer
0x0000000005022000 	/System/Library/PrivateFrameworks/CoreDuetDaemonProtocol.framework/Versions/A/CoreDuetDaemonProtocol
0x0000000005022000 	/System/Library/PrivateFrameworks/CoreDuetDebugLogging.framework/Versions/A/CoreDuetDebugLogging
0x0000000005022000 	/System/Library/PrivateFrameworks/MMCS.framework/Versions/A/MMCS
0x0000000005022000 	/System/Library/Frameworks/CoreLocation.framework/Versions/A/CoreLocation
0x0000000005022000 	/System/Library/PrivateFrameworks/ProtectedCloudStorage.framework/Versions/A/ProtectedCloudStorage
0x0000000005022000 	/System/Library/PrivateFrameworks/GeoServices.framework/Versions/A/GeoServices
0x0000000005022000 	/System/Library/Frameworks/CoreGraphics.framework/Versions/A/Resources/libCGCMS.A.dylib
0x0000000005022000 	/System/Library/Frameworks/CoreGraphics.framework/Versions/A/Resources/libRIP.A.dylib
0x0000000005022000 	/System/Library/Frameworks/CoreGraphics.framework/Versions/A/Resources/libCGXType.A.dylib
0x0000000005022000 	/System/Library/Frameworks/OpenCL.framework/Versions/A/Libraries/libcldcpuengine.dylib
0x0000000005022000 	/System/Library/PrivateFrameworks/DiskImages.framework/Versions/A/DiskImages
0x0000000005022000 	/System/Library/Frameworks/DiscRecording.framework/Versions/A/DiscRecording
0x0000000005022000 	/usr/lib/libcsfde.dylib
0x0000000005022000 	/usr/lib/libcurl.4.dylib
0x0000000005022000 	/System/Library/PrivateFrameworks/MediaKit.framework/Versions/A/MediaKit
0x0000000005022000 	/usr/lib/libCoreStorage.dylib
0x0000000005022000 	/System/Library/PrivateFrameworks/EFILogin.framework/Versions/A/EFILogin
0x0000000005022000 	/usr/lib/libutil.dylib
0x0000000005022000 	/System/Library/PrivateFrameworks/FindMyDevice.framework/Versions/A/FindMyDevice
0x0000000005022000 	/System/Library/Frameworks/LDAP.framework/Versions/A/LDAP
0x0000000005022000 	/usr/lib/libsasl2.2.dylib
0x0000000005022000 	/System/Library/PrivateFrameworks/CoreDaemon.framework/Versions/B/CoreDaemon
0x0000000005022000 	/usr/lib/libcrypto.0.9.8.dylib
0x0000000005022000 	/System/Library/PrivateFrameworks/AppleSRP.framework/Versions/A/AppleSRP
0x0000000005022000 	/System/Library/PrivateFrameworks/TrustEvaluationAgent.framework/Versions/A/TrustEvaluationAgent
0x000000012469c000 	cl_kernels
0x000000012469e000 	/System/Library/Frameworks/OpenCL.framework/Versions/A/Libraries/ImageFormats/unorm8_bgra.dylib
0x000000012468e000 	cl_kernels
0x0000000005022000 	/System/Library/PrivateFrameworks/FamilyControls.framework/Versions/A/FamilyControls
0x0000000005022000 	/System/Library/PrivateFrameworks/CommerceKit.framework/Versions/A/Frameworks/CommerceCore.framework/Versions/A/CommerceCore
0x0000000005022000 	/System/Library/PrivateFrameworks/SystemAdministration.framework/Versions/A/SystemAdministration
0x0000000005022000 	/System/Library/PrivateFrameworks/AppContainer.framework/Versions/A/AppContainer
0x0000000005022000 	/System/Library/PrivateFrameworks/SecCodeWrapper.framework/Versions/A/SecCodeWrapper
0x0000000005022000 	/System/Library/Frameworks/DirectoryService.framework/Versions/A/DirectoryService
0x0000000005022000 	/System/Library/PrivateFrameworks/LoginUIKit.framework/Versions/A/Frameworks/LoginUICore.framework/Versions/A/LoginUICore
0x0000000005022000 	/usr/lib/libodfde.dylib
0x0000000125922000 	/Library/Java/JavaVirtualMachines/jdk1.8.0_51.jdk/Contents/Home/jre/lib/libfontmanager.dylib
0x0000000125989000 	/Users/IreneZhou/Desktop/unimelb/swen20003/assignment/project1/mulit_platform_slick_libraries/liblwjgl.dylib
0x0000000123b0e000 	/Library/Java/JavaVirtualMachines/jdk1.8.0_51.jdk/Contents/Home/jre/lib/libjawt.dylib
0x0000000005022000 	/System/Library/Frameworks/OpenGL.framework/Versions/A/Resources/GLEngine.bundle/GLEngine
0x0000000005022000 	/System/Library/Frameworks/OpenGL.framework/Versions/A/Libraries/libGLProgrammability.dylib
0x0000000125a15000 	/System/Library/Extensions/AppleIntelBDWGraphicsGLDriver.bundle/Contents/MacOS/AppleIntelBDWGraphicsGLDriver
0x0000000005022000 	/System/Library/PrivateFrameworks/IOAccelerator.framework/Versions/A/IOAccelerator
0x0000000005022000 	/System/Library/PrivateFrameworks/GPUSupport.framework/Versions/A/Libraries/libGPUSupportMercury.dylib
0x0000000005022000 	/System/Library/Frameworks/OpenGL.framework/Versions/A/Resources/GLRendererFloat.bundle/GLRendererFloat
0x0000000126e8c000 	/Users/IreneZhou/Desktop/unimelb/swen20003/assignment/project1/mulit_platform_slick_libraries/libjinput-osx.dylib
0x0000000126e91000 	/System/Library/Extensions/IOHIDFamily.kext/Contents/PlugIns/IOHIDLib.plugin/Contents/MacOS/IOHIDLib
0x0000000126efc000 	/Library/Java/JavaVirtualMachines/jdk1.8.0_51.jdk/Contents/Home/jre/lib/libnio.dylib
0x0000000126f0c000 	/Library/Java/JavaVirtualMachines/jdk1.8.0_51.jdk/Contents/Home/jre/lib/./libnet.dylib

VM Arguments:
jvm_args: -Djava.library.path=/Users/IreneZhou/Desktop/unimelb/swen20003/assignment/project1/mulit_platform_slick_libraries -Dfile.encoding=UTF-8 
java_command: RPG
java_class_path (initial): /Users/IreneZhou/Documents/workspace/myproject2/bin:/Users/IreneZhou/Documents/workspace/myproject2/lib/jinput.jar:/Users/IreneZhou/Documents/workspace/myproject2/lib/lwjgl.jar:/Users/IreneZhou/Documents/workspace/myproject2/lib/slick.jar
Launcher Type: SUN_STANDARD

Environment Variables:
PATH=/usr/bin:/bin:/usr/sbin:/sbin
SHELL=/bin/bash

Signal Handlers:
SIGSEGV: [libjvm.dylib+0x58ef35], sa_mask[0]=11111111011111110111111111111111, sa_flags=SA_ONSTACK|SA_RESTART|SA_SIGINFO
SIGBUS: [libjvm.dylib+0x58ef35], sa_mask[0]=11111111011111110111111111111111, sa_flags=SA_RESTART|SA_SIGINFO
SIGFPE: [libjvm.dylib+0x46c028], sa_mask[0]=11111111011111110111111111111111, sa_flags=SA_RESTART|SA_SIGINFO
SIGPIPE: [libjvm.dylib+0x46c028], sa_mask[0]=11111111011111110111111111111111, sa_flags=SA_RESTART|SA_SIGINFO
SIGXFSZ: [libjvm.dylib+0x46c028], sa_mask[0]=11111111011111110111111111111111, sa_flags=SA_RESTART|SA_SIGINFO
SIGILL: [libjvm.dylib+0x46c028], sa_mask[0]=11111111011111110111111111111111, sa_flags=SA_RESTART|SA_SIGINFO
SIGUSR1: SIG_DFL, sa_mask[0]=00000000000000000000000000000000, sa_flags=none
SIGUSR2: [libjvm.dylib+0x46bb46], sa_mask[0]=00100000000000000000000000000000, sa_flags=SA_RESTART|SA_SIGINFO
SIGHUP: [libjvm.dylib+0x46a119], sa_mask[0]=11111111011111110111111111111111, sa_flags=SA_RESTART|SA_SIGINFO
SIGINT: [libjvm.dylib+0x46a119], sa_mask[0]=11111111011111110111111111111111, sa_flags=SA_RESTART|SA_SIGINFO
SIGTERM: [libjvm.dylib+0x46a119], sa_mask[0]=11111111011111110111111111111111, sa_flags=SA_RESTART|SA_SIGINFO
SIGQUIT: [libjvm.dylib+0x46a119], sa_mask[0]=11111111011111110111111111111111, sa_flags=SA_RESTART|SA_SIGINFO


---------------  S Y S T E M  ---------------

OS:Bsduname:Darwin 14.5.0 Darwin Kernel Version 14.5.0: Thu Apr 21 20:40:54 PDT 2016; root:xnu-2782.50.3~1/RELEASE_X86_64 x86_64
rlimit: STACK 8192k, CORE 0k, NPROC 709, NOFILE 10240, AS infinity
load average:2.00 2.08 1.83

CPU:total 4 (2 cores per cpu, 2 threads per core) family 6 model 61 stepping 4, cmov, cx8, fxsr, mmx, sse, sse2, sse3, ssse3, sse4.1, sse4.2, popcnt, avx, avx2, aes, clmul, erms, 3dnowpref, lzcnt, ht, tsc, tscinvbit, bmi1, bmi2, adx

Memory: 4k page, physical 8388608k(3319308k free)

/proc/meminfo:


vm_info: Java HotSpot(TM) 64-Bit Server VM (25.51-b03) for bsd-amd64 JRE (1.8.0_51-b16), built on Jun  8 2015 18:01:11 by "java_re" with gcc 4.2.1 (Based on Apple Inc. build 5658) (LLVM build 2336.11.00)

time: Sun Oct  2 14:10:24 2016
elapsed time: 389 seconds (0d 0h 6m 29s)

