#
# A fatal error has been detected by the Java Runtime Environment:
#
#  SIGSEGV (0xb) at pc=0x00007fff85b360e9, pid=7920, tid=1811
#
# JRE version: Java(TM) SE Runtime Environment (8.0_51-b16) (build 1.8.0_51-b16)
# Java VM: Java HotSpot(TM) 64-Bit Server VM (25.51-b03 mixed mode bsd-amd64 compressed oops)
# Problematic frame:
# C  [libobjc.A.dylib+0x10e9]  objc_msgSend+0x29
#
# Failed to write core dump. Core dumps have been disabled. To enable core dumping, try "ulimit -c unlimited" before starting Java again
#
# If you would like to submit a bug report, please visit:
#   http://bugreport.java.com/bugreport/crash.jsp
# The crash happened outside the Java Virtual Machine in native code.
# See problematic frame for where to report the bug.
#

---------------  T H R E A D  ---------------

Current thread (0x00007fc8530e0800):  JavaThread "AppKit Thread" daemon [_thread_in_native, id=1811, stack(0x00007fff50cf4000,0x00007fff514f4000)]

siginfo: si_signo: 11 (SIGSEGV), si_code: 1 (SEGV_MAPERR), si_addr: 0x00000128000004c0

Registers:
RAX=0x00007fc852d5fa80, RBX=0x00007fff514efa38, RCX=0x0000000000000000, RDX=0x00007fc852df4ec0
RSP=0x00007fff514ef858, RBP=0x00007fff514ef860, RSI=0x00007fff8988141e, RDI=0x00007fc852d5fa80
R8 =0x00007fff514ef840, R9 =0x0000000000000064, R10=0x00000128000004c0, R11=0x000000011052fdd0
R12=0x00007fc852c1c710, R13=0x00000000000f4301, R14=0x00007fc852da3b90, R15=0x00007fff514ef998
RIP=0x00007fff85b360e9, EFLAGS=0x0000000000010206, ERR=0x0000000000000004
  TRAPNO=0x000000000000000e

Top of Stack: (sp=0x00007fff514ef858)
0x00007fff514ef858:   00007fff8cfbf45c 00007fff514efbc0
0x00007fff514ef868:   00007fff8ceaf634 00007fff514ef8ec
0x00007fff514ef878:   00007fff514ef8f0 00007fff514ef8f4
0x00007fff514ef888:   00007fff76817e00 ffffffffffffffff
0x00007fff514ef898:   0000000000000960 00007fff76817e18
0x00007fff514ef8a8:   00007fc852da3b90 0000000000000000
0x00007fff514ef8b8:   00007fff514ef990 0000000000000000
0x00007fff514ef8c8:   00007fc852d0f9d0 00007fff514efa10
0x00007fff514ef8d8:   0000000000000064 00000000000f4303
0x00007fff514ef8e8:   00007fc852df4ec0 00007fc852d0f400
0x00007fff514ef8f8:   00007fc852c1c710 0000000000000001
0x00007fff514ef908:   00000000000f4301 00007fc852c1c700
0x00007fff514ef918:   00007fff8f482c05 0000000152da6f90
0x00007fff514ef928:   00007fff773290d0 0000000042000000
0x00007fff514ef938:   00007fff8f489e63 00007fff767e2240
0x00007fff514ef948:   00007fff514efa18 00007fff514ef970
0x00007fff514ef958:   00007fff514ef990 0000000000000000
0x00007fff514ef968:   000000000000001d 00016c0300000001
0x00007fff514ef978:   00007fc852c1c734 0000000000000000
0x00007fff514ef988:   0000000000000000 00007fc852d0fa50
0x00007fff514ef998:   00007fc852da3b90 0000002000000000
0x00007fff514ef9a8:   0000000000000000 00007fff773290d0
0x00007fff514ef9b8:   0000000042000000 00007fff8f4894f8
0x00007fff514ef9c8:   00007fff767e2350 00007fff514ef928
0x00007fff514ef9d8:   0000000000000000 00007fff514efaa8
0x00007fff514ef9e8:   00007fff75767ea0 00007fff514efae0
0x00007fff514ef9f8:   00007fff8d568770 00007fff514efa90
0x00007fff514efa08:   00007fff88fb54ed 0000000000000051
0x00007fff514efa18:   0000000000000000 00000000000f42e2
0x00007fff514efa28:   0000000000000053 0000000000000000
0x00007fff514efa38:   00000000000f4301 00007fff514efab4
0x00007fff514efa48:   000000000040dd01 00000000ffffffff 

Instructions: (pc=0x00007fff85b360e9)
0x00007fff85b360c9:   01 2e 75 7e 49 bb f8 ff ff ff ff 7f 00 00 4c 23
0x00007fff85b360d9:   1f 49 89 f2 45 23 53 18 49 c1 e2 04 4d 03 53 10
0x00007fff85b360e9:   49 3b 32 75 04 41 ff 62 08 49 83 3a 00 74 6a 4d
0x00007fff85b360f9:   3b 53 10 74 0d 49 83 ea 10 49 3b 32 75 eb 41 ff 

Register to memory mapping:

RAX=0x00007fc852d5fa80 is an unknown value
RBX=0x00007fff514efa38 is pointing into the stack for thread: 0x00007fc8530e0800
RCX=0x0000000000000000 is an unknown value
RDX=0x00007fc852df4ec0 is an unknown value
RSP=0x00007fff514ef858 is pointing into the stack for thread: 0x00007fc8530e0800
RBP=0x00007fff514ef860 is pointing into the stack for thread: 0x00007fc8530e0800
RSI=0x00007fff8988141e: -[NSTitlebarContainerView transparent]+0x5e312 in /System/Library/Frameworks/AppKit.framework/Versions/C/AppKit at 0x00007fff88e80000
RDI=0x00007fc852d5fa80 is an unknown value
R8 =0x00007fff514ef840 is pointing into the stack for thread: 0x00007fc8530e0800
R9 =0x0000000000000064 is an unknown value
R10=0x00000128000004c0 is an unknown value
R11=0x000000011052fdd0 is at entry_point+-368 in (nmethod*)0x000000011052fdd0
R12=0x00007fc852c1c710 is an unknown value
R13=0x00000000000f4301 is an unknown value
R14=0x00007fc852da3b90 is an unknown value
R15=0x00007fff514ef998 is pointing into the stack for thread: 0x00007fc8530e0800


Stack: [0x00007fff50cf4000,0x00007fff514f4000],  sp=0x00007fff514ef858,  free space=8174k
Native frames: (J=compiled Java code, j=interpreted, Vv=VM code, C=native code)
C  [libobjc.A.dylib+0x10e9]  objc_msgSend+0x29
C  [CoreFoundation+0x10634]  _CFXNotificationPost+0xc44
C  [Foundation+0x7aa1]  -[NSNotificationCenter postNotificationName:object:userInfo:]+0x42
C  [AppKit+0x439c2]  -[NSSurface _disposeSurface]+0x98
C  [AppKit+0x43426]  -[NSSurface setWindow:]+0x42
C  [AppKit+0x33910]  -[NSView _setWindow:]+0xa33
C  [AppKit+0x6af91]  -[NSView removeFromSuperview]+0x1c5
C  [AppKit+0x14bd99]  -[NSView removeFromSuperviewWithoutNeedingDisplay]+0x26
C  [liblwjgl.dylib+0xa205]  +[MacOSXKeyableWindow destroyWindow]+0xb5
C  [Foundation+0x92dd0]  __NSThreadPerformPerform+0x125
C  [CoreFoundation+0x80a01]  __CFRUNLOOP_IS_CALLING_OUT_TO_A_SOURCE0_PERFORM_FUNCTION__+0x11
C  [CoreFoundation+0x72b8d]  __CFRunLoopDoSources0+0x10d
C  [CoreFoundation+0x721bf]  __CFRunLoopRun+0x39f
C  [CoreFoundation+0x71bd8]  CFRunLoopRunSpecific+0x128
C  [HIToolbox+0x3256f]  RunCurrentEventLoopInMode+0xeb
C  [HIToolbox+0x322ea]  ReceiveNextEventCommon+0x1af
C  [HIToolbox+0x3212b]  _BlockUntilNextEventMatchingListInModeWithFilter+0x47
C  [AppKit+0x918ab]  _DPSNextEvent+0x3d2
C  [AppKit+0x90e58]  -[NSApplication nextEventMatchingMask:untilDate:inMode:dequeue:]+0x15a
C  [libosxapp.dylib+0x242a]  -[NSApplicationAWT nextEventMatchingMask:untilDate:inMode:dequeue:]+0x7c
C  [AppKit+0x86af3]  -[NSApplication run]+0x252
C  [libosxapp.dylib+0x223e]  +[NSApplicationAWT runAWTLoopWithApp:]+0x9c
C  [libawt_lwawt.dylib+0x4454b]  -[AWTStarter starter:]+0x389
C  [Foundation+0x92dd0]  __NSThreadPerformPerform+0x125
C  [CoreFoundation+0x80a01]  __CFRUNLOOP_IS_CALLING_OUT_TO_A_SOURCE0_PERFORM_FUNCTION__+0x11
C  [CoreFoundation+0x72b8d]  __CFRunLoopDoSources0+0x10d
C  [CoreFoundation+0x721bf]  __CFRunLoopRun+0x39f
C  [CoreFoundation+0x71bd8]  CFRunLoopRunSpecific+0x128
C  [java+0x6463]  CreateExecutionEnvironment+0x367
C  [java+0x21ac]  JLI_Launch+0x7a0
C  [java+0x84c0]  main+0x65
C  [java+0x1a04]  start+0x34
C  0x0000000000000006


---------------  P R O C E S S  ---------------

Java Threads: ( => current thread )
  0x00007fc85410c000 JavaThread "AWT-Shutdown" [_thread_blocked, id=27927, stack(0x00000001299dc000,0x0000000129adc000)]
  0x00007fc854079800 JavaThread "Java2D Queue Flusher" daemon [_thread_blocked, id=54279, stack(0x000000012e188000,0x000000012e288000)]
  0x00007fc8539dd000 JavaThread "Java2D Disposer" daemon [_thread_blocked, id=50207, stack(0x000000012df18000,0x000000012e018000)]
=>0x00007fc8530e0800 JavaThread "AppKit Thread" daemon [_thread_in_native, id=1811, stack(0x00007fff50cf4000,0x00007fff514f4000)]
  0x00007fc854801000 JavaThread "Service Thread" daemon [_thread_blocked, id=18179, stack(0x0000000127e87000,0x0000000127f87000)]
  0x00007fc85304e800 JavaThread "C1 CompilerThread2" daemon [_thread_blocked, id=17667, stack(0x0000000127d84000,0x0000000127e84000)]
  0x00007fc85304d800 JavaThread "C2 CompilerThread1" daemon [_thread_blocked, id=17155, stack(0x0000000127c81000,0x0000000127d81000)]
  0x00007fc85304c000 JavaThread "C2 CompilerThread0" daemon [_thread_blocked, id=16643, stack(0x0000000127b7e000,0x0000000127c7e000)]
  0x00007fc853039000 JavaThread "Signal Dispatcher" daemon [_thread_blocked, id=12567, stack(0x0000000127a7b000,0x0000000127b7b000)]
  0x00007fc85380c800 JavaThread "Finalizer" daemon [_thread_blocked, id=11523, stack(0x000000012606f000,0x000000012616f000)]
  0x00007fc85380c000 JavaThread "Reference Handler" daemon [_thread_blocked, id=11011, stack(0x0000000125f6c000,0x000000012606c000)]
  0x00007fc854003800 JavaThread "main" [_thread_in_native, id=4867, stack(0x000000010e823000,0x000000010e923000)]

Other Threads:
  0x00007fc853809800 VMThread [stack: 0x0000000125e69000,0x0000000125f69000] [id=10499]
  0x00007fc85303c800 WatcherThread [stack: 0x0000000127f8a000,0x000000012808a000] [id=18691]

VM state:not at safepoint (normal execution)

VM Mutex/Monitor currently owned by a thread: None

Heap:
 PSYoungGen      total 38400K, used 23355K [0x0000000795580000, 0x0000000798000000, 0x00000007c0000000)
  eden space 33280K, 70% used [0x0000000795580000,0x0000000796c4ec28,0x0000000797600000)
  from space 5120K, 0% used [0x0000000797b00000,0x0000000797b00000,0x0000000798000000)
  to   space 5120K, 0% used [0x0000000797600000,0x0000000797600000,0x0000000797b00000)
 ParOldGen       total 87552K, used 0K [0x0000000740000000, 0x0000000745580000, 0x0000000795580000)
  object space 87552K, 0% used [0x0000000740000000,0x0000000740000000,0x0000000745580000)
 Metaspace       used 10793K, capacity 10973K, committed 11264K, reserved 1058816K
  class space    used 1149K, capacity 1213K, committed 1280K, reserved 1048576K

Card table byte_map: [0x000000011f529000,0x000000011f92a000] byte_map_base: 0x000000011bb29000

Marking Bits: (ParMarkBitMap*) 0x000000010fac27a0
 Begin Bits: [0x000000011ffe1000, 0x0000000121fe1000)
 End Bits:   [0x0000000121fe1000, 0x0000000123fe1000)

Polling page: 0x000000010e968000

CodeCache: size=245760Kb used=3869Kb max_used=3875Kb free=241890Kb
 bounds [0x0000000110169000, 0x0000000110539000, 0x000000011f169000]
 total_blobs=1514 nmethods=994 adapters=434
 compilation: enabled

Compilation events (10 events):
Event: 5.374 Thread 0x00007fc85304c000  989       4       World::terrainBlocks (100 bytes)
Event: 5.386 Thread 0x00007fc85304c000 nmethod 989 0x0000000110534290 code [0x00000001105344a0, 0x0000000110534cd8]
Event: 5.558 Thread 0x00007fc85304e800  990       1       org.newdawn.slick.BasicGame::inputStarted (1 bytes)
Event: 5.558 Thread 0x00007fc85304e800 nmethod 990 0x0000000110530590 code [0x00000001105306e0, 0x00000001105307f0]
Event: 5.887 Thread 0x00007fc85304e800  991       1       org.newdawn.slick.BasicGame::inputEnded (1 bytes)
Event: 5.887 Thread 0x00007fc85304e800 nmethod 991 0x00000001105302d0 code [0x0000000110530420, 0x0000000110530530]
Event: 5.936 Thread 0x00007fc85304e800  992       3       java.util.Date::getTimeImpl (27 bytes)
Event: 5.937 Thread 0x00007fc85304e800 nmethod 992 0x000000011052fdd0 code [0x000000011052ff40, 0x00000001105301e8]
Event: 5.939 Thread 0x00007fc85304e800  996       3       java.lang.ref.WeakReference::<init> (7 bytes)
Event: 5.940 Thread 0x00007fc85304e800 nmethod 996 0x000000011052e050 code [0x000000011052e1c0, 0x000000011052e470]

GC Heap History (0 events):
No events

Deoptimization events (9 events):
Event: 0.389 Thread 0x00007fc8530e0800 Uncommon trap: reason=unstable_if action=reinterpret pc=0x00000001102aefc0 method=java.lang.String.indexOf(II)I @ 49
Event: 1.253 Thread 0x00007fc854003800 Uncommon trap: reason=unstable_if action=reinterpret pc=0x00000001103aa4f0 method=java.lang.String.regionMatches(ZILjava/lang/String;II)Z @ 123
Event: 1.301 Thread 0x00007fc854003800 Uncommon trap: reason=unstable_if action=reinterpret pc=0x0000000110313604 method=java.lang.String.indexOf([CII[CIII)I @ 3
Event: 1.305 Thread 0x00007fc854003800 Uncommon trap: reason=class_check action=maybe_recompile pc=0x0000000110372244 method=java.util.HashMap.putVal(ILjava/lang/Object;Ljava/lang/Object;ZZ)Ljava/lang/Object; @ 253
Event: 1.305 Thread 0x00007fc854003800 Uncommon trap: reason=class_check action=maybe_recompile pc=0x0000000110372244 method=java.util.HashMap.putVal(ILjava/lang/Object;Ljava/lang/Object;ZZ)Ljava/lang/Object; @ 253
Event: 1.305 Thread 0x00007fc854003800 Uncommon trap: reason=class_check action=maybe_recompile pc=0x0000000110372244 method=java.util.HashMap.putVal(ILjava/lang/Object;Ljava/lang/Object;ZZ)Ljava/lang/Object; @ 253
Event: 1.305 Thread 0x00007fc854003800 Uncommon trap: reason=class_check action=maybe_recompile pc=0x0000000110372244 method=java.util.HashMap.putVal(ILjava/lang/Object;Ljava/lang/Object;ZZ)Ljava/lang/Object; @ 253
Event: 1.440 Thread 0x00007fc854003800 Uncommon trap: reason=unstable_if action=reinterpret pc=0x0000000110418898 method=java.awt.image.ComponentColorModel.extractComponent(Ljava/lang/Object;II)I @ 497
Event: 1.487 Thread 0x00007fc854003800 Uncommon trap: reason=unstable_if action=reinterpret pc=0x00000001104194ec method=sun.awt.image.ByteInterleavedRaster.getDataElements(IILjava/lang/Object;)Ljava/lang/Object; @ 43

Internal exceptions (10 events):
Event: 0.046 Thread 0x00007fc854003800 Exception <a 'java/lang/NoSuchMethodError': Method sun.misc.Unsafe.prefetchRead(Ljava/lang/Object;J)V name or signature does not match> (0x0000000795592ea0) thrown at [/Users/java_re/workspace/8-2-build-macosx-x86_64/jdk8u51/3951/hotspot/src/share/vm/prim
Event: 0.163 Thread 0x00007fc854003800 Exception <a 'java/security/PrivilegedActionException'> (0x000000079587d1e0) thrown at [/Users/java_re/workspace/8-2-build-macosx-x86_64/jdk8u51/3951/hotspot/src/share/vm/prims/jvm.cpp, line 1382]
Event: 0.163 Thread 0x00007fc854003800 Exception <a 'java/security/PrivilegedActionException'> (0x000000079587d398) thrown at [/Users/java_re/workspace/8-2-build-macosx-x86_64/jdk8u51/3951/hotspot/src/share/vm/prims/jvm.cpp, line 1382]
Event: 0.163 Thread 0x00007fc854003800 Exception <a 'java/security/PrivilegedActionException'> (0x0000000795880718) thrown at [/Users/java_re/workspace/8-2-build-macosx-x86_64/jdk8u51/3951/hotspot/src/share/vm/prims/jvm.cpp, line 1382]
Event: 0.163 Thread 0x00007fc854003800 Exception <a 'java/security/PrivilegedActionException'> (0x00000007958808d0) thrown at [/Users/java_re/workspace/8-2-build-macosx-x86_64/jdk8u51/3951/hotspot/src/share/vm/prims/jvm.cpp, line 1382]
Event: 0.360 Thread 0x00007fc854003800 Exception <a 'java/io/FileNotFoundException'> (0x00000007958847a0) thrown at [/Users/java_re/workspace/8-2-build-macosx-x86_64/jdk8u51/3951/hotspot/src/share/vm/prims/jni.cpp, line 709]
Event: 0.360 Thread 0x00007fc854003800 Exception <a 'java/io/FileNotFoundException'> (0x00000007958852e0) thrown at [/Users/java_re/workspace/8-2-build-macosx-x86_64/jdk8u51/3951/hotspot/src/share/vm/prims/jni.cpp, line 709]
Event: 0.434 Thread 0x00007fc8530e0800 Exception <a 'java/lang/NoSuchFieldError': method resolution failed> (0x0000000795a38450) thrown at [/Users/java_re/workspace/8-2-build-macosx-x86_64/jdk8u51/3951/hotspot/src/share/vm/prims/methodHandles.cpp, line 1125]
Event: 0.437 Thread 0x00007fc8530e0800 Exception <a 'java/lang/NoSuchFieldError': method resolution failed> (0x0000000795a46af0) thrown at [/Users/java_re/workspace/8-2-build-macosx-x86_64/jdk8u51/3951/hotspot/src/share/vm/prims/methodHandles.cpp, line 1125]
Event: 1.487 Thread 0x00007fc854003800 Implicit null exception at 0x00000001104192a4 to 0x00000001104194d1

Events (10 events):
Event: 5.268 loading class java/util/IdentityHashMap$IdentityHashMapIterator done
Event: 5.268 loading class java/util/IdentityHashMap$ValueIterator done
Event: 5.268 loading class sun/awt/AppContext$PostShutdownEventRunnable
Event: 5.268 loading class sun/awt/AppContext$PostShutdownEventRunnable done
Event: 5.268 loading class sun/awt/AWTAutoShutdown$1
Event: 5.268 loading class sun/awt/AWTAutoShutdown$1 done
Event: 5.268 Thread 0x00007fc8530e2000 Thread exited: 0x00007fc8530e2000
Event: 5.307 Thread 0x00007fc85410c000 Thread added: 0x00007fc85410c000
Event: 5.936 loading class org/lwjgl/opengl/CallbackUtil
Event: 5.936 loading class org/lwjgl/opengl/CallbackUtil done


Dynamic libraries:
0x0000000005022000 	/System/Library/Frameworks/Cocoa.framework/Versions/A/Cocoa
0x0000000005022000 	/System/Library/Frameworks/Security.framework/Versions/A/Security
0x0000000005022000 	/System/Library/Frameworks/ApplicationServices.framework/Versions/A/ApplicationServices
0x0000000005022000 	/usr/lib/libz.1.dylib
0x0000000005022000 	/usr/lib/libSystem.B.dylib
0x0000000005022000 	/usr/lib/libobjc.A.dylib
0x0000000005022000 	/System/Library/Frameworks/CoreFoundation.framework/Versions/A/CoreFoundation
0x0000000005022000 	/System/Library/Frameworks/Foundation.framework/Versions/C/Foundation
0x0000000005022000 	/System/Library/Frameworks/AppKit.framework/Versions/C/AppKit
0x0000000005022000 	/System/Library/Frameworks/CoreData.framework/Versions/A/CoreData
0x0000000005022000 	/System/Library/PrivateFrameworks/RemoteViewServices.framework/Versions/A/RemoteViewServices
0x0000000005022000 	/System/Library/PrivateFrameworks/UIFoundation.framework/Versions/A/UIFoundation
0x0000000005022000 	/System/Library/Frameworks/IOSurface.framework/Versions/A/IOSurface
0x0000000005022000 	/System/Library/Frameworks/AudioToolbox.framework/Versions/A/AudioToolbox
0x0000000005022000 	/System/Library/Frameworks/AudioUnit.framework/Versions/A/AudioUnit
0x0000000005022000 	/System/Library/PrivateFrameworks/DataDetectorsCore.framework/Versions/A/DataDetectorsCore
0x0000000005022000 	/System/Library/PrivateFrameworks/DesktopServicesPriv.framework/Versions/A/DesktopServicesPriv
0x0000000005022000 	/System/Library/Frameworks/Carbon.framework/Versions/A/Frameworks/HIToolbox.framework/Versions/A/HIToolbox
0x0000000005022000 	/System/Library/Frameworks/QuartzCore.framework/Versions/A/QuartzCore
0x0000000005022000 	/System/Library/Frameworks/Carbon.framework/Versions/A/Frameworks/SpeechRecognition.framework/Versions/A/SpeechRecognition
0x0000000005022000 	/usr/lib/libauto.dylib
0x0000000005022000 	/usr/lib/libicucore.A.dylib
0x0000000005022000 	/usr/lib/libxml2.2.dylib
0x0000000005022000 	/System/Library/PrivateFrameworks/CoreUI.framework/Versions/A/CoreUI
0x0000000005022000 	/System/Library/Frameworks/CoreAudio.framework/Versions/A/CoreAudio
0x0000000005022000 	/System/Library/Frameworks/DiskArbitration.framework/Versions/A/DiskArbitration
0x0000000005022000 	/usr/lib/liblangid.dylib
0x0000000005022000 	/System/Library/PrivateFrameworks/MultitouchSupport.framework/Versions/A/MultitouchSupport
0x0000000005022000 	/System/Library/Frameworks/IOKit.framework/Versions/A/IOKit
0x0000000005022000 	/usr/lib/libDiagnosticMessagesClient.dylib
0x0000000005022000 	/System/Library/Frameworks/CoreServices.framework/Versions/A/CoreServices
0x0000000005022000 	/System/Library/PrivateFrameworks/PerformanceAnalysis.framework/Versions/A/PerformanceAnalysis
0x0000000005022000 	/System/Library/PrivateFrameworks/GenerationalStorage.framework/Versions/A/GenerationalStorage
0x0000000005022000 	/System/Library/Frameworks/OpenGL.framework/Versions/A/OpenGL
0x0000000005022000 	/System/Library/PrivateFrameworks/Sharing.framework/Versions/A/Sharing
0x0000000005022000 	/System/Library/Frameworks/CoreGraphics.framework/Versions/A/CoreGraphics
0x0000000005022000 	/System/Library/Frameworks/CoreText.framework/Versions/A/CoreText
0x0000000005022000 	/System/Library/Frameworks/ImageIO.framework/Versions/A/ImageIO
0x0000000005022000 	/usr/lib/libextension.dylib
0x0000000005022000 	/System/Library/PrivateFrameworks/Backup.framework/Versions/A/Backup
0x0000000005022000 	/usr/lib/libarchive.2.dylib
0x0000000005022000 	/System/Library/Frameworks/CFNetwork.framework/Versions/A/CFNetwork
0x0000000005022000 	/System/Library/Frameworks/SystemConfiguration.framework/Versions/A/SystemConfiguration
0x0000000005022000 	/usr/lib/libCRFSuite.dylib
0x0000000005022000 	/usr/lib/libc++.1.dylib
0x0000000005022000 	/usr/lib/libc++abi.dylib
0x0000000005022000 	/usr/lib/system/libcache.dylib
0x0000000005022000 	/usr/lib/system/libcommonCrypto.dylib
0x0000000005022000 	/usr/lib/system/libcompiler_rt.dylib
0x0000000005022000 	/usr/lib/system/libcopyfile.dylib
0x0000000005022000 	/usr/lib/system/libcorecrypto.dylib
0x0000000005022000 	/usr/lib/system/libdispatch.dylib
0x0000000005022000 	/usr/lib/system/libdyld.dylib
0x0000000005022000 	/usr/lib/system/libkeymgr.dylib
0x0000000005022000 	/usr/lib/system/liblaunch.dylib
0x0000000005022000 	/usr/lib/system/libmacho.dylib
0x0000000005022000 	/usr/lib/system/libquarantine.dylib
0x0000000005022000 	/usr/lib/system/libremovefile.dylib
0x0000000005022000 	/usr/lib/system/libsystem_asl.dylib
0x0000000005022000 	/usr/lib/system/libsystem_blocks.dylib
0x0000000005022000 	/usr/lib/system/libsystem_c.dylib
0x0000000005022000 	/usr/lib/system/libsystem_configuration.dylib
0x0000000005022000 	/usr/lib/system/libsystem_coreservices.dylib
0x0000000005022000 	/usr/lib/system/libsystem_coretls.dylib
0x0000000005022000 	/usr/lib/system/libsystem_dnssd.dylib
0x0000000005022000 	/usr/lib/system/libsystem_info.dylib
0x0000000005022000 	/usr/lib/system/libsystem_kernel.dylib
0x0000000005022000 	/usr/lib/system/libsystem_m.dylib
0x0000000005022000 	/usr/lib/system/libsystem_malloc.dylib
0x0000000005022000 	/usr/lib/system/libsystem_network.dylib
0x0000000005022000 	/usr/lib/system/libsystem_networkextension.dylib
0x0000000005022000 	/usr/lib/system/libsystem_notify.dylib
0x0000000005022000 	/usr/lib/system/libsystem_platform.dylib
0x0000000005022000 	/usr/lib/system/libsystem_pthread.dylib
0x0000000005022000 	/usr/lib/system/libsystem_sandbox.dylib
0x0000000005022000 	/usr/lib/system/libsystem_secinit.dylib
0x0000000005022000 	/usr/lib/system/libsystem_stats.dylib
0x0000000005022000 	/usr/lib/system/libsystem_trace.dylib
0x0000000005022000 	/usr/lib/system/libunc.dylib
0x0000000005022000 	/usr/lib/system/libunwind.dylib
0x0000000005022000 	/usr/lib/system/libxpc.dylib
0x0000000005022000 	/usr/lib/libbz2.1.0.dylib
0x0000000005022000 	/usr/lib/liblzma.5.dylib
0x0000000005022000 	/usr/lib/libbsm.0.dylib
0x0000000005022000 	/usr/lib/libsqlite3.dylib
0x0000000005022000 	/usr/lib/system/libkxld.dylib
0x0000000005022000 	/usr/lib/libxar.1.dylib
0x0000000005022000 	/usr/lib/libpam.2.dylib
0x0000000005022000 	/usr/lib/libOpenScriptingUtil.dylib
0x0000000005022000 	/System/Library/Frameworks/CoreServices.framework/Versions/A/Frameworks/FSEvents.framework/Versions/A/FSEvents
0x0000000005022000 	/System/Library/Frameworks/CoreServices.framework/Versions/A/Frameworks/CarbonCore.framework/Versions/A/CarbonCore
0x0000000005022000 	/System/Library/Frameworks/CoreServices.framework/Versions/A/Frameworks/Metadata.framework/Versions/A/Metadata
0x0000000005022000 	/System/Library/Frameworks/CoreServices.framework/Versions/A/Frameworks/OSServices.framework/Versions/A/OSServices
0x0000000005022000 	/System/Library/Frameworks/CoreServices.framework/Versions/A/Frameworks/SearchKit.framework/Versions/A/SearchKit
0x0000000005022000 	/System/Library/Frameworks/CoreServices.framework/Versions/A/Frameworks/AE.framework/Versions/A/AE
0x0000000005022000 	/System/Library/Frameworks/CoreServices.framework/Versions/A/Frameworks/LaunchServices.framework/Versions/A/LaunchServices
0x0000000005022000 	/System/Library/Frameworks/CoreServices.framework/Versions/A/Frameworks/DictionaryServices.framework/Versions/A/DictionaryServices
0x0000000005022000 	/System/Library/Frameworks/NetFS.framework/Versions/A/NetFS
0x0000000005022000 	/System/Library/PrivateFrameworks/NetAuth.framework/Versions/A/NetAuth
0x0000000005022000 	/System/Library/PrivateFrameworks/login.framework/Versions/A/Frameworks/loginsupport.framework/Versions/A/loginsupport
0x0000000005022000 	/System/Library/PrivateFrameworks/TCC.framework/Versions/A/TCC
0x0000000005022000 	/usr/lib/libmecabra.dylib
0x0000000005022000 	/System/Library/Frameworks/ApplicationServices.framework/Versions/A/Frameworks/ATS.framework/Versions/A/ATS
0x0000000005022000 	/System/Library/Frameworks/ApplicationServices.framework/Versions/A/Frameworks/ColorSync.framework/Versions/A/ColorSync
0x0000000005022000 	/System/Library/Frameworks/ApplicationServices.framework/Versions/A/Frameworks/HIServices.framework/Versions/A/HIServices
0x0000000005022000 	/System/Library/Frameworks/ApplicationServices.framework/Versions/A/Frameworks/LangAnalysis.framework/Versions/A/LangAnalysis
0x0000000005022000 	/System/Library/Frameworks/ApplicationServices.framework/Versions/A/Frameworks/PrintCore.framework/Versions/A/PrintCore
0x0000000005022000 	/System/Library/Frameworks/ApplicationServices.framework/Versions/A/Frameworks/QD.framework/Versions/A/QD
0x0000000005022000 	/System/Library/Frameworks/ApplicationServices.framework/Versions/A/Frameworks/SpeechSynthesis.framework/Versions/A/SpeechSynthesis
0x0000000005022000 	/System/Library/Frameworks/Accelerate.framework/Versions/A/Accelerate
0x0000000005022000 	/System/Library/Frameworks/Accelerate.framework/Versions/A/Frameworks/vImage.framework/Versions/A/vImage
0x0000000005022000 	/System/Library/Frameworks/Accelerate.framework/Versions/A/Frameworks/vecLib.framework/Versions/A/vecLib
0x0000000005022000 	/System/Library/Frameworks/Accelerate.framework/Versions/A/Frameworks/vecLib.framework/Versions/A/libvDSP.dylib
0x0000000005022000 	/System/Library/Frameworks/Accelerate.framework/Versions/A/Frameworks/vecLib.framework/Versions/A/libvMisc.dylib
0x0000000005022000 	/System/Library/Frameworks/Accelerate.framework/Versions/A/Frameworks/vecLib.framework/Versions/A/libLAPACK.dylib
0x0000000005022000 	/System/Library/Frameworks/Accelerate.framework/Versions/A/Frameworks/vecLib.framework/Versions/A/libBLAS.dylib
0x0000000005022000 	/System/Library/Frameworks/Accelerate.framework/Versions/A/Frameworks/vecLib.framework/Versions/A/libLinearAlgebra.dylib
0x0000000005022000 	/System/Library/Frameworks/ApplicationServices.framework/Versions/A/Frameworks/ATS.framework/Versions/A/Resources/libFontParser.dylib
0x0000000005022000 	/System/Library/Frameworks/ApplicationServices.framework/Versions/A/Frameworks/ATS.framework/Versions/A/Resources/libFontRegistry.dylib
0x0000000005022000 	/System/Library/PrivateFrameworks/AppleVPA.framework/Versions/A/AppleVPA
0x0000000005022000 	/System/Library/PrivateFrameworks/AppleJPEG.framework/Versions/A/AppleJPEG
0x0000000005022000 	/System/Library/Frameworks/ImageIO.framework/Versions/A/Resources/libJPEG.dylib
0x0000000005022000 	/System/Library/Frameworks/ImageIO.framework/Versions/A/Resources/libTIFF.dylib
0x0000000005022000 	/System/Library/Frameworks/ImageIO.framework/Versions/A/Resources/libPng.dylib
0x0000000005022000 	/System/Library/Frameworks/ImageIO.framework/Versions/A/Resources/libGIF.dylib
0x0000000005022000 	/System/Library/Frameworks/ImageIO.framework/Versions/A/Resources/libJP2.dylib
0x0000000005022000 	/System/Library/Frameworks/ImageIO.framework/Versions/A/Resources/libRadiance.dylib
0x0000000005022000 	/System/Library/Frameworks/CoreVideo.framework/Versions/A/CoreVideo
0x0000000005022000 	/System/Library/Frameworks/OpenGL.framework/Versions/A/Libraries/libGLU.dylib
0x0000000005022000 	/System/Library/Frameworks/OpenGL.framework/Versions/A/Libraries/libGFXShared.dylib
0x0000000005022000 	/System/Library/Frameworks/OpenGL.framework/Versions/A/Libraries/libGL.dylib
0x0000000005022000 	/System/Library/Frameworks/OpenGL.framework/Versions/A/Libraries/libGLImage.dylib
0x0000000005022000 	/System/Library/Frameworks/OpenGL.framework/Versions/A/Libraries/libCVMSPluginSupport.dylib
0x0000000005022000 	/System/Library/Frameworks/OpenGL.framework/Versions/A/Libraries/libCoreVMClient.dylib
0x0000000005022000 	/usr/lib/libcups.2.dylib
0x0000000005022000 	/System/Library/Frameworks/Kerberos.framework/Versions/A/Kerberos
0x0000000005022000 	/System/Library/Frameworks/GSS.framework/Versions/A/GSS
0x0000000005022000 	/usr/lib/libresolv.9.dylib
0x0000000005022000 	/usr/lib/libiconv.2.dylib
0x0000000005022000 	/System/Library/PrivateFrameworks/Heimdal.framework/Versions/A/Heimdal
0x0000000005022000 	/usr/lib/libheimdal-asn1.dylib
0x0000000005022000 	/System/Library/Frameworks/OpenDirectory.framework/Versions/A/OpenDirectory
0x0000000005022000 	/System/Library/PrivateFrameworks/CommonAuth.framework/Versions/A/CommonAuth
0x0000000005022000 	/System/Library/Frameworks/OpenDirectory.framework/Versions/A/Frameworks/CFOpenDirectory.framework/Versions/A/CFOpenDirectory
0x0000000005022000 	/System/Library/Frameworks/SecurityFoundation.framework/Versions/A/SecurityFoundation
0x0000000005022000 	/System/Library/PrivateFrameworks/LanguageModeling.framework/Versions/A/LanguageModeling
0x0000000005022000 	/usr/lib/libcmph.dylib
0x0000000005022000 	/System/Library/Frameworks/ServiceManagement.framework/Versions/A/ServiceManagement
0x0000000005022000 	/usr/lib/libxslt.1.dylib
0x0000000005022000 	/System/Library/Frameworks/Carbon.framework/Versions/A/Frameworks/Ink.framework/Versions/A/Ink
0x0000000005022000 	/System/Library/Frameworks/QuartzCore.framework/Versions/A/Frameworks/CoreImage.framework/Versions/A/CoreImage
0x0000000005022000 	/System/Library/PrivateFrameworks/CrashReporterSupport.framework/Versions/A/CrashReporterSupport
0x0000000005022000 	/System/Library/Frameworks/OpenCL.framework/Versions/A/OpenCL
0x0000000005022000 	/System/Library/PrivateFrameworks/FaceCore.framework/Versions/A/FaceCore
0x0000000005022000 	/System/Library/PrivateFrameworks/Ubiquity.framework/Versions/A/Ubiquity
0x0000000005022000 	/System/Library/PrivateFrameworks/IconServices.framework/Versions/A/IconServices
0x0000000005022000 	/System/Library/PrivateFrameworks/ChunkingLibrary.framework/Versions/A/ChunkingLibrary
0x0000000005022000 	/System/Library/PrivateFrameworks/Apple80211.framework/Versions/A/Apple80211
0x0000000005022000 	/System/Library/Frameworks/CoreWLAN.framework/Versions/A/CoreWLAN
0x0000000005022000 	/System/Library/Frameworks/IOBluetooth.framework/Versions/A/IOBluetooth
0x0000000005022000 	/System/Library/PrivateFrameworks/CoreWiFi.framework/Versions/A/CoreWiFi
0x0000000005022000 	/System/Library/Frameworks/CoreBluetooth.framework/Versions/A/CoreBluetooth
0x0000000005022000 	/System/Library/PrivateFrameworks/DebugSymbols.framework/Versions/A/DebugSymbols
0x0000000005022000 	/System/Library/PrivateFrameworks/CoreSymbolication.framework/Versions/A/CoreSymbolication
0x0000000005022000 	/System/Library/PrivateFrameworks/Symbolication.framework/Versions/A/Symbolication
0x0000000005022000 	/System/Library/PrivateFrameworks/SpeechRecognitionCore.framework/Versions/A/SpeechRecognitionCore
0x000000010f200000 	/Library/Java/JavaVirtualMachines/jdk1.8.0_51.jdk/Contents/Home/jre/lib/server/libjvm.dylib
0x0000000005022000 	/usr/lib/libstdc++.6.dylib
0x000000010e925000 	/Library/Java/JavaVirtualMachines/jdk1.8.0_51.jdk/Contents/Home/jre/lib/libverify.dylib
0x000000010e933000 	/Library/Java/JavaVirtualMachines/jdk1.8.0_51.jdk/Contents/Home/jre/lib/libjava.dylib
0x000000010e972000 	/Library/Java/JavaVirtualMachines/jdk1.8.0_51.jdk/Contents/Home/jre/lib/libzip.dylib
0x0000000126171000 	/System/Library/Frameworks/JavaVM.framework/Frameworks/JavaRuntimeSupport.framework/JavaRuntimeSupport
0x000000010e9ec000 	/System/Library/Frameworks/JavaVM.framework/Versions/A/Frameworks/JavaNativeFoundation.framework/Versions/A/JavaNativeFoundation
0x0000000126187000 	/System/Library/Frameworks/JavaVM.framework/Versions/A/JavaVM
0x0000000005022000 	/System/Library/Frameworks/Carbon.framework/Versions/A/Carbon
0x0000000126193000 	/System/Library/PrivateFrameworks/JavaLaunching.framework/Versions/A/JavaLaunching
0x0000000005022000 	/System/Library/Frameworks/Carbon.framework/Versions/A/Frameworks/CommonPanels.framework/Versions/A/CommonPanels
0x0000000005022000 	/System/Library/Frameworks/Carbon.framework/Versions/A/Frameworks/Help.framework/Versions/A/Help
0x0000000005022000 	/System/Library/Frameworks/Carbon.framework/Versions/A/Frameworks/ImageCapture.framework/Versions/A/ImageCapture
0x0000000005022000 	/System/Library/Frameworks/Carbon.framework/Versions/A/Frameworks/OpenScripting.framework/Versions/A/OpenScripting
0x0000000005022000 	/System/Library/Frameworks/Carbon.framework/Versions/A/Frameworks/Print.framework/Versions/A/Print
0x0000000005022000 	/System/Library/Frameworks/Carbon.framework/Versions/A/Frameworks/SecurityHI.framework/Versions/A/SecurityHI
0x00000001280ac000 	/Library/Java/JavaVirtualMachines/jdk1.8.0_51.jdk/Contents/Home/jre/lib/libawt.dylib
0x0000000128154000 	/Library/Java/JavaVirtualMachines/jdk1.8.0_51.jdk/Contents/Home/jre/lib/./libmlib_image.dylib
0x0000000128220000 	/Library/Java/JavaVirtualMachines/jdk1.8.0_51.jdk/Contents/Home/jre/lib/libawt_lwawt.dylib
0x00000001282d4000 	/Library/Java/JavaVirtualMachines/jdk1.8.0_51.jdk/Contents/Home/jre/lib/./libosxapp.dylib
0x0000000005022000 	/System/Library/Frameworks/ExceptionHandling.framework/Versions/A/ExceptionHandling
0x0000000005022000 	/System/Library/PrivateFrameworks/CoreServicesInternal.framework/Versions/A/CoreServicesInternal
0x0000000005022000 	/System/Library/PrivateFrameworks/CloudDocs.framework/Versions/A/CloudDocs
0x0000000005022000 	/System/Library/PrivateFrameworks/CoreDuet.framework/Versions/A/CoreDuet
0x0000000005022000 	/System/Library/Frameworks/CloudKit.framework/Versions/A/CloudKit
0x0000000005022000 	/System/Library/PrivateFrameworks/ProtocolBuffer.framework/Versions/A/ProtocolBuffer
0x0000000005022000 	/System/Library/PrivateFrameworks/CoreDuetDaemonProtocol.framework/Versions/A/CoreDuetDaemonProtocol
0x0000000005022000 	/System/Library/PrivateFrameworks/CoreDuetDebugLogging.framework/Versions/A/CoreDuetDebugLogging
0x0000000005022000 	/System/Library/PrivateFrameworks/MMCS.framework/Versions/A/MMCS
0x0000000005022000 	/System/Library/Frameworks/CoreLocation.framework/Versions/A/CoreLocation
0x0000000005022000 	/System/Library/PrivateFrameworks/ProtectedCloudStorage.framework/Versions/A/ProtectedCloudStorage
0x0000000005022000 	/System/Library/PrivateFrameworks/GeoServices.framework/Versions/A/GeoServices
0x0000000005022000 	/System/Library/Frameworks/CoreGraphics.framework/Versions/A/Resources/libCGCMS.A.dylib
0x0000000005022000 	/System/Library/Frameworks/CoreGraphics.framework/Versions/A/Resources/libRIP.A.dylib
0x0000000005022000 	/System/Library/Frameworks/CoreGraphics.framework/Versions/A/Resources/libCGXType.A.dylib
0x0000000005022000 	/System/Library/Frameworks/OpenCL.framework/Versions/A/Libraries/libcldcpuengine.dylib
0x0000000005022000 	/System/Library/PrivateFrameworks/DiskImages.framework/Versions/A/DiskImages
0x0000000005022000 	/System/Library/Frameworks/DiscRecording.framework/Versions/A/DiscRecording
0x0000000005022000 	/usr/lib/libcsfde.dylib
0x0000000005022000 	/usr/lib/libcurl.4.dylib
0x0000000005022000 	/System/Library/PrivateFrameworks/MediaKit.framework/Versions/A/MediaKit
0x0000000005022000 	/usr/lib/libCoreStorage.dylib
0x0000000005022000 	/System/Library/PrivateFrameworks/EFILogin.framework/Versions/A/EFILogin
0x0000000005022000 	/usr/lib/libutil.dylib
0x0000000005022000 	/System/Library/PrivateFrameworks/FindMyDevice.framework/Versions/A/FindMyDevice
0x0000000005022000 	/System/Library/Frameworks/LDAP.framework/Versions/A/LDAP
0x0000000005022000 	/usr/lib/libsasl2.2.dylib
0x0000000005022000 	/System/Library/PrivateFrameworks/CoreDaemon.framework/Versions/B/CoreDaemon
0x0000000005022000 	/usr/lib/libcrypto.0.9.8.dylib
0x0000000005022000 	/System/Library/PrivateFrameworks/AppleSRP.framework/Versions/A/AppleSRP
0x0000000005022000 	/System/Library/PrivateFrameworks/TrustEvaluationAgent.framework/Versions/A/TrustEvaluationAgent
0x000000012b51c000 	cl_kernels
0x000000012b51e000 	/System/Library/Frameworks/OpenCL.framework/Versions/A/Libraries/ImageFormats/unorm8_bgra.dylib
0x000000012b50e000 	cl_kernels
0x0000000005022000 	/System/Library/PrivateFrameworks/FamilyControls.framework/Versions/A/FamilyControls
0x0000000005022000 	/System/Library/PrivateFrameworks/CommerceKit.framework/Versions/A/Frameworks/CommerceCore.framework/Versions/A/CommerceCore
0x0000000005022000 	/System/Library/PrivateFrameworks/SystemAdministration.framework/Versions/A/SystemAdministration
0x0000000005022000 	/System/Library/PrivateFrameworks/AppContainer.framework/Versions/A/AppContainer
0x0000000005022000 	/System/Library/PrivateFrameworks/SecCodeWrapper.framework/Versions/A/SecCodeWrapper
0x0000000005022000 	/System/Library/Frameworks/DirectoryService.framework/Versions/A/DirectoryService
0x0000000005022000 	/System/Library/PrivateFrameworks/LoginUIKit.framework/Versions/A/Frameworks/LoginUICore.framework/Versions/A/LoginUICore
0x0000000005022000 	/usr/lib/libodfde.dylib
0x000000012c7a2000 	/Library/Java/JavaVirtualMachines/jdk1.8.0_51.jdk/Contents/Home/jre/lib/libfontmanager.dylib
0x000000012c809000 	/Users/IreneZhou/Desktop/unimelb/swen20003/assignment/project1/mulit_platform_slick_libraries/liblwjgl.dylib
0x000000012a988000 	/Library/Java/JavaVirtualMachines/jdk1.8.0_51.jdk/Contents/Home/jre/lib/libjawt.dylib
0x0000000005022000 	/System/Library/Frameworks/OpenGL.framework/Versions/A/Resources/GLEngine.bundle/GLEngine
0x0000000005022000 	/System/Library/Frameworks/OpenGL.framework/Versions/A/Libraries/libGLProgrammability.dylib
0x000000012c895000 	/System/Library/Extensions/AppleIntelBDWGraphicsGLDriver.bundle/Contents/MacOS/AppleIntelBDWGraphicsGLDriver
0x0000000005022000 	/System/Library/PrivateFrameworks/IOAccelerator.framework/Versions/A/IOAccelerator
0x0000000005022000 	/System/Library/PrivateFrameworks/GPUSupport.framework/Versions/A/Libraries/libGPUSupportMercury.dylib
0x0000000005022000 	/System/Library/Frameworks/OpenGL.framework/Versions/A/Resources/GLRendererFloat.bundle/GLRendererFloat
0x000000012dcb7000 	/Users/IreneZhou/Desktop/unimelb/swen20003/assignment/project1/mulit_platform_slick_libraries/libjinput-osx.dylib
0x000000012dcbc000 	/System/Library/Extensions/IOHIDFamily.kext/Contents/PlugIns/IOHIDLib.plugin/Contents/MacOS/IOHIDLib
0x000000012dcec000 	/Library/Java/JavaVirtualMachines/jdk1.8.0_51.jdk/Contents/Home/jre/lib/libnio.dylib
0x000000012dcfc000 	/Library/Java/JavaVirtualMachines/jdk1.8.0_51.jdk/Contents/Home/jre/lib/./libnet.dylib

VM Arguments:
jvm_args: -Djava.library.path=/Users/IreneZhou/Desktop/unimelb/swen20003/assignment/project1/mulit_platform_slick_libraries -Dfile.encoding=UTF-8 
java_command: RPG
java_class_path (initial): /Users/IreneZhou/Documents/workspace/myproject2/bin:/Users/IreneZhou/Documents/workspace/myproject2/lib/jinput.jar:/Users/IreneZhou/Documents/workspace/myproject2/lib/lwjgl.jar:/Users/IreneZhou/Documents/workspace/myproject2/lib/slick.jar
Launcher Type: SUN_STANDARD

Environment Variables:
PATH=/usr/bin:/bin:/usr/sbin:/sbin
SHELL=/bin/bash

Signal Handlers:
SIGSEGV: [libjvm.dylib+0x58ef35], sa_mask[0]=11111111011111110111111111111111, sa_flags=SA_ONSTACK|SA_RESTART|SA_SIGINFO
SIGBUS: [libjvm.dylib+0x58ef35], sa_mask[0]=11111111011111110111111111111111, sa_flags=SA_RESTART|SA_SIGINFO
SIGFPE: [libjvm.dylib+0x46c028], sa_mask[0]=11111111011111110111111111111111, sa_flags=SA_RESTART|SA_SIGINFO
SIGPIPE: [libjvm.dylib+0x46c028], sa_mask[0]=11111111011111110111111111111111, sa_flags=SA_RESTART|SA_SIGINFO
SIGXFSZ: [libjvm.dylib+0x46c028], sa_mask[0]=11111111011111110111111111111111, sa_flags=SA_RESTART|SA_SIGINFO
SIGILL: [libjvm.dylib+0x46c028], sa_mask[0]=11111111011111110111111111111111, sa_flags=SA_RESTART|SA_SIGINFO
SIGUSR1: SIG_DFL, sa_mask[0]=00000000000000000000000000000000, sa_flags=none
SIGUSR2: [libjvm.dylib+0x46bb46], sa_mask[0]=00100000000000000000000000000000, sa_flags=SA_RESTART|SA_SIGINFO
SIGHUP: [libjvm.dylib+0x46a119], sa_mask[0]=11111111011111110111111111111111, sa_flags=SA_RESTART|SA_SIGINFO
SIGINT: [libjvm.dylib+0x46a119], sa_mask[0]=11111111011111110111111111111111, sa_flags=SA_RESTART|SA_SIGINFO
SIGTERM: [libjvm.dylib+0x46a119], sa_mask[0]=11111111011111110111111111111111, sa_flags=SA_RESTART|SA_SIGINFO
SIGQUIT: [libjvm.dylib+0x46a119], sa_mask[0]=11111111011111110111111111111111, sa_flags=SA_RESTART|SA_SIGINFO


---------------  S Y S T E M  ---------------

OS:Bsduname:Darwin 14.5.0 Darwin Kernel Version 14.5.0: Thu Apr 21 20:40:54 PDT 2016; root:xnu-2782.50.3~1/RELEASE_X86_64 x86_64
rlimit: STACK 8192k, CORE 0k, NPROC 709, NOFILE 10240, AS infinity
load average:1.59 1.59 1.73

CPU:total 4 (2 cores per cpu, 2 threads per core) family 6 model 61 stepping 4, cmov, cx8, fxsr, mmx, sse, sse2, sse3, ssse3, sse4.1, sse4.2, popcnt, avx, avx2, aes, clmul, erms, 3dnowpref, lzcnt, ht, tsc, tscinvbit, bmi1, bmi2, adx

Memory: 4k page, physical 8388608k(323676k free)

/proc/meminfo:


vm_info: Java HotSpot(TM) 64-Bit Server VM (25.51-b03) for bsd-amd64 JRE (1.8.0_51-b16), built on Jun  8 2015 18:01:11 by "java_re" with gcc 4.2.1 (Based on Apple Inc. build 5658) (LLVM build 2336.11.00)

time: Tue Oct  4 21:57:14 2016
elapsed time: 5 seconds (0d 0h 0m 5s)

