#
# A fatal error has been detected by the Java Runtime Environment:
#
#  SIGSEGV (0xb) at pc=0x00007fff85b360dd, pid=15729, tid=1811
#
# JRE version: Java(TM) SE Runtime Environment (8.0_51-b16) (build 1.8.0_51-b16)
# Java VM: Java HotSpot(TM) 64-Bit Server VM (25.51-b03 mixed mode bsd-amd64 compressed oops)
# Problematic frame:
# C  [libobjc.A.dylib+0x10dd]  objc_msgSend+0x1d
#
# Failed to write core dump. Core dumps have been disabled. To enable core dumping, try "ulimit -c unlimited" before starting Java again
#
# If you would like to submit a bug report, please visit:
#   http://bugreport.java.com/bugreport/crash.jsp
# The crash happened outside the Java Virtual Machine in native code.
# See problematic frame for where to report the bug.
#

---------------  T H R E A D  ---------------

Current thread (0x00007fee940dd000):  JavaThread "AppKit Thread" daemon [_thread_in_native, id=1811, stack(0x00007fff59137000,0x00007fff59937000)]

siginfo: si_signo: 11 (SIGSEGV), si_code: 1 (SEGV_MAPERR), si_addr: 0x000007fee93e5ff0

Registers:
RAX=0x00007fee93e30710, RBX=0x00007fff59932a38, RCX=0x0000000000000000, RDX=0x00007fee93d35350
RSP=0x00007fff59932858, RBP=0x00007fff59932860, RSI=0x00007fff8988141e, RDI=0x00007fee93e30710
R8 =0x00007fff59932840, R9 =0x0000000000000064, R10=0x00007fff8988141e, R11=0x000007fee93e5fd8
R12=0x00007fee93c2f7f0, R13=0x00000000000f42ff, R14=0x00007fee93c9caa0, R15=0x00007fff59932998
RIP=0x00007fff85b360dd, EFLAGS=0x0000000000010206, ERR=0x0000000000000004
  TRAPNO=0x000000000000000e

Top of Stack: (sp=0x00007fff59932858)
0x00007fff59932858:   00007fff8cfbf45c 00007fff59932bc0
0x00007fff59932868:   00007fff8ceaf634 00007fff599328ec
0x00007fff59932878:   00007fff599328f0 00007fff599328f4
0x00007fff59932888:   00007fff76817e00 ffffffffffffffff
0x00007fff59932898:   0000000000000960 00007fff76817e18
0x00007fff599328a8:   00007fee93c9caa0 0000000000000000
0x00007fff599328b8:   00007fff59932990 0000000000000000
0x00007fff599328c8:   00007fee93d52200 00007fff59932a10
0x00007fff599328d8:   0000000000000064 00000000000f4301
0x00007fff599328e8:   00007fee93d35350 00007fee93d51c30
0x00007fff599328f8:   00007fee93c2f7f0 0000000000000001
0x00007fff59932908:   00000000000f42ff 00007fee93c2f7e0
0x00007fff59932918:   00007fff8f482c05 000000017534f070
0x00007fff59932928:   00007fff773290d0 0000000042000000
0x00007fff59932938:   00007fff8f489e63 00007fff767e2240
0x00007fff59932948:   00007fff59932a18 00007fff59932970
0x00007fff59932958:   00007fff59932990 0000000000000000
0x00007fff59932968:   0000000000000002 0005590385b5697a
0x00007fff59932978:   00007fee93c2f814 0000000000000000
0x00007fff59932988:   0000000000000000 00007fee93d52280
0x00007fff59932998:   00007fee93c9caa0 0000002000000000
0x00007fff599329a8:   0000000000000000 00007fff773290d0
0x00007fff599329b8:   0000000042000000 00000001062e7a00
0x00007fff599329c8:   0000000000000001 00000001062e4000
0x00007fff599329d8:   00007fee93d7f0d1 0000000000000003
0x00007fff599329e8:   00000001062e8400 00007fff59932ae0
0x00007fff599329f8:   00007fff8d568b36 00007fff59932a90
0x00007fff59932a08:   00007fff88fb54ed 0000000000000051
0x00007fff59932a18:   0000000000000000 00000000000f42e3
0x00007fff59932a28:   0000000000000053 0000000000000000
0x00007fff59932a38:   00000000000f42ff 00007fff59932ab4
0x00007fff59932a48:   0000000000000a00 00000000ffffffff 

Instructions: (pc=0x00007fff85b360dd)
0x00007fff85b360bd:   00 00 00 48 85 ff 2e 74 7a 40 f6 c7 01 2e 75 7e
0x00007fff85b360cd:   49 bb f8 ff ff ff ff 7f 00 00 4c 23 1f 49 89 f2
0x00007fff85b360dd:   45 23 53 18 49 c1 e2 04 4d 03 53 10 49 3b 32 75
0x00007fff85b360ed:   04 41 ff 62 08 49 83 3a 00 74 6a 4d 3b 53 10 74 

Register to memory mapping:

RAX=0x00007fee93e30710 is an unknown value
RBX=0x00007fff59932a38 is pointing into the stack for thread: 0x00007fee940dd000
RCX=0x0000000000000000 is an unknown value
RDX=0x00007fee93d35350 is an unknown value
RSP=0x00007fff59932858 is pointing into the stack for thread: 0x00007fee940dd000
RBP=0x00007fff59932860 is pointing into the stack for thread: 0x00007fee940dd000
RSI=0x00007fff8988141e: -[NSTitlebarContainerView transparent]+0x5e312 in /System/Library/Frameworks/AppKit.framework/Versions/C/AppKit at 0x00007fff88e80000
RDI=0x00007fee93e30710 is an unknown value
R8 =0x00007fff59932840 is pointing into the stack for thread: 0x00007fee940dd000
R9 =0x0000000000000064 is an unknown value
R10=0x00007fff8988141e: -[NSTitlebarContainerView transparent]+0x5e312 in /System/Library/Frameworks/AppKit.framework/Versions/C/AppKit at 0x00007fff88e80000
R11=0x000007fee93e5fd8 is an unknown value
R12=0x00007fee93c2f7f0 is an unknown value
R13=0x00000000000f42ff is an unknown value
R14=0x00007fee93c9caa0 is an unknown value
R15=0x00007fff59932998 is pointing into the stack for thread: 0x00007fee940dd000


Stack: [0x00007fff59137000,0x00007fff59937000],  sp=0x00007fff59932858,  free space=8174k
Native frames: (J=compiled Java code, j=interpreted, Vv=VM code, C=native code)
C  [libobjc.A.dylib+0x10dd]  objc_msgSend+0x1d
C  [CoreFoundation+0x10634]  _CFXNotificationPost+0xc44
C  [Foundation+0x7aa1]  -[NSNotificationCenter postNotificationName:object:userInfo:]+0x42
C  [AppKit+0x439c2]  -[NSSurface _disposeSurface]+0x98
C  [AppKit+0x43426]  -[NSSurface setWindow:]+0x42
C  [AppKit+0x33910]  -[NSView _setWindow:]+0xa33
C  [AppKit+0x6af91]  -[NSView removeFromSuperview]+0x1c5
C  [AppKit+0x14bd99]  -[NSView removeFromSuperviewWithoutNeedingDisplay]+0x26
C  [liblwjgl.dylib+0xa205]  +[MacOSXKeyableWindow destroyWindow]+0xb5
C  [Foundation+0x92dd0]  __NSThreadPerformPerform+0x125
C  [CoreFoundation+0x80a01]  __CFRUNLOOP_IS_CALLING_OUT_TO_A_SOURCE0_PERFORM_FUNCTION__+0x11
C  [CoreFoundation+0x72b8d]  __CFRunLoopDoSources0+0x10d
C  [CoreFoundation+0x721bf]  __CFRunLoopRun+0x39f
C  [CoreFoundation+0x71bd8]  CFRunLoopRunSpecific+0x128
C  [HIToolbox+0x3256f]  RunCurrentEventLoopInMode+0xeb
C  [HIToolbox+0x321ee]  ReceiveNextEventCommon+0xb3
C  [HIToolbox+0x3212b]  _BlockUntilNextEventMatchingListInModeWithFilter+0x47
C  [AppKit+0x918ab]  _DPSNextEvent+0x3d2
C  [AppKit+0x90e58]  -[NSApplication nextEventMatchingMask:untilDate:inMode:dequeue:]+0x15a
C  [libosxapp.dylib+0x242a]  -[NSApplicationAWT nextEventMatchingMask:untilDate:inMode:dequeue:]+0x7c
C  [AppKit+0x86af3]  -[NSApplication run]+0x252
C  [libosxapp.dylib+0x223e]  +[NSApplicationAWT runAWTLoopWithApp:]+0x9c
C  [libawt_lwawt.dylib+0x4454b]  -[AWTStarter starter:]+0x389
C  [Foundation+0x92dd0]  __NSThreadPerformPerform+0x125
C  [CoreFoundation+0x80a01]  __CFRUNLOOP_IS_CALLING_OUT_TO_A_SOURCE0_PERFORM_FUNCTION__+0x11
C  [CoreFoundation+0x72b8d]  __CFRunLoopDoSources0+0x10d
C  [CoreFoundation+0x721bf]  __CFRunLoopRun+0x39f
C  [CoreFoundation+0x71bd8]  CFRunLoopRunSpecific+0x128
C  [java+0x6463]  CreateExecutionEnvironment+0x367
C  [java+0x21ac]  JLI_Launch+0x7a0
C  [java+0x84c0]  main+0x65
C  [java+0x1a04]  start+0x34
C  0x0000000000000006


---------------  P R O C E S S  ---------------

Java Threads: ( => current thread )
  0x00007fee9528b000 JavaThread "AWT-Shutdown" [_thread_blocked, id=12351, stack(0x00000001e1821000,0x00000001e1921000)]
  0x00007fee95a00000 JavaThread "Java2D Queue Flusher" daemon [_thread_blocked, id=55559, stack(0x00000001e5ed8000,0x00000001e5fd8000)]
  0x00007fee9421d800 JavaThread "Java2D Disposer" daemon [_thread_blocked, id=51503, stack(0x00000001e5d57000,0x00000001e5e57000)]
=>0x00007fee940dd000 JavaThread "AppKit Thread" daemon [_thread_in_native, id=1811, stack(0x00007fff59137000,0x00007fff59937000)]
  0x00007fee94085800 JavaThread "Service Thread" daemon [_thread_blocked, id=18179, stack(0x00000001dfc44000,0x00000001dfd44000)]
  0x00007fee9501b800 JavaThread "C1 CompilerThread2" daemon [_thread_blocked, id=17667, stack(0x00000001dfb41000,0x00000001dfc41000)]
  0x00007fee9500a800 JavaThread "C2 CompilerThread1" daemon [_thread_blocked, id=17155, stack(0x00000001dfa3e000,0x00000001dfb3e000)]
  0x00007fee9406c000 JavaThread "C2 CompilerThread0" daemon [_thread_blocked, id=16643, stack(0x00000001df93b000,0x00000001dfa3b000)]
  0x00007fee94085000 JavaThread "Signal Dispatcher" daemon [_thread_blocked, id=13335, stack(0x00000001df838000,0x00000001df938000)]
  0x00007fee94053000 JavaThread "Finalizer" daemon [_thread_blocked, id=11523, stack(0x00000001dde23000,0x00000001ddf23000)]
  0x00007fee94052000 JavaThread "Reference Handler" daemon [_thread_blocked, id=11011, stack(0x00000001ddd20000,0x00000001dde20000)]
  0x00007fee95001000 JavaThread "main" [_thread_in_native, id=4867, stack(0x0000000107b6a000,0x0000000107c6a000)]

Other Threads:
  0x00007fee9404f800 VMThread [stack: 0x00000001ddc1d000,0x00000001ddd1d000] [id=10499]
  0x00007fee9406e800 WatcherThread [stack: 0x00000001dfd47000,0x00000001dfe47000] [id=18691]

VM state:not at safepoint (normal execution)

VM Mutex/Monitor currently owned by a thread: None

Heap:
 PSYoungGen      total 38400K, used 28944K [0x000000016c980000, 0x000000016f700000, 0x0000000197400000)
  eden space 31232K, 92% used [0x000000016c980000,0x000000016e5ac190,0x000000016e800000)
  from space 7168K, 1% used [0x000000016ef80000,0x000000016ef98000,0x000000016f680000)
  to   space 7680K, 0% used [0x000000016e800000,0x000000016e800000,0x000000016ef80000)
 ParOldGen       total 87552K, used 5800K [0x0000000117400000, 0x000000011c980000, 0x000000016c980000)
  object space 87552K, 6% used [0x0000000117400000,0x00000001179aa300,0x000000011c980000)
 Metaspace       used 10892K, capacity 11097K, committed 11264K, reserved 1058816K
  class space    used 1146K, capacity 1213K, committed 1280K, reserved 1048576K

Card table byte_map: [0x0000000197400000,0x0000000197801000] byte_map_base: 0x0000000196b46000

Marking Bits: (ParMarkBitMap*) 0x00000001074c27a0
 Begin Bits: [0x0000000197db5000, 0x0000000199db5000)
 End Bits:   [0x0000000199db5000, 0x000000019bdb5000)

Polling page: 0x00000001063ed000

CodeCache: size=245760Kb used=5040Kb max_used=5052Kb free=240719Kb
 bounds [0x0000000107ca1000, 0x00000001081a1000, 0x0000000116ca1000]
 total_blobs=1779 nmethods=1256 adapters=437
 compilation: enabled

Compilation events (10 events):
Event: 74.542 Thread 0x00007fee9500a800 1258       4       World::update (236 bytes)
Event: 74.600 Thread 0x00007fee9500a800 nmethod 1258 0x0000000108190ad0 code [0x0000000108190e00, 0x0000000108192680]
Event: 76.676 Thread 0x00007fee9406c000 1259       4       org.newdawn.slick.AngelCodeFont$CharDef::getKerning (87 bytes)
Event: 76.676 Thread 0x00007fee9406c000 nmethod 1259 0x00000001080fbd50 code [0x00000001080fbea0, 0x00000001080fbf18]
Event: 80.889 Thread 0x00007fee9501b800 1260   !   3       org.lwjgl.opengl.Display::update (154 bytes)
Event: 80.889 Thread 0x00007fee9500a800 1261       4       org.lwjgl.opengl.DrawableGL::swapBuffers (4 bytes)
Event: 80.889 Thread 0x00007fee9406c000 1262       4       org.lwjgl.opengl.MacOSXDisplay::wasResized (9 bytes)
Event: 80.889 Thread 0x00007fee9406c000 nmethod 1262 0x0000000108115a10 code [0x0000000108115b60, 0x0000000108115be8]
Event: 80.890 Thread 0x00007fee9501b800 nmethod 1260 0x000000010818ed50 code [0x000000010818f000, 0x0000000108190178]
Event: 80.892 Thread 0x00007fee9500a800 nmethod 1261 0x000000010817a790 code [0x000000010817a920, 0x000000010817ad48]

GC Heap History (10 events):
Event: 33.109 GC heap before
{Heap before GC invocations=4 (full 0):
 PSYoungGen      total 38400K, used 38242K [0x000000016c980000, 0x000000016f400000, 0x0000000197400000)
  eden space 33280K, 100% used [0x000000016c980000,0x000000016ea00000,0x000000016ea00000)
  from space 5120K, 96% used [0x000000016ea00000,0x000000016eed8920,0x000000016ef00000)
  to   space 5120K, 0% used [0x000000016ef00000,0x000000016ef00000,0x000000016f400000)
 ParOldGen       total 87552K, used 865K [0x0000000117400000, 0x000000011c980000, 0x000000016c980000)
  object space 87552K, 0% used [0x0000000117400000,0x00000001174d8760,0x000000011c980000)
 Metaspace       used 10869K, capacity 11033K, committed 11264K, reserved 1058816K
  class space    used 1145K, capacity 1213K, committed 1280K, reserved 1048576K
Event: 33.114 GC heap after
Heap after GC invocations=4 (full 0):
 PSYoungGen      total 38400K, used 4984K [0x000000016c980000, 0x000000016f400000, 0x0000000197400000)
  eden space 33280K, 0% used [0x000000016c980000,0x000000016c980000,0x000000016ea00000)
  from space 5120K, 97% used [0x000000016ef00000,0x000000016f3de158,0x000000016f400000)
  to   space 5120K, 0% used [0x000000016ea00000,0x000000016ea00000,0x000000016ef00000)
 ParOldGen       total 87552K, used 873K [0x0000000117400000, 0x000000011c980000, 0x000000016c980000)
  object space 87552K, 0% used [0x0000000117400000,0x00000001174da760,0x000000011c980000)
 Metaspace       used 10869K, capacity 11033K, committed 11264K, reserved 1058816K
  class space    used 1145K, capacity 1213K, committed 1280K, reserved 1048576K
}
Event: 43.113 GC heap before
{Heap before GC invocations=5 (full 0):
 PSYoungGen      total 38400K, used 38264K [0x000000016c980000, 0x000000016f400000, 0x0000000197400000)
  eden space 33280K, 100% used [0x000000016c980000,0x000000016ea00000,0x000000016ea00000)
  from space 5120K, 97% used [0x000000016ef00000,0x000000016f3de158,0x000000016f400000)
  to   space 5120K, 0% used [0x000000016ea00000,0x000000016ea00000,0x000000016ef00000)
 ParOldGen       total 87552K, used 873K [0x0000000117400000, 0x000000011c980000, 0x000000016c980000)
  object space 87552K, 0% used [0x0000000117400000,0x00000001174da760,0x000000011c980000)
 Metaspace       used 10876K, capacity 11097K, committed 11264K, reserved 1058816K
  class space    used 1145K, capacity 1213K, committed 1280K, reserved 1048576K
Event: 43.119 GC heap after
Heap after GC invocations=5 (full 0):
 PSYoungGen      total 37888K, used 4978K [0x000000016c980000, 0x000000016f580000, 0x0000000197400000)
  eden space 32768K, 0% used [0x000000016c980000,0x000000016c980000,0x000000016e980000)
  from space 5120K, 97% used [0x000000016ea00000,0x000000016eedc910,0x000000016ef00000)
  to   space 6144K, 0% used [0x000000016ef80000,0x000000016ef80000,0x000000016f580000)
 ParOldGen       total 87552K, used 881K [0x0000000117400000, 0x000000011c980000, 0x000000016c980000)
  object space 87552K, 1% used [0x0000000117400000,0x00000001174dc760,0x000000011c980000)
 Metaspace       used 10876K, capacity 11097K, committed 11264K, reserved 1058816K
  class space    used 1145K, capacity 1213K, committed 1280K, reserved 1048576K
}
Event: 53.140 GC heap before
{Heap before GC invocations=6 (full 0):
 PSYoungGen      total 37888K, used 37746K [0x000000016c980000, 0x000000016f580000, 0x0000000197400000)
  eden space 32768K, 100% used [0x000000016c980000,0x000000016e980000,0x000000016e980000)
  from space 5120K, 97% used [0x000000016ea00000,0x000000016eedc910,0x000000016ef00000)
  to   space 6144K, 0% used [0x000000016ef80000,0x000000016ef80000,0x000000016f580000)
 ParOldGen       total 87552K, used 881K [0x0000000117400000, 0x000000011c980000, 0x000000016c980000)
  object space 87552K, 1% used [0x0000000117400000,0x00000001174dc760,0x000000011c980000)
 Metaspace       used 10879K, capacity 11097K, committed 11264K, reserved 1058816K
  class space    used 1145K, capacity 1213K, committed 1280K, reserved 1048576K
Event: 53.145 GC heap after
Heap after GC invocations=6 (full 0):
 PSYoungGen      total 37888K, used 4978K [0x000000016c980000, 0x000000016f500000, 0x0000000197400000)
  eden space 32256K, 0% used [0x000000016c980000,0x000000016c980000,0x000000016e900000)
  from space 5632K, 88% used [0x000000016ef80000,0x000000016f45c910,0x000000016f500000)
  to   space 6144K, 0% used [0x000000016e900000,0x000000016e900000,0x000000016ef00000)
 ParOldGen       total 87552K, used 881K [0x0000000117400000, 0x000000011c980000, 0x000000016c980000)
  object space 87552K, 1% used [0x0000000117400000,0x00000001174dc760,0x000000011c980000)
 Metaspace       used 10879K, capacity 11097K, committed 11264K, reserved 1058816K
  class space    used 1145K, capacity 1213K, committed 1280K, reserved 1048576K
}
Event: 63.002 GC heap before
{Heap before GC invocations=7 (full 0):
 PSYoungGen      total 37888K, used 37234K [0x000000016c980000, 0x000000016f500000, 0x0000000197400000)
  eden space 32256K, 100% used [0x000000016c980000,0x000000016e900000,0x000000016e900000)
  from space 5632K, 88% used [0x000000016ef80000,0x000000016f45c910,0x000000016f500000)
  to   space 6144K, 0% used [0x000000016e900000,0x000000016e900000,0x000000016ef00000)
 ParOldGen       total 87552K, used 881K [0x0000000117400000, 0x000000011c980000, 0x000000016c980000)
  object space 87552K, 1% used [0x0000000117400000,0x00000001174dc760,0x000000011c980000)
 Metaspace       used 10879K, capacity 11097K, committed 11264K, reserved 1058816K
  class space    used 1145K, capacity 1213K, committed 1280K, reserved 1048576K
Event: 63.009 GC heap after
Heap after GC invocations=7 (full 0):
 PSYoungGen      total 37888K, used 160K [0x000000016c980000, 0x000000016f680000, 0x0000000197400000)
  eden space 31744K, 0% used [0x000000016c980000,0x000000016c980000,0x000000016e880000)
  from space 6144K, 2% used [0x000000016e900000,0x000000016e928000,0x000000016ef00000)
  to   space 7168K, 0% used [0x000000016ef80000,0x000000016ef80000,0x000000016f680000)
 ParOldGen       total 87552K, used 5784K [0x0000000117400000, 0x000000011c980000, 0x000000016c980000)
  object space 87552K, 6% used [0x0000000117400000,0x00000001179a6300,0x000000011c980000)
 Metaspace       used 10879K, capacity 11097K, committed 11264K, reserved 1058816K
  class space    used 1145K, capacity 1213K, committed 1280K, reserved 1048576K
}
Event: 72.270 GC heap before
{Heap before GC invocations=8 (full 0):
 PSYoungGen      total 37888K, used 31904K [0x000000016c980000, 0x000000016f680000, 0x0000000197400000)
  eden space 31744K, 100% used [0x000000016c980000,0x000000016e880000,0x000000016e880000)
  from space 6144K, 2% used [0x000000016e900000,0x000000016e928000,0x000000016ef00000)
  to   space 7168K, 0% used [0x000000016ef80000,0x000000016ef80000,0x000000016f680000)
 ParOldGen       total 87552K, used 5784K [0x0000000117400000, 0x000000011c980000, 0x000000016c980000)
  object space 87552K, 6% used [0x0000000117400000,0x00000001179a6300,0x000000011c980000)
 Metaspace       used 10886K, capacity 11097K, committed 11264K, reserved 1058816K
  class space    used 1145K, capacity 1213K, committed 1280K, reserved 1048576K
Event: 72.270 GC heap after
Heap after GC invocations=8 (full 0):
 PSYoungGen      total 38400K, used 96K [0x000000016c980000, 0x000000016f700000, 0x0000000197400000)
  eden space 31232K, 0% used [0x000000016c980000,0x000000016c980000,0x000000016e800000)
  from space 7168K, 1% used [0x000000016ef80000,0x000000016ef98000,0x000000016f680000)
  to   space 7680K, 0% used [0x000000016e800000,0x000000016e800000,0x000000016ef80000)
 ParOldGen       total 87552K, used 5800K [0x0000000117400000, 0x000000011c980000, 0x000000016c980000)
  object space 87552K, 6% used [0x0000000117400000,0x00000001179aa300,0x000000011c980000)
 Metaspace       used 10886K, capacity 11097K, committed 11264K, reserved 1058816K
  class space    used 1145K, capacity 1213K, committed 1280K, reserved 1048576K
}

Deoptimization events (10 events):
Event: 36.499 Thread 0x00007fee95001000 Uncommon trap: reason=unstable_if action=reinterpret pc=0x0000000108153994 method=Monster.fight_player(LPlayer;IDDD)V @ 22
Event: 36.503 Thread 0x00007fee95001000 Uncommon trap: reason=unstable_if action=reinterpret pc=0x000000010814edf0 method=Monster.fight_player(LPlayer;IDDD)V @ 22
Event: 36.508 Thread 0x00007fee95001000 Uncommon trap: reason=unstable_if action=reinterpret pc=0x0000000108076000 method=Monster.fight_player(LPlayer;IDDD)V @ 22
Event: 37.007 Thread 0x00007fee95001000 Uncommon trap: reason=unstable_if action=reinterpret pc=0x0000000108160830 method=org.newdawn.slick.AngelCodeFont.getWidth(Ljava/lang/String;)I @ 29
Event: 67.761 Thread 0x00007fee95001000 Uncommon trap: reason=unstable_if action=reinterpret pc=0x0000000108161ccc method=Aggressive_Monster.move(LWorld;DDDZ)V @ 124
Event: 73.144 Thread 0x00007fee95001000 Uncommon trap: reason=unstable_if action=reinterpret pc=0x000000010816bd0c method=Player.move(LWorld;DDD)V @ 204
Event: 80.424 Thread 0x00007fee95001000 Uncommon trap: reason=unstable_if action=reinterpret pc=0x000000010810bb50 method=org.lwjgl.opengl.MacOSXDisplay.update()V @ 86
Event: 80.798 Thread 0x00007fee95001000 Uncommon trap: reason=unstable_if action=reinterpret pc=0x0000000108107510 method=org.lwjgl.opengl.MacOSXDisplay.update()V @ 86
Event: 80.899 Thread 0x00007fee95001000 Uncommon trap: reason=unstable_if action=reinterpret pc=0x0000000108182b54 method=org.newdawn.slick.Input.poll(II)V @ 1050
Event: 81.253 Thread 0x00007fee95001000 Uncommon trap: reason=unstable_if action=reinterpret pc=0x0000000108114760 method=org.newdawn.slick.AppGameContainer.gameLoop()V @ 60

Internal exceptions (10 events):
Event: 0.124 Thread 0x00007fee95001000 Exception <a 'java/security/PrivilegedActionException'> (0x000000016cc7d3a0) thrown at [/Users/java_re/workspace/8-2-build-macosx-x86_64/jdk8u51/3951/hotspot/src/share/vm/prims/jvm.cpp, line 1382]
Event: 0.125 Thread 0x00007fee95001000 Exception <a 'java/security/PrivilegedActionException'> (0x000000016cc80720) thrown at [/Users/java_re/workspace/8-2-build-macosx-x86_64/jdk8u51/3951/hotspot/src/share/vm/prims/jvm.cpp, line 1382]
Event: 0.125 Thread 0x00007fee95001000 Exception <a 'java/security/PrivilegedActionException'> (0x000000016cc808d8) thrown at [/Users/java_re/workspace/8-2-build-macosx-x86_64/jdk8u51/3951/hotspot/src/share/vm/prims/jvm.cpp, line 1382]
Event: 0.320 Thread 0x00007fee95001000 Exception <a 'java/io/FileNotFoundException'> (0x000000016cc847a8) thrown at [/Users/java_re/workspace/8-2-build-macosx-x86_64/jdk8u51/3951/hotspot/src/share/vm/prims/jni.cpp, line 709]
Event: 0.320 Thread 0x00007fee95001000 Exception <a 'java/io/FileNotFoundException'> (0x000000016cc852e8) thrown at [/Users/java_re/workspace/8-2-build-macosx-x86_64/jdk8u51/3951/hotspot/src/share/vm/prims/jni.cpp, line 709]
Event: 0.404 Thread 0x00007fee940dd000 Exception <a 'java/lang/NoSuchFieldError': method resolution failed> (0x000000016ce384c8) thrown at [/Users/java_re/workspace/8-2-build-macosx-x86_64/jdk8u51/3951/hotspot/src/share/vm/prims/methodHandles.cpp, line 1125]
Event: 0.407 Thread 0x00007fee940dd000 Exception <a 'java/lang/NoSuchFieldError': method resolution failed> (0x000000016ce46b68) thrown at [/Users/java_re/workspace/8-2-build-macosx-x86_64/jdk8u51/3951/hotspot/src/share/vm/prims/methodHandles.cpp, line 1125]
Event: 1.475 Thread 0x00007fee95001000 Implicit null exception at 0x0000000107f3f964 to 0x0000000107f3fb91
Event: 15.845 Thread 0x00007fee95001000 Implicit null exception at 0x000000010800a24e to 0x000000010800adf9
Event: 37.007 Thread 0x00007fee95001000 Implicit null exception at 0x000000010816032a to 0x0000000108160815

Events (10 events):
Event: 80.798 Thread 0x00007fee95001000 DEOPT PACKING pc=0x0000000108107510 sp=0x0000000107c69750
Event: 80.798 Thread 0x00007fee95001000 DEOPT UNPACKING pc=0x0000000107ca6229 sp=0x0000000107c696b8 mode 2
Event: 80.899 Thread 0x00007fee95001000 Uncommon trap: trap_request=0xffffff65 fr.pc=0x0000000108182b54
Event: 80.899 Thread 0x00007fee95001000 DEOPT PACKING pc=0x0000000108182b54 sp=0x0000000107c69770
Event: 80.899 Thread 0x00007fee95001000 DEOPT UNPACKING pc=0x0000000107ca6229 sp=0x0000000107c69740 mode 2
Event: 81.253 Thread 0x00007fee95001000 Uncommon trap: trap_request=0xffffff65 fr.pc=0x0000000108114760
Event: 81.253 Thread 0x00007fee95001000 DEOPT PACKING pc=0x0000000108114760 sp=0x0000000107c69840
Event: 81.253 Thread 0x00007fee95001000 DEOPT UNPACKING pc=0x0000000107ca6229 sp=0x0000000107c69808 mode 2
Event: 81.257 loading class org/lwjgl/opengl/CallbackUtil
Event: 81.257 loading class org/lwjgl/opengl/CallbackUtil done


Dynamic libraries:
0x0000000005022000 	/System/Library/Frameworks/Cocoa.framework/Versions/A/Cocoa
0x0000000005022000 	/System/Library/Frameworks/Security.framework/Versions/A/Security
0x0000000005022000 	/System/Library/Frameworks/ApplicationServices.framework/Versions/A/ApplicationServices
0x0000000005022000 	/usr/lib/libz.1.dylib
0x0000000005022000 	/usr/lib/libSystem.B.dylib
0x0000000005022000 	/usr/lib/libobjc.A.dylib
0x0000000005022000 	/System/Library/Frameworks/CoreFoundation.framework/Versions/A/CoreFoundation
0x0000000005022000 	/System/Library/Frameworks/Foundation.framework/Versions/C/Foundation
0x0000000005022000 	/System/Library/Frameworks/AppKit.framework/Versions/C/AppKit
0x0000000005022000 	/System/Library/Frameworks/CoreData.framework/Versions/A/CoreData
0x0000000005022000 	/System/Library/PrivateFrameworks/RemoteViewServices.framework/Versions/A/RemoteViewServices
0x0000000005022000 	/System/Library/PrivateFrameworks/UIFoundation.framework/Versions/A/UIFoundation
0x0000000005022000 	/System/Library/Frameworks/IOSurface.framework/Versions/A/IOSurface
0x0000000005022000 	/System/Library/Frameworks/AudioToolbox.framework/Versions/A/AudioToolbox
0x0000000005022000 	/System/Library/Frameworks/AudioUnit.framework/Versions/A/AudioUnit
0x0000000005022000 	/System/Library/PrivateFrameworks/DataDetectorsCore.framework/Versions/A/DataDetectorsCore
0x0000000005022000 	/System/Library/PrivateFrameworks/DesktopServicesPriv.framework/Versions/A/DesktopServicesPriv
0x0000000005022000 	/System/Library/Frameworks/Carbon.framework/Versions/A/Frameworks/HIToolbox.framework/Versions/A/HIToolbox
0x0000000005022000 	/System/Library/Frameworks/QuartzCore.framework/Versions/A/QuartzCore
0x0000000005022000 	/System/Library/Frameworks/Carbon.framework/Versions/A/Frameworks/SpeechRecognition.framework/Versions/A/SpeechRecognition
0x0000000005022000 	/usr/lib/libauto.dylib
0x0000000005022000 	/usr/lib/libicucore.A.dylib
0x0000000005022000 	/usr/lib/libxml2.2.dylib
0x0000000005022000 	/System/Library/PrivateFrameworks/CoreUI.framework/Versions/A/CoreUI
0x0000000005022000 	/System/Library/Frameworks/CoreAudio.framework/Versions/A/CoreAudio
0x0000000005022000 	/System/Library/Frameworks/DiskArbitration.framework/Versions/A/DiskArbitration
0x0000000005022000 	/usr/lib/liblangid.dylib
0x0000000005022000 	/System/Library/PrivateFrameworks/MultitouchSupport.framework/Versions/A/MultitouchSupport
0x0000000005022000 	/System/Library/Frameworks/IOKit.framework/Versions/A/IOKit
0x0000000005022000 	/usr/lib/libDiagnosticMessagesClient.dylib
0x0000000005022000 	/System/Library/Frameworks/CoreServices.framework/Versions/A/CoreServices
0x0000000005022000 	/System/Library/PrivateFrameworks/PerformanceAnalysis.framework/Versions/A/PerformanceAnalysis
0x0000000005022000 	/System/Library/PrivateFrameworks/GenerationalStorage.framework/Versions/A/GenerationalStorage
0x0000000005022000 	/System/Library/Frameworks/OpenGL.framework/Versions/A/OpenGL
0x0000000005022000 	/System/Library/PrivateFrameworks/Sharing.framework/Versions/A/Sharing
0x0000000005022000 	/System/Library/Frameworks/CoreGraphics.framework/Versions/A/CoreGraphics
0x0000000005022000 	/System/Library/Frameworks/CoreText.framework/Versions/A/CoreText
0x0000000005022000 	/System/Library/Frameworks/ImageIO.framework/Versions/A/ImageIO
0x0000000005022000 	/usr/lib/libextension.dylib
0x0000000005022000 	/System/Library/PrivateFrameworks/Backup.framework/Versions/A/Backup
0x0000000005022000 	/usr/lib/libarchive.2.dylib
0x0000000005022000 	/System/Library/Frameworks/CFNetwork.framework/Versions/A/CFNetwork
0x0000000005022000 	/System/Library/Frameworks/SystemConfiguration.framework/Versions/A/SystemConfiguration
0x0000000005022000 	/usr/lib/libCRFSuite.dylib
0x0000000005022000 	/usr/lib/libc++.1.dylib
0x0000000005022000 	/usr/lib/libc++abi.dylib
0x0000000005022000 	/usr/lib/system/libcache.dylib
0x0000000005022000 	/usr/lib/system/libcommonCrypto.dylib
0x0000000005022000 	/usr/lib/system/libcompiler_rt.dylib
0x0000000005022000 	/usr/lib/system/libcopyfile.dylib
0x0000000005022000 	/usr/lib/system/libcorecrypto.dylib
0x0000000005022000 	/usr/lib/system/libdispatch.dylib
0x0000000005022000 	/usr/lib/system/libdyld.dylib
0x0000000005022000 	/usr/lib/system/libkeymgr.dylib
0x0000000005022000 	/usr/lib/system/liblaunch.dylib
0x0000000005022000 	/usr/lib/system/libmacho.dylib
0x0000000005022000 	/usr/lib/system/libquarantine.dylib
0x0000000005022000 	/usr/lib/system/libremovefile.dylib
0x0000000005022000 	/usr/lib/system/libsystem_asl.dylib
0x0000000005022000 	/usr/lib/system/libsystem_blocks.dylib
0x0000000005022000 	/usr/lib/system/libsystem_c.dylib
0x0000000005022000 	/usr/lib/system/libsystem_configuration.dylib
0x0000000005022000 	/usr/lib/system/libsystem_coreservices.dylib
0x0000000005022000 	/usr/lib/system/libsystem_coretls.dylib
0x0000000005022000 	/usr/lib/system/libsystem_dnssd.dylib
0x0000000005022000 	/usr/lib/system/libsystem_info.dylib
0x0000000005022000 	/usr/lib/system/libsystem_kernel.dylib
0x0000000005022000 	/usr/lib/system/libsystem_m.dylib
0x0000000005022000 	/usr/lib/system/libsystem_malloc.dylib
0x0000000005022000 	/usr/lib/system/libsystem_network.dylib
0x0000000005022000 	/usr/lib/system/libsystem_networkextension.dylib
0x0000000005022000 	/usr/lib/system/libsystem_notify.dylib
0x0000000005022000 	/usr/lib/system/libsystem_platform.dylib
0x0000000005022000 	/usr/lib/system/libsystem_pthread.dylib
0x0000000005022000 	/usr/lib/system/libsystem_sandbox.dylib
0x0000000005022000 	/usr/lib/system/libsystem_secinit.dylib
0x0000000005022000 	/usr/lib/system/libsystem_stats.dylib
0x0000000005022000 	/usr/lib/system/libsystem_trace.dylib
0x0000000005022000 	/usr/lib/system/libunc.dylib
0x0000000005022000 	/usr/lib/system/libunwind.dylib
0x0000000005022000 	/usr/lib/system/libxpc.dylib
0x0000000005022000 	/usr/lib/libbz2.1.0.dylib
0x0000000005022000 	/usr/lib/liblzma.5.dylib
0x0000000005022000 	/usr/lib/libbsm.0.dylib
0x0000000005022000 	/usr/lib/libsqlite3.dylib
0x0000000005022000 	/usr/lib/system/libkxld.dylib
0x0000000005022000 	/usr/lib/libxar.1.dylib
0x0000000005022000 	/usr/lib/libpam.2.dylib
0x0000000005022000 	/usr/lib/libOpenScriptingUtil.dylib
0x0000000005022000 	/System/Library/Frameworks/CoreServices.framework/Versions/A/Frameworks/FSEvents.framework/Versions/A/FSEvents
0x0000000005022000 	/System/Library/Frameworks/CoreServices.framework/Versions/A/Frameworks/CarbonCore.framework/Versions/A/CarbonCore
0x0000000005022000 	/System/Library/Frameworks/CoreServices.framework/Versions/A/Frameworks/Metadata.framework/Versions/A/Metadata
0x0000000005022000 	/System/Library/Frameworks/CoreServices.framework/Versions/A/Frameworks/OSServices.framework/Versions/A/OSServices
0x0000000005022000 	/System/Library/Frameworks/CoreServices.framework/Versions/A/Frameworks/SearchKit.framework/Versions/A/SearchKit
0x0000000005022000 	/System/Library/Frameworks/CoreServices.framework/Versions/A/Frameworks/AE.framework/Versions/A/AE
0x0000000005022000 	/System/Library/Frameworks/CoreServices.framework/Versions/A/Frameworks/LaunchServices.framework/Versions/A/LaunchServices
0x0000000005022000 	/System/Library/Frameworks/CoreServices.framework/Versions/A/Frameworks/DictionaryServices.framework/Versions/A/DictionaryServices
0x0000000005022000 	/System/Library/Frameworks/NetFS.framework/Versions/A/NetFS
0x0000000005022000 	/System/Library/PrivateFrameworks/NetAuth.framework/Versions/A/NetAuth
0x0000000005022000 	/System/Library/PrivateFrameworks/login.framework/Versions/A/Frameworks/loginsupport.framework/Versions/A/loginsupport
0x0000000005022000 	/System/Library/PrivateFrameworks/TCC.framework/Versions/A/TCC
0x0000000005022000 	/usr/lib/libmecabra.dylib
0x0000000005022000 	/System/Library/Frameworks/ApplicationServices.framework/Versions/A/Frameworks/ATS.framework/Versions/A/ATS
0x0000000005022000 	/System/Library/Frameworks/ApplicationServices.framework/Versions/A/Frameworks/ColorSync.framework/Versions/A/ColorSync
0x0000000005022000 	/System/Library/Frameworks/ApplicationServices.framework/Versions/A/Frameworks/HIServices.framework/Versions/A/HIServices
0x0000000005022000 	/System/Library/Frameworks/ApplicationServices.framework/Versions/A/Frameworks/LangAnalysis.framework/Versions/A/LangAnalysis
0x0000000005022000 	/System/Library/Frameworks/ApplicationServices.framework/Versions/A/Frameworks/PrintCore.framework/Versions/A/PrintCore
0x0000000005022000 	/System/Library/Frameworks/ApplicationServices.framework/Versions/A/Frameworks/QD.framework/Versions/A/QD
0x0000000005022000 	/System/Library/Frameworks/ApplicationServices.framework/Versions/A/Frameworks/SpeechSynthesis.framework/Versions/A/SpeechSynthesis
0x0000000005022000 	/System/Library/Frameworks/Accelerate.framework/Versions/A/Accelerate
0x0000000005022000 	/System/Library/Frameworks/Accelerate.framework/Versions/A/Frameworks/vImage.framework/Versions/A/vImage
0x0000000005022000 	/System/Library/Frameworks/Accelerate.framework/Versions/A/Frameworks/vecLib.framework/Versions/A/vecLib
0x0000000005022000 	/System/Library/Frameworks/Accelerate.framework/Versions/A/Frameworks/vecLib.framework/Versions/A/libvDSP.dylib
0x0000000005022000 	/System/Library/Frameworks/Accelerate.framework/Versions/A/Frameworks/vecLib.framework/Versions/A/libvMisc.dylib
0x0000000005022000 	/System/Library/Frameworks/Accelerate.framework/Versions/A/Frameworks/vecLib.framework/Versions/A/libLAPACK.dylib
0x0000000005022000 	/System/Library/Frameworks/Accelerate.framework/Versions/A/Frameworks/vecLib.framework/Versions/A/libBLAS.dylib
0x0000000005022000 	/System/Library/Frameworks/Accelerate.framework/Versions/A/Frameworks/vecLib.framework/Versions/A/libLinearAlgebra.dylib
0x0000000005022000 	/System/Library/Frameworks/ApplicationServices.framework/Versions/A/Frameworks/ATS.framework/Versions/A/Resources/libFontParser.dylib
0x0000000005022000 	/System/Library/Frameworks/ApplicationServices.framework/Versions/A/Frameworks/ATS.framework/Versions/A/Resources/libFontRegistry.dylib
0x0000000005022000 	/System/Library/PrivateFrameworks/AppleVPA.framework/Versions/A/AppleVPA
0x0000000005022000 	/System/Library/PrivateFrameworks/AppleJPEG.framework/Versions/A/AppleJPEG
0x0000000005022000 	/System/Library/Frameworks/ImageIO.framework/Versions/A/Resources/libJPEG.dylib
0x0000000005022000 	/System/Library/Frameworks/ImageIO.framework/Versions/A/Resources/libTIFF.dylib
0x0000000005022000 	/System/Library/Frameworks/ImageIO.framework/Versions/A/Resources/libPng.dylib
0x0000000005022000 	/System/Library/Frameworks/ImageIO.framework/Versions/A/Resources/libGIF.dylib
0x0000000005022000 	/System/Library/Frameworks/ImageIO.framework/Versions/A/Resources/libJP2.dylib
0x0000000005022000 	/System/Library/Frameworks/ImageIO.framework/Versions/A/Resources/libRadiance.dylib
0x0000000005022000 	/System/Library/Frameworks/CoreVideo.framework/Versions/A/CoreVideo
0x0000000005022000 	/System/Library/Frameworks/OpenGL.framework/Versions/A/Libraries/libGLU.dylib
0x0000000005022000 	/System/Library/Frameworks/OpenGL.framework/Versions/A/Libraries/libGFXShared.dylib
0x0000000005022000 	/System/Library/Frameworks/OpenGL.framework/Versions/A/Libraries/libGL.dylib
0x0000000005022000 	/System/Library/Frameworks/OpenGL.framework/Versions/A/Libraries/libGLImage.dylib
0x0000000005022000 	/System/Library/Frameworks/OpenGL.framework/Versions/A/Libraries/libCVMSPluginSupport.dylib
0x0000000005022000 	/System/Library/Frameworks/OpenGL.framework/Versions/A/Libraries/libCoreVMClient.dylib
0x0000000005022000 	/usr/lib/libcups.2.dylib
0x0000000005022000 	/System/Library/Frameworks/Kerberos.framework/Versions/A/Kerberos
0x0000000005022000 	/System/Library/Frameworks/GSS.framework/Versions/A/GSS
0x0000000005022000 	/usr/lib/libresolv.9.dylib
0x0000000005022000 	/usr/lib/libiconv.2.dylib
0x0000000005022000 	/System/Library/PrivateFrameworks/Heimdal.framework/Versions/A/Heimdal
0x0000000005022000 	/usr/lib/libheimdal-asn1.dylib
0x0000000005022000 	/System/Library/Frameworks/OpenDirectory.framework/Versions/A/OpenDirectory
0x0000000005022000 	/System/Library/PrivateFrameworks/CommonAuth.framework/Versions/A/CommonAuth
0x0000000005022000 	/System/Library/Frameworks/OpenDirectory.framework/Versions/A/Frameworks/CFOpenDirectory.framework/Versions/A/CFOpenDirectory
0x0000000005022000 	/System/Library/Frameworks/SecurityFoundation.framework/Versions/A/SecurityFoundation
0x0000000005022000 	/System/Library/PrivateFrameworks/LanguageModeling.framework/Versions/A/LanguageModeling
0x0000000005022000 	/usr/lib/libcmph.dylib
0x0000000005022000 	/System/Library/Frameworks/ServiceManagement.framework/Versions/A/ServiceManagement
0x0000000005022000 	/usr/lib/libxslt.1.dylib
0x0000000005022000 	/System/Library/Frameworks/Carbon.framework/Versions/A/Frameworks/Ink.framework/Versions/A/Ink
0x0000000005022000 	/System/Library/Frameworks/QuartzCore.framework/Versions/A/Frameworks/CoreImage.framework/Versions/A/CoreImage
0x0000000005022000 	/System/Library/PrivateFrameworks/CrashReporterSupport.framework/Versions/A/CrashReporterSupport
0x0000000005022000 	/System/Library/Frameworks/OpenCL.framework/Versions/A/OpenCL
0x0000000005022000 	/System/Library/PrivateFrameworks/FaceCore.framework/Versions/A/FaceCore
0x0000000005022000 	/System/Library/PrivateFrameworks/Ubiquity.framework/Versions/A/Ubiquity
0x0000000005022000 	/System/Library/PrivateFrameworks/IconServices.framework/Versions/A/IconServices
0x0000000005022000 	/System/Library/PrivateFrameworks/ChunkingLibrary.framework/Versions/A/ChunkingLibrary
0x0000000005022000 	/System/Library/PrivateFrameworks/Apple80211.framework/Versions/A/Apple80211
0x0000000005022000 	/System/Library/Frameworks/CoreWLAN.framework/Versions/A/CoreWLAN
0x0000000005022000 	/System/Library/Frameworks/IOBluetooth.framework/Versions/A/IOBluetooth
0x0000000005022000 	/System/Library/PrivateFrameworks/CoreWiFi.framework/Versions/A/CoreWiFi
0x0000000005022000 	/System/Library/Frameworks/CoreBluetooth.framework/Versions/A/CoreBluetooth
0x0000000005022000 	/System/Library/PrivateFrameworks/DebugSymbols.framework/Versions/A/DebugSymbols
0x0000000005022000 	/System/Library/PrivateFrameworks/CoreSymbolication.framework/Versions/A/CoreSymbolication
0x0000000005022000 	/System/Library/PrivateFrameworks/Symbolication.framework/Versions/A/Symbolication
0x0000000005022000 	/System/Library/PrivateFrameworks/SpeechRecognitionCore.framework/Versions/A/SpeechRecognitionCore
0x0000000106c00000 	/Library/Java/JavaVirtualMachines/jdk1.8.0_51.jdk/Contents/Home/jre/lib/server/libjvm.dylib
0x0000000005022000 	/usr/lib/libstdc++.6.dylib
0x00000001063df000 	/Library/Java/JavaVirtualMachines/jdk1.8.0_51.jdk/Contents/Home/jre/lib/libverify.dylib
0x0000000107c6c000 	/Library/Java/JavaVirtualMachines/jdk1.8.0_51.jdk/Contents/Home/jre/lib/libjava.dylib
0x00000001063f7000 	/Library/Java/JavaVirtualMachines/jdk1.8.0_51.jdk/Contents/Home/jre/lib/libzip.dylib
0x00000001ddf25000 	/System/Library/Frameworks/JavaVM.framework/Frameworks/JavaRuntimeSupport.framework/JavaRuntimeSupport
0x00000001ddf3b000 	/System/Library/Frameworks/JavaVM.framework/Versions/A/Frameworks/JavaNativeFoundation.framework/Versions/A/JavaNativeFoundation
0x00000001ddf4f000 	/System/Library/Frameworks/JavaVM.framework/Versions/A/JavaVM
0x0000000005022000 	/System/Library/Frameworks/Carbon.framework/Versions/A/Carbon
0x00000001171f5000 	/System/Library/PrivateFrameworks/JavaLaunching.framework/Versions/A/JavaLaunching
0x0000000005022000 	/System/Library/Frameworks/Carbon.framework/Versions/A/Frameworks/CommonPanels.framework/Versions/A/CommonPanels
0x0000000005022000 	/System/Library/Frameworks/Carbon.framework/Versions/A/Frameworks/Help.framework/Versions/A/Help
0x0000000005022000 	/System/Library/Frameworks/Carbon.framework/Versions/A/Frameworks/ImageCapture.framework/Versions/A/ImageCapture
0x0000000005022000 	/System/Library/Frameworks/Carbon.framework/Versions/A/Frameworks/OpenScripting.framework/Versions/A/OpenScripting
0x0000000005022000 	/System/Library/Frameworks/Carbon.framework/Versions/A/Frameworks/Print.framework/Versions/A/Print
0x0000000005022000 	/System/Library/Frameworks/Carbon.framework/Versions/A/Frameworks/SecurityHI.framework/Versions/A/SecurityHI
0x00000001dfe69000 	/Library/Java/JavaVirtualMachines/jdk1.8.0_51.jdk/Contents/Home/jre/lib/libawt.dylib
0x00000001dff11000 	/Library/Java/JavaVirtualMachines/jdk1.8.0_51.jdk/Contents/Home/jre/lib/./libmlib_image.dylib
0x00000001dffdd000 	/Library/Java/JavaVirtualMachines/jdk1.8.0_51.jdk/Contents/Home/jre/lib/libawt_lwawt.dylib
0x00000001e0091000 	/Library/Java/JavaVirtualMachines/jdk1.8.0_51.jdk/Contents/Home/jre/lib/./libosxapp.dylib
0x0000000005022000 	/System/Library/Frameworks/ExceptionHandling.framework/Versions/A/ExceptionHandling
0x0000000005022000 	/System/Library/PrivateFrameworks/CoreServicesInternal.framework/Versions/A/CoreServicesInternal
0x0000000005022000 	/System/Library/PrivateFrameworks/CloudDocs.framework/Versions/A/CloudDocs
0x0000000005022000 	/System/Library/PrivateFrameworks/CoreDuet.framework/Versions/A/CoreDuet
0x0000000005022000 	/System/Library/Frameworks/CloudKit.framework/Versions/A/CloudKit
0x0000000005022000 	/System/Library/PrivateFrameworks/ProtocolBuffer.framework/Versions/A/ProtocolBuffer
0x0000000005022000 	/System/Library/PrivateFrameworks/CoreDuetDaemonProtocol.framework/Versions/A/CoreDuetDaemonProtocol
0x0000000005022000 	/System/Library/PrivateFrameworks/CoreDuetDebugLogging.framework/Versions/A/CoreDuetDebugLogging
0x0000000005022000 	/System/Library/PrivateFrameworks/MMCS.framework/Versions/A/MMCS
0x0000000005022000 	/System/Library/Frameworks/CoreLocation.framework/Versions/A/CoreLocation
0x0000000005022000 	/System/Library/PrivateFrameworks/ProtectedCloudStorage.framework/Versions/A/ProtectedCloudStorage
0x0000000005022000 	/System/Library/PrivateFrameworks/GeoServices.framework/Versions/A/GeoServices
0x0000000005022000 	/System/Library/Frameworks/CoreGraphics.framework/Versions/A/Resources/libCGCMS.A.dylib
0x0000000005022000 	/System/Library/Frameworks/CoreGraphics.framework/Versions/A/Resources/libRIP.A.dylib
0x0000000005022000 	/System/Library/Frameworks/CoreGraphics.framework/Versions/A/Resources/libCGXType.A.dylib
0x0000000005022000 	/System/Library/Frameworks/OpenCL.framework/Versions/A/Libraries/libcldcpuengine.dylib
0x0000000005022000 	/System/Library/PrivateFrameworks/DiskImages.framework/Versions/A/DiskImages
0x0000000005022000 	/System/Library/Frameworks/DiscRecording.framework/Versions/A/DiscRecording
0x0000000005022000 	/usr/lib/libcsfde.dylib
0x0000000005022000 	/usr/lib/libcurl.4.dylib
0x0000000005022000 	/System/Library/PrivateFrameworks/MediaKit.framework/Versions/A/MediaKit
0x0000000005022000 	/usr/lib/libCoreStorage.dylib
0x0000000005022000 	/System/Library/PrivateFrameworks/EFILogin.framework/Versions/A/EFILogin
0x0000000005022000 	/usr/lib/libutil.dylib
0x0000000005022000 	/System/Library/PrivateFrameworks/FindMyDevice.framework/Versions/A/FindMyDevice
0x0000000005022000 	/System/Library/Frameworks/LDAP.framework/Versions/A/LDAP
0x0000000005022000 	/usr/lib/libsasl2.2.dylib
0x0000000005022000 	/System/Library/PrivateFrameworks/CoreDaemon.framework/Versions/B/CoreDaemon
0x0000000005022000 	/usr/lib/libcrypto.0.9.8.dylib
0x0000000005022000 	/System/Library/PrivateFrameworks/AppleSRP.framework/Versions/A/AppleSRP
0x0000000005022000 	/System/Library/PrivateFrameworks/TrustEvaluationAgent.framework/Versions/A/TrustEvaluationAgent
0x00000001e335d000 	cl_kernels
0x00000001e335f000 	/System/Library/Frameworks/OpenCL.framework/Versions/A/Libraries/ImageFormats/unorm8_bgra.dylib
0x00000001e334f000 	cl_kernels
0x0000000005022000 	/System/Library/PrivateFrameworks/FamilyControls.framework/Versions/A/FamilyControls
0x0000000005022000 	/System/Library/PrivateFrameworks/CommerceKit.framework/Versions/A/Frameworks/CommerceCore.framework/Versions/A/CommerceCore
0x0000000005022000 	/System/Library/PrivateFrameworks/SystemAdministration.framework/Versions/A/SystemAdministration
0x0000000005022000 	/System/Library/PrivateFrameworks/AppContainer.framework/Versions/A/AppContainer
0x0000000005022000 	/System/Library/PrivateFrameworks/SecCodeWrapper.framework/Versions/A/SecCodeWrapper
0x0000000005022000 	/System/Library/Frameworks/DirectoryService.framework/Versions/A/DirectoryService
0x0000000005022000 	/System/Library/PrivateFrameworks/LoginUIKit.framework/Versions/A/Frameworks/LoginUICore.framework/Versions/A/LoginUICore
0x0000000005022000 	/usr/lib/libodfde.dylib
0x00000001e45e3000 	/Library/Java/JavaVirtualMachines/jdk1.8.0_51.jdk/Contents/Home/jre/lib/libfontmanager.dylib
0x00000001e464a000 	/Users/IreneZhou/Desktop/unimelb/swen20003/assignment/project1/mulit_platform_slick_libraries/liblwjgl.dylib
0x00000001e27cd000 	/Library/Java/JavaVirtualMachines/jdk1.8.0_51.jdk/Contents/Home/jre/lib/libjawt.dylib
0x0000000005022000 	/System/Library/Frameworks/OpenGL.framework/Versions/A/Resources/GLEngine.bundle/GLEngine
0x0000000005022000 	/System/Library/Frameworks/OpenGL.framework/Versions/A/Libraries/libGLProgrammability.dylib
0x00000001e46d6000 	/System/Library/Extensions/AppleIntelBDWGraphicsGLDriver.bundle/Contents/MacOS/AppleIntelBDWGraphicsGLDriver
0x0000000005022000 	/System/Library/PrivateFrameworks/IOAccelerator.framework/Versions/A/IOAccelerator
0x0000000005022000 	/System/Library/PrivateFrameworks/GPUSupport.framework/Versions/A/Libraries/libGPUSupportMercury.dylib
0x0000000005022000 	/System/Library/Frameworks/OpenGL.framework/Versions/A/Resources/GLRendererFloat.bundle/GLRendererFloat
0x00000001e5af7000 	/Users/IreneZhou/Desktop/unimelb/swen20003/assignment/project1/mulit_platform_slick_libraries/libjinput-osx.dylib
0x00000001e5afc000 	/System/Library/Extensions/IOHIDFamily.kext/Contents/PlugIns/IOHIDLib.plugin/Contents/MacOS/IOHIDLib
0x00000001e5b2b000 	/Library/Java/JavaVirtualMachines/jdk1.8.0_51.jdk/Contents/Home/jre/lib/libnio.dylib
0x00000001e5b3b000 	/Library/Java/JavaVirtualMachines/jdk1.8.0_51.jdk/Contents/Home/jre/lib/./libnet.dylib

VM Arguments:
jvm_args: -Djava.library.path=/Users/IreneZhou/Desktop/unimelb/swen20003/assignment/project1/mulit_platform_slick_libraries -Dfile.encoding=UTF-8 
java_command: RPG
java_class_path (initial): /Users/IreneZhou/Documents/workspace/myproject2/bin:/Users/IreneZhou/Documents/workspace/myproject2/lib/jinput.jar:/Users/IreneZhou/Documents/workspace/myproject2/lib/lwjgl.jar:/Users/IreneZhou/Documents/workspace/myproject2/lib/slick.jar
Launcher Type: SUN_STANDARD

Environment Variables:
PATH=/usr/bin:/bin:/usr/sbin:/sbin
SHELL=/bin/bash

Signal Handlers:
SIGSEGV: [libjvm.dylib+0x58ef35], sa_mask[0]=11111111011111110111111111111111, sa_flags=SA_ONSTACK|SA_RESTART|SA_SIGINFO
SIGBUS: [libjvm.dylib+0x58ef35], sa_mask[0]=11111111011111110111111111111111, sa_flags=SA_RESTART|SA_SIGINFO
SIGFPE: [libjvm.dylib+0x46c028], sa_mask[0]=11111111011111110111111111111111, sa_flags=SA_RESTART|SA_SIGINFO
SIGPIPE: [libjvm.dylib+0x46c028], sa_mask[0]=11111111011111110111111111111111, sa_flags=SA_RESTART|SA_SIGINFO
SIGXFSZ: [libjvm.dylib+0x46c028], sa_mask[0]=11111111011111110111111111111111, sa_flags=SA_RESTART|SA_SIGINFO
SIGILL: [libjvm.dylib+0x46c028], sa_mask[0]=11111111011111110111111111111111, sa_flags=SA_RESTART|SA_SIGINFO
SIGUSR1: SIG_DFL, sa_mask[0]=00000000000000000000000000000000, sa_flags=none
SIGUSR2: [libjvm.dylib+0x46bb46], sa_mask[0]=00100000000000000000000000000000, sa_flags=SA_RESTART|SA_SIGINFO
SIGHUP: [libjvm.dylib+0x46a119], sa_mask[0]=11111111011111110111111111111111, sa_flags=SA_RESTART|SA_SIGINFO
SIGINT: [libjvm.dylib+0x46a119], sa_mask[0]=11111111011111110111111111111111, sa_flags=SA_RESTART|SA_SIGINFO
SIGTERM: [libjvm.dylib+0x46a119], sa_mask[0]=11111111011111110111111111111111, sa_flags=SA_RESTART|SA_SIGINFO
SIGQUIT: [libjvm.dylib+0x46a119], sa_mask[0]=11111111011111110111111111111111, sa_flags=SA_RESTART|SA_SIGINFO


---------------  S Y S T E M  ---------------

OS:Bsduname:Darwin 14.5.0 Darwin Kernel Version 14.5.0: Thu Apr 21 20:40:54 PDT 2016; root:xnu-2782.50.3~1/RELEASE_X86_64 x86_64
rlimit: STACK 8192k, CORE 0k, NPROC 709, NOFILE 10240, AS infinity
load average:1.74 1.60 1.58

CPU:total 4 (2 cores per cpu, 2 threads per core) family 6 model 61 stepping 4, cmov, cx8, fxsr, mmx, sse, sse2, sse3, ssse3, sse4.1, sse4.2, popcnt, avx, avx2, aes, clmul, erms, 3dnowpref, lzcnt, ht, tsc, tscinvbit, bmi1, bmi2, adx

Memory: 4k page, physical 8388608k(399924k free)

/proc/meminfo:


vm_info: Java HotSpot(TM) 64-Bit Server VM (25.51-b03) for bsd-amd64 JRE (1.8.0_51-b16), built on Jun  8 2015 18:01:11 by "java_re" with gcc 4.2.1 (Based on Apple Inc. build 5658) (LLVM build 2336.11.00)

time: Thu Oct 13 13:54:18 2016
elapsed time: 81 seconds (0d 0h 1m 21s)

