#
# A fatal error has been detected by the Java Runtime Environment:
#
#  SIGSEGV (0xb) at pc=0x00007fff85b360dd, pid=16259, tid=1811
#
# JRE version: Java(TM) SE Runtime Environment (8.0_51-b16) (build 1.8.0_51-b16)
# Java VM: Java HotSpot(TM) 64-Bit Server VM (25.51-b03 mixed mode bsd-amd64 compressed oops)
# Problematic frame:
# C  [libobjc.A.dylib+0x10dd]  objc_msgSend+0x1d
#
# Failed to write core dump. Core dumps have been disabled. To enable core dumping, try "ulimit -c unlimited" before starting Java again
#
# If you would like to submit a bug report, please visit:
#   http://bugreport.java.com/bugreport/crash.jsp
# The crash happened outside the Java Virtual Machine in native code.
# See problematic frame for where to report the bug.
#

---------------  T H R E A D  ---------------

Current thread (0x00007fe6728c6800):  JavaThread "AppKit Thread" daemon [_thread_in_native, id=1811, stack(0x00007fff5e739000,0x00007fff5ef39000)]

siginfo: si_signo: 11 (SIGSEGV), si_code: 1 (SEGV_MAPERR), si_addr: 0x000007fe670e0118

Registers:
RAX=0x00007fe670e43a80, RBX=0x00007fff5ef34a38, RCX=0x0000000000000000, RDX=0x00007fe67344a600
RSP=0x00007fff5ef34858, RBP=0x00007fff5ef34860, RSI=0x00007fff8988141e, RDI=0x00007fe670e43a80
R8 =0x00007fff5ef34840, R9 =0x0000000000000064, R10=0x00007fff8988141e, R11=0x000007fe670e0100
R12=0x00007fe670e0ff70, R13=0x00000000000f4303, R14=0x00007fe670fa1a00, R15=0x00007fff5ef34998
RIP=0x00007fff85b360dd, EFLAGS=0x0000000000010206, ERR=0x0000000000000004
  TRAPNO=0x000000000000000e

Top of Stack: (sp=0x00007fff5ef34858)
0x00007fff5ef34858:   00007fff8cfbf45c 00007fff5ef34bc0
0x00007fff5ef34868:   00007fff8ceaf634 00007fff5ef348ec
0x00007fff5ef34878:   00007fff5ef348f0 00007fff5ef348f4
0x00007fff5ef34888:   00007fff76817e00 ffffffffffffffff
0x00007fff5ef34898:   0000000000000960 00007fff76817e18
0x00007fff5ef348a8:   00007fe670fa1a00 0000000000000000
0x00007fff5ef348b8:   00007fff5ef34990 0000000000000000
0x00007fff5ef348c8:   00007fe670d38f90 00007fff5ef34a10
0x00007fff5ef348d8:   0000000000000064 00000000000f4305
0x00007fff5ef348e8:   00007fe67344a600 00007fe670d389c0
0x00007fff5ef348f8:   00007fe670e0ff70 0000000000000001
0x00007fff5ef34908:   00000000000f4303 00007fe670e0ff60
0x00007fff5ef34918:   00007fff8f482c05 000000017343abb0
0x00007fff5ef34928:   00007fff773290d0 0000000042000000
0x00007fff5ef34938:   00007fff8f489e63 00007fff767e2240
0x00007fff5ef34948:   00007fff5ef34a18 00007fff5ef34970
0x00007fff5ef34958:   00007fff5ef34990 0000000000000000
0x00007fff5ef34968:   0000000000000010 00021d0300000001
0x00007fff5ef34978:   00007fe670e0ff94 0000000000000000
0x00007fff5ef34988:   0000000000000000 00007fe670d39010
0x00007fff5ef34998:   00007fe670fa1a00 0000002000000000
0x00007fff5ef349a8:   0000000000000000 00007fff773290d0
0x00007fff5ef349b8:   0000000042000000 00007fff8f4894f8
0x00007fff5ef349c8:   00007fff767e2350 00007fff5ef34928
0x00007fff5ef349d8:   0000000000000000 00007fff5ef34aa8
0x00007fff5ef349e8:   00007fff75767ea0 00007fff5ef34ae0
0x00007fff5ef349f8:   00007fff8d568770 00007fff5ef34a90
0x00007fff5ef34a08:   00007fff88fb54ed 0000000000000051
0x00007fff5ef34a18:   0000000000000000 00000000000f42e2
0x00007fff5ef34a28:   0000000000000053 0000000000000000
0x00007fff5ef34a38:   00000000000f4303 00007fff5ef34ab4
0x00007fff5ef34a48:   000000000042dd01 00000000ffffffff 

Instructions: (pc=0x00007fff85b360dd)
0x00007fff85b360bd:   00 00 00 48 85 ff 2e 74 7a 40 f6 c7 01 2e 75 7e
0x00007fff85b360cd:   49 bb f8 ff ff ff ff 7f 00 00 4c 23 1f 49 89 f2
0x00007fff85b360dd:   45 23 53 18 49 c1 e2 04 4d 03 53 10 49 3b 32 75
0x00007fff85b360ed:   04 41 ff 62 08 49 83 3a 00 74 6a 4d 3b 53 10 74 

Register to memory mapping:

RAX=0x00007fe670e43a80 is an unknown value
RBX=0x00007fff5ef34a38 is pointing into the stack for thread: 0x00007fe6728c6800
RCX=0x0000000000000000 is an unknown value
RDX=0x00007fe67344a600 is an unknown value
RSP=0x00007fff5ef34858 is pointing into the stack for thread: 0x00007fe6728c6800
RBP=0x00007fff5ef34860 is pointing into the stack for thread: 0x00007fe6728c6800
RSI=0x00007fff8988141e: -[NSTitlebarContainerView transparent]+0x5e312 in /System/Library/Frameworks/AppKit.framework/Versions/C/AppKit at 0x00007fff88e80000
RDI=0x00007fe670e43a80 is an unknown value
R8 =0x00007fff5ef34840 is pointing into the stack for thread: 0x00007fe6728c6800
R9 =0x0000000000000064 is an unknown value
R10=0x00007fff8988141e: -[NSTitlebarContainerView transparent]+0x5e312 in /System/Library/Frameworks/AppKit.framework/Versions/C/AppKit at 0x00007fff88e80000
R11=0x000007fe670e0100 is an unknown value
R12=0x00007fe670e0ff70 is an unknown value
R13=0x00000000000f4303 is an unknown value
R14=0x00007fe670fa1a00 is an unknown value
R15=0x00007fff5ef34998 is pointing into the stack for thread: 0x00007fe6728c6800


Stack: [0x00007fff5e739000,0x00007fff5ef39000],  sp=0x00007fff5ef34858,  free space=8174k
Native frames: (J=compiled Java code, j=interpreted, Vv=VM code, C=native code)
C  [libobjc.A.dylib+0x10dd]  objc_msgSend+0x1d
C  [CoreFoundation+0x10634]  _CFXNotificationPost+0xc44
C  [Foundation+0x7aa1]  -[NSNotificationCenter postNotificationName:object:userInfo:]+0x42
C  [AppKit+0x439c2]  -[NSSurface _disposeSurface]+0x98
C  [AppKit+0x43426]  -[NSSurface setWindow:]+0x42
C  [AppKit+0x33910]  -[NSView _setWindow:]+0xa33
C  [AppKit+0x6af91]  -[NSView removeFromSuperview]+0x1c5
C  [AppKit+0x14bd99]  -[NSView removeFromSuperviewWithoutNeedingDisplay]+0x26
C  [liblwjgl.dylib+0xa205]  +[MacOSXKeyableWindow destroyWindow]+0xb5
C  [Foundation+0x92dd0]  __NSThreadPerformPerform+0x125
C  [CoreFoundation+0x80a01]  __CFRUNLOOP_IS_CALLING_OUT_TO_A_SOURCE0_PERFORM_FUNCTION__+0x11
C  [CoreFoundation+0x72b8d]  __CFRunLoopDoSources0+0x10d
C  [CoreFoundation+0x721bf]  __CFRunLoopRun+0x39f
C  [CoreFoundation+0x71bd8]  CFRunLoopRunSpecific+0x128
C  [HIToolbox+0x3256f]  RunCurrentEventLoopInMode+0xeb
C  [HIToolbox+0x322ea]  ReceiveNextEventCommon+0x1af
C  [HIToolbox+0x3212b]  _BlockUntilNextEventMatchingListInModeWithFilter+0x47
C  [AppKit+0x918ab]  _DPSNextEvent+0x3d2
C  [AppKit+0x90e58]  -[NSApplication nextEventMatchingMask:untilDate:inMode:dequeue:]+0x15a
C  [libosxapp.dylib+0x242a]  -[NSApplicationAWT nextEventMatchingMask:untilDate:inMode:dequeue:]+0x7c
C  [AppKit+0x86af3]  -[NSApplication run]+0x252
C  [libosxapp.dylib+0x223e]  +[NSApplicationAWT runAWTLoopWithApp:]+0x9c
C  [libawt_lwawt.dylib+0x4454b]  -[AWTStarter starter:]+0x389
C  [Foundation+0x92dd0]  __NSThreadPerformPerform+0x125
C  [CoreFoundation+0x80a01]  __CFRUNLOOP_IS_CALLING_OUT_TO_A_SOURCE0_PERFORM_FUNCTION__+0x11
C  [CoreFoundation+0x72b8d]  __CFRunLoopDoSources0+0x10d
C  [CoreFoundation+0x721bf]  __CFRunLoopRun+0x39f
C  [CoreFoundation+0x71bd8]  CFRunLoopRunSpecific+0x128
C  [java+0x6463]  CreateExecutionEnvironment+0x367
C  [java+0x21ac]  JLI_Launch+0x7a0
C  [java+0x84c0]  main+0x65
C  [java+0x1a04]  start+0x34
C  0x0000000000000006


---------------  P R O C E S S  ---------------

Java Threads: ( => current thread )
  0x00007fe672862000 JavaThread "AWT-Shutdown" [_thread_blocked, id=28191, stack(0x000000011bf97000,0x000000011c097000)]
  0x00007fe672a8b000 JavaThread "Java2D Queue Flusher" daemon [_thread_blocked, id=54279, stack(0x0000000120730000,0x0000000120830000)]
  0x00007fe671169800 JavaThread "Java2D Disposer" daemon [_thread_blocked, id=49699, stack(0x00000001204d3000,0x00000001205d3000)]
=>0x00007fe6728c6800 JavaThread "AppKit Thread" daemon [_thread_in_native, id=1811, stack(0x00007fff5e739000,0x00007fff5ef39000)]
  0x00007fe67288f800 JavaThread "Service Thread" daemon [_thread_blocked, id=18179, stack(0x000000011a443000,0x000000011a543000)]
  0x00007fe67100e800 JavaThread "C1 CompilerThread2" daemon [_thread_blocked, id=17667, stack(0x000000011a340000,0x000000011a440000)]
  0x00007fe67100d800 JavaThread "C2 CompilerThread1" daemon [_thread_blocked, id=17155, stack(0x000000011a23d000,0x000000011a33d000)]
  0x00007fe672832000 JavaThread "C2 CompilerThread0" daemon [_thread_blocked, id=16643, stack(0x000000011a13a000,0x000000011a23a000)]
  0x00007fe67282c000 JavaThread "Signal Dispatcher" daemon [_thread_blocked, id=13335, stack(0x000000011a037000,0x000000011a137000)]
  0x00007fe672010800 JavaThread "Finalizer" daemon [_thread_blocked, id=11523, stack(0x0000000118617000,0x0000000118717000)]
  0x00007fe672859000 JavaThread "Reference Handler" daemon [_thread_blocked, id=11011, stack(0x0000000118514000,0x0000000118614000)]
  0x00007fe672008000 JavaThread "main" [_thread_in_native, id=4867, stack(0x000000010256a000,0x000000010266a000)]

Other Threads:
  0x00007fe672856800 VMThread [stack: 0x0000000118411000,0x0000000118511000] [id=10499]
  0x00007fe672861800 WatcherThread [stack: 0x000000011a546000,0x000000011a646000] [id=18691]

VM state:not at safepoint (normal execution)

VM Mutex/Monitor currently owned by a thread: None

Heap:
 PSYoungGen      total 38400K, used 23017K [0x0000000795580000, 0x0000000798000000, 0x00000007c0000000)
  eden space 33280K, 54% used [0x0000000795580000,0x0000000796728db8,0x0000000797600000)
  from space 5120K, 96% used [0x0000000797b00000,0x0000000797fd1888,0x0000000798000000)
  to   space 5120K, 0% used [0x0000000797600000,0x0000000797600000,0x0000000797b00000)
 ParOldGen       total 87552K, used 781K [0x0000000740000000, 0x0000000745580000, 0x0000000795580000)
  object space 87552K, 0% used [0x0000000740000000,0x00000007400c3438,0x0000000745580000)
 Metaspace       used 10868K, capacity 11037K, committed 11264K, reserved 1058816K
  class space    used 1150K, capacity 1213K, committed 1280K, reserved 1048576K

Card table byte_map: [0x0000000111a61000,0x0000000111e62000] byte_map_base: 0x000000010e061000

Marking Bits: (ParMarkBitMap*) 0x0000000101ec27a0
 Begin Bits: [0x0000000112519000, 0x0000000114519000)
 End Bits:   [0x0000000114519000, 0x0000000116519000)

Polling page: 0x0000000100deb000

CodeCache: size=245760Kb used=4502Kb max_used=4502Kb free=241257Kb
 bounds [0x00000001026a1000, 0x0000000102b11000, 0x00000001116a1000]
 total_blobs=1659 nmethods=1135 adapters=438
 compilation: enabled

Compilation events (10 events):
Event: 16.561 Thread 0x00007fe67100e800 1132       3       java.nio.Buffer::nextGetIndex (38 bytes)
Event: 16.561 Thread 0x00007fe67100e800 nmethod 1132 0x0000000102af15d0 code [0x0000000102af1740, 0x0000000102af1968]
Event: 17.219 Thread 0x00007fe67100e800 1133       3       java.nio.HeapByteBuffer::putInt (20 bytes)
Event: 17.220 Thread 0x00007fe67100e800 nmethod 1133 0x0000000102af0f10 code [0x0000000102af10a0, 0x0000000102af1468]
Event: 17.220 Thread 0x00007fe67100e800 1134       3       java.nio.Bits::putInt (20 bytes)
Event: 17.220 Thread 0x00007fe67100e800 nmethod 1134 0x0000000102b081d0 code [0x0000000102b08340, 0x0000000102b08538]
Event: 17.241 Thread 0x00007fe67100e800 1135       3       java.nio.HeapByteBuffer::getInt (18 bytes)
Event: 17.242 Thread 0x00007fe67100e800 nmethod 1135 0x0000000102b08610 code [0x0000000102b08820, 0x0000000102b09148]
Event: 17.242 Thread 0x00007fe67100e800 1136       3       java.nio.Bits::getInt (18 bytes)
Event: 17.242 Thread 0x00007fe67100e800 nmethod 1136 0x0000000102b09910 code [0x0000000102b09b20, 0x0000000102b0a4d8]

GC Heap History (4 events):
Event: 4.221 GC heap before
{Heap before GC invocations=1 (full 0):
 PSYoungGen      total 38400K, used 33280K [0x0000000795580000, 0x0000000798000000, 0x00000007c0000000)
  eden space 33280K, 100% used [0x0000000795580000,0x0000000797600000,0x0000000797600000)
  from space 5120K, 0% used [0x0000000797b00000,0x0000000797b00000,0x0000000798000000)
  to   space 5120K, 0% used [0x0000000797600000,0x0000000797600000,0x0000000797b00000)
 ParOldGen       total 87552K, used 0K [0x0000000740000000, 0x0000000745580000, 0x0000000795580000)
  object space 87552K, 0% used [0x0000000740000000,0x0000000740000000,0x0000000745580000)
 Metaspace       used 10828K, capacity 11037K, committed 11264K, reserved 1058816K
  class space    used 1146K, capacity 1213K, committed 1280K, reserved 1048576K
Event: 4.228 GC heap after
Heap after GC invocations=1 (full 0):
 PSYoungGen      total 38400K, used 5116K [0x0000000795580000, 0x0000000798000000, 0x00000007c0000000)
  eden space 33280K, 0% used [0x0000000795580000,0x0000000795580000,0x0000000797600000)
  from space 5120K, 99% used [0x0000000797600000,0x0000000797aff120,0x0000000797b00000)
  to   space 5120K, 0% used [0x0000000797b00000,0x0000000797b00000,0x0000000798000000)
 ParOldGen       total 87552K, used 773K [0x0000000740000000, 0x0000000745580000, 0x0000000795580000)
  object space 87552K, 0% used [0x0000000740000000,0x00000007400c1438,0x0000000745580000)
 Metaspace       used 10828K, capacity 11037K, committed 11264K, reserved 1058816K
  class space    used 1146K, capacity 1213K, committed 1280K, reserved 1048576K
}
Event: 12.607 GC heap before
{Heap before GC invocations=2 (full 0):
 PSYoungGen      total 38400K, used 38396K [0x0000000795580000, 0x0000000798000000, 0x00000007c0000000)
  eden space 33280K, 100% used [0x0000000795580000,0x0000000797600000,0x0000000797600000)
  from space 5120K, 99% used [0x0000000797600000,0x0000000797aff120,0x0000000797b00000)
  to   space 5120K, 0% used [0x0000000797b00000,0x0000000797b00000,0x0000000798000000)
 ParOldGen       total 87552K, used 773K [0x0000000740000000, 0x0000000745580000, 0x0000000795580000)
  object space 87552K, 0% used [0x0000000740000000,0x00000007400c1438,0x0000000745580000)
 Metaspace       used 10854K, capacity 11037K, committed 11264K, reserved 1058816K
  class space    used 1150K, capacity 1213K, committed 1280K, reserved 1048576K
Event: 12.613 GC heap after
Heap after GC invocations=2 (full 0):
 PSYoungGen      total 38400K, used 4934K [0x0000000795580000, 0x0000000798000000, 0x00000007c0000000)
  eden space 33280K, 0% used [0x0000000795580000,0x0000000795580000,0x0000000797600000)
  from space 5120K, 96% used [0x0000000797b00000,0x0000000797fd1888,0x0000000798000000)
  to   space 5120K, 0% used [0x0000000797600000,0x0000000797600000,0x0000000797b00000)
 ParOldGen       total 87552K, used 781K [0x0000000740000000, 0x0000000745580000, 0x0000000795580000)
  object space 87552K, 0% used [0x0000000740000000,0x00000007400c3438,0x0000000745580000)
 Metaspace       used 10854K, capacity 11037K, committed 11264K, reserved 1058816K
  class space    used 1150K, capacity 1213K, committed 1280K, reserved 1048576K
}

Deoptimization events (10 events):
Event: 1.453 Thread 0x00007fe672008000 Uncommon trap: reason=unstable_if action=reinterpret pc=0x00000001029663c0 method=sun.awt.image.ByteInterleavedRaster.getDataElements(IILjava/lang/Object;)Ljava/lang/Object; @ 43
Event: 1.512 Thread 0x00007fe672008000 Uncommon trap: reason=unstable_if action=reinterpret pc=0x00000001028e4b80 method=java.lang.String.regionMatches(ZILjava/lang/String;II)Z @ 123
Event: 1.517 Thread 0x00007fe672008000 Uncommon trap: reason=unstable_if action=reinterpret pc=0x0000000102984dd4 method=org.newdawn.slick.opengl.PNGDecoder.unfilterPaeth([B[B)V @ 149
Event: 2.604 Thread 0x00007fe672008000 Uncommon trap: reason=null_check action=make_not_entrant pc=0x0000000102a18768 method=org.newdawn.slick.AngelCodeFont.getWidth(Ljava/lang/String;)I @ 17
Event: 2.604 Thread 0x00007fe672008000 Uncommon trap: reason=null_check action=make_not_entrant pc=0x0000000102a1c3b4 method=org.newdawn.slick.AngelCodeFont.drawString(FFLjava/lang/String;Lorg/newdawn/slick/Color;II)V @ 54
Event: 2.644 Thread 0x00007fe672008000 Uncommon trap: reason=unstable_if action=reinterpret pc=0x0000000102a23444 method=java.util.LinkedHashMap.afterNodeAccess(Ljava/util/HashMap$Node;)V @ 41
Event: 2.644 Thread 0x00007fe672008000 Uncommon trap: reason=unstable_if action=reinterpret pc=0x0000000102a53dc0 method=java.util.LinkedHashMap.afterNodeAccess(Ljava/util/HashMap$Node;)V @ 41
Event: 2.644 Thread 0x00007fe672008000 Uncommon trap: reason=unstable_if action=reinterpret pc=0x0000000102a49ae8 method=java.util.LinkedHashMap.afterNodeAccess(Ljava/util/HashMap$Node;)V @ 41
Event: 2.644 Thread 0x00007fe672008000 Uncommon trap: reason=unstable_if action=reinterpret pc=0x00000001029f76bc method=java.util.LinkedHashMap.afterNodeAccess(Ljava/util/HashMap$Node;)V @ 41
Event: 4.531 Thread 0x00007fe672008000 Uncommon trap: reason=unstable_if action=reinterpret pc=0x0000000102a45f44 method=Passive_Monster.move(LWorld;DDDZI)V @ 351

Internal exceptions (10 events):
Event: 0.036 Thread 0x00007fe672008000 Exception <a 'java/lang/NoSuchMethodError': Method sun.misc.Unsafe.defineClass(Ljava/lang/String;[BII)Ljava/lang/Class; name or signature does not match> (0x0000000795592c10) thrown at [/Users/java_re/workspace/8-2-build-macosx-x86_64/jdk8u51/3951/hotspot
Event: 0.036 Thread 0x00007fe672008000 Exception <a 'java/lang/NoSuchMethodError': Method sun.misc.Unsafe.prefetchRead(Ljava/lang/Object;J)V name or signature does not match> (0x0000000795592ea0) thrown at [/Users/java_re/workspace/8-2-build-macosx-x86_64/jdk8u51/3951/hotspot/src/share/vm/prim
Event: 0.127 Thread 0x00007fe672008000 Exception <a 'java/security/PrivilegedActionException'> (0x000000079587d208) thrown at [/Users/java_re/workspace/8-2-build-macosx-x86_64/jdk8u51/3951/hotspot/src/share/vm/prims/jvm.cpp, line 1382]
Event: 0.127 Thread 0x00007fe672008000 Exception <a 'java/security/PrivilegedActionException'> (0x000000079587d3c0) thrown at [/Users/java_re/workspace/8-2-build-macosx-x86_64/jdk8u51/3951/hotspot/src/share/vm/prims/jvm.cpp, line 1382]
Event: 0.127 Thread 0x00007fe672008000 Exception <a 'java/security/PrivilegedActionException'> (0x0000000795880740) thrown at [/Users/java_re/workspace/8-2-build-macosx-x86_64/jdk8u51/3951/hotspot/src/share/vm/prims/jvm.cpp, line 1382]
Event: 0.127 Thread 0x00007fe672008000 Exception <a 'java/security/PrivilegedActionException'> (0x00000007958808f8) thrown at [/Users/java_re/workspace/8-2-build-macosx-x86_64/jdk8u51/3951/hotspot/src/share/vm/prims/jvm.cpp, line 1382]
Event: 0.295 Thread 0x00007fe672008000 Exception <a 'java/io/FileNotFoundException'> (0x00000007958847c8) thrown at [/Users/java_re/workspace/8-2-build-macosx-x86_64/jdk8u51/3951/hotspot/src/share/vm/prims/jni.cpp, line 709]
Event: 0.295 Thread 0x00007fe672008000 Exception <a 'java/io/FileNotFoundException'> (0x0000000795885308) thrown at [/Users/java_re/workspace/8-2-build-macosx-x86_64/jdk8u51/3951/hotspot/src/share/vm/prims/jni.cpp, line 709]
Event: 0.372 Thread 0x00007fe6728c6800 Exception <a 'java/lang/NoSuchFieldError': method resolution failed> (0x0000000795a38558) thrown at [/Users/java_re/workspace/8-2-build-macosx-x86_64/jdk8u51/3951/hotspot/src/share/vm/prims/methodHandles.cpp, line 1125]
Event: 0.375 Thread 0x00007fe6728c6800 Exception <a 'java/lang/NoSuchFieldError': method resolution failed> (0x0000000795a46bf8) thrown at [/Users/java_re/workspace/8-2-build-macosx-x86_64/jdk8u51/3951/hotspot/src/share/vm/prims/methodHandles.cpp, line 1125]

Events (10 events):
Event: 7.244 Thread 0x00007fe67106f000 Thread exited: 0x00007fe67106f000
Event: 9.629 Thread 0x00007fe67221f800 Thread added: 0x00007fe67221f800
Event: 12.607 Executing VM operation: ParallelGCFailedAllocation
Event: 12.613 Executing VM operation: ParallelGCFailedAllocation done
Event: 12.941 Executing VM operation: RevokeBias
Event: 12.941 Executing VM operation: RevokeBias done
Event: 12.941 Thread 0x00007fe67221f800 Thread exited: 0x00007fe67221f800
Event: 13.885 Thread 0x00007fe672862000 Thread added: 0x00007fe672862000
Event: 17.381 loading class org/lwjgl/opengl/CallbackUtil
Event: 17.381 loading class org/lwjgl/opengl/CallbackUtil done


Dynamic libraries:
0x0000000005022000 	/System/Library/Frameworks/Cocoa.framework/Versions/A/Cocoa
0x0000000005022000 	/System/Library/Frameworks/Security.framework/Versions/A/Security
0x0000000005022000 	/System/Library/Frameworks/ApplicationServices.framework/Versions/A/ApplicationServices
0x0000000005022000 	/usr/lib/libz.1.dylib
0x0000000005022000 	/usr/lib/libSystem.B.dylib
0x0000000005022000 	/usr/lib/libobjc.A.dylib
0x0000000005022000 	/System/Library/Frameworks/CoreFoundation.framework/Versions/A/CoreFoundation
0x0000000005022000 	/System/Library/Frameworks/Foundation.framework/Versions/C/Foundation
0x0000000005022000 	/System/Library/Frameworks/AppKit.framework/Versions/C/AppKit
0x0000000005022000 	/System/Library/Frameworks/CoreData.framework/Versions/A/CoreData
0x0000000005022000 	/System/Library/PrivateFrameworks/RemoteViewServices.framework/Versions/A/RemoteViewServices
0x0000000005022000 	/System/Library/PrivateFrameworks/UIFoundation.framework/Versions/A/UIFoundation
0x0000000005022000 	/System/Library/Frameworks/IOSurface.framework/Versions/A/IOSurface
0x0000000005022000 	/System/Library/Frameworks/AudioToolbox.framework/Versions/A/AudioToolbox
0x0000000005022000 	/System/Library/Frameworks/AudioUnit.framework/Versions/A/AudioUnit
0x0000000005022000 	/System/Library/PrivateFrameworks/DataDetectorsCore.framework/Versions/A/DataDetectorsCore
0x0000000005022000 	/System/Library/PrivateFrameworks/DesktopServicesPriv.framework/Versions/A/DesktopServicesPriv
0x0000000005022000 	/System/Library/Frameworks/Carbon.framework/Versions/A/Frameworks/HIToolbox.framework/Versions/A/HIToolbox
0x0000000005022000 	/System/Library/Frameworks/QuartzCore.framework/Versions/A/QuartzCore
0x0000000005022000 	/System/Library/Frameworks/Carbon.framework/Versions/A/Frameworks/SpeechRecognition.framework/Versions/A/SpeechRecognition
0x0000000005022000 	/usr/lib/libauto.dylib
0x0000000005022000 	/usr/lib/libicucore.A.dylib
0x0000000005022000 	/usr/lib/libxml2.2.dylib
0x0000000005022000 	/System/Library/PrivateFrameworks/CoreUI.framework/Versions/A/CoreUI
0x0000000005022000 	/System/Library/Frameworks/CoreAudio.framework/Versions/A/CoreAudio
0x0000000005022000 	/System/Library/Frameworks/DiskArbitration.framework/Versions/A/DiskArbitration
0x0000000005022000 	/usr/lib/liblangid.dylib
0x0000000005022000 	/System/Library/PrivateFrameworks/MultitouchSupport.framework/Versions/A/MultitouchSupport
0x0000000005022000 	/System/Library/Frameworks/IOKit.framework/Versions/A/IOKit
0x0000000005022000 	/usr/lib/libDiagnosticMessagesClient.dylib
0x0000000005022000 	/System/Library/Frameworks/CoreServices.framework/Versions/A/CoreServices
0x0000000005022000 	/System/Library/PrivateFrameworks/PerformanceAnalysis.framework/Versions/A/PerformanceAnalysis
0x0000000005022000 	/System/Library/PrivateFrameworks/GenerationalStorage.framework/Versions/A/GenerationalStorage
0x0000000005022000 	/System/Library/Frameworks/OpenGL.framework/Versions/A/OpenGL
0x0000000005022000 	/System/Library/PrivateFrameworks/Sharing.framework/Versions/A/Sharing
0x0000000005022000 	/System/Library/Frameworks/CoreGraphics.framework/Versions/A/CoreGraphics
0x0000000005022000 	/System/Library/Frameworks/CoreText.framework/Versions/A/CoreText
0x0000000005022000 	/System/Library/Frameworks/ImageIO.framework/Versions/A/ImageIO
0x0000000005022000 	/usr/lib/libextension.dylib
0x0000000005022000 	/System/Library/PrivateFrameworks/Backup.framework/Versions/A/Backup
0x0000000005022000 	/usr/lib/libarchive.2.dylib
0x0000000005022000 	/System/Library/Frameworks/CFNetwork.framework/Versions/A/CFNetwork
0x0000000005022000 	/System/Library/Frameworks/SystemConfiguration.framework/Versions/A/SystemConfiguration
0x0000000005022000 	/usr/lib/libCRFSuite.dylib
0x0000000005022000 	/usr/lib/libc++.1.dylib
0x0000000005022000 	/usr/lib/libc++abi.dylib
0x0000000005022000 	/usr/lib/system/libcache.dylib
0x0000000005022000 	/usr/lib/system/libcommonCrypto.dylib
0x0000000005022000 	/usr/lib/system/libcompiler_rt.dylib
0x0000000005022000 	/usr/lib/system/libcopyfile.dylib
0x0000000005022000 	/usr/lib/system/libcorecrypto.dylib
0x0000000005022000 	/usr/lib/system/libdispatch.dylib
0x0000000005022000 	/usr/lib/system/libdyld.dylib
0x0000000005022000 	/usr/lib/system/libkeymgr.dylib
0x0000000005022000 	/usr/lib/system/liblaunch.dylib
0x0000000005022000 	/usr/lib/system/libmacho.dylib
0x0000000005022000 	/usr/lib/system/libquarantine.dylib
0x0000000005022000 	/usr/lib/system/libremovefile.dylib
0x0000000005022000 	/usr/lib/system/libsystem_asl.dylib
0x0000000005022000 	/usr/lib/system/libsystem_blocks.dylib
0x0000000005022000 	/usr/lib/system/libsystem_c.dylib
0x0000000005022000 	/usr/lib/system/libsystem_configuration.dylib
0x0000000005022000 	/usr/lib/system/libsystem_coreservices.dylib
0x0000000005022000 	/usr/lib/system/libsystem_coretls.dylib
0x0000000005022000 	/usr/lib/system/libsystem_dnssd.dylib
0x0000000005022000 	/usr/lib/system/libsystem_info.dylib
0x0000000005022000 	/usr/lib/system/libsystem_kernel.dylib
0x0000000005022000 	/usr/lib/system/libsystem_m.dylib
0x0000000005022000 	/usr/lib/system/libsystem_malloc.dylib
0x0000000005022000 	/usr/lib/system/libsystem_network.dylib
0x0000000005022000 	/usr/lib/system/libsystem_networkextension.dylib
0x0000000005022000 	/usr/lib/system/libsystem_notify.dylib
0x0000000005022000 	/usr/lib/system/libsystem_platform.dylib
0x0000000005022000 	/usr/lib/system/libsystem_pthread.dylib
0x0000000005022000 	/usr/lib/system/libsystem_sandbox.dylib
0x0000000005022000 	/usr/lib/system/libsystem_secinit.dylib
0x0000000005022000 	/usr/lib/system/libsystem_stats.dylib
0x0000000005022000 	/usr/lib/system/libsystem_trace.dylib
0x0000000005022000 	/usr/lib/system/libunc.dylib
0x0000000005022000 	/usr/lib/system/libunwind.dylib
0x0000000005022000 	/usr/lib/system/libxpc.dylib
0x0000000005022000 	/usr/lib/libbz2.1.0.dylib
0x0000000005022000 	/usr/lib/liblzma.5.dylib
0x0000000005022000 	/usr/lib/libbsm.0.dylib
0x0000000005022000 	/usr/lib/libsqlite3.dylib
0x0000000005022000 	/usr/lib/system/libkxld.dylib
0x0000000005022000 	/usr/lib/libxar.1.dylib
0x0000000005022000 	/usr/lib/libpam.2.dylib
0x0000000005022000 	/usr/lib/libOpenScriptingUtil.dylib
0x0000000005022000 	/System/Library/Frameworks/CoreServices.framework/Versions/A/Frameworks/FSEvents.framework/Versions/A/FSEvents
0x0000000005022000 	/System/Library/Frameworks/CoreServices.framework/Versions/A/Frameworks/CarbonCore.framework/Versions/A/CarbonCore
0x0000000005022000 	/System/Library/Frameworks/CoreServices.framework/Versions/A/Frameworks/Metadata.framework/Versions/A/Metadata
0x0000000005022000 	/System/Library/Frameworks/CoreServices.framework/Versions/A/Frameworks/OSServices.framework/Versions/A/OSServices
0x0000000005022000 	/System/Library/Frameworks/CoreServices.framework/Versions/A/Frameworks/SearchKit.framework/Versions/A/SearchKit
0x0000000005022000 	/System/Library/Frameworks/CoreServices.framework/Versions/A/Frameworks/AE.framework/Versions/A/AE
0x0000000005022000 	/System/Library/Frameworks/CoreServices.framework/Versions/A/Frameworks/LaunchServices.framework/Versions/A/LaunchServices
0x0000000005022000 	/System/Library/Frameworks/CoreServices.framework/Versions/A/Frameworks/DictionaryServices.framework/Versions/A/DictionaryServices
0x0000000005022000 	/System/Library/Frameworks/NetFS.framework/Versions/A/NetFS
0x0000000005022000 	/System/Library/PrivateFrameworks/NetAuth.framework/Versions/A/NetAuth
0x0000000005022000 	/System/Library/PrivateFrameworks/login.framework/Versions/A/Frameworks/loginsupport.framework/Versions/A/loginsupport
0x0000000005022000 	/System/Library/PrivateFrameworks/TCC.framework/Versions/A/TCC
0x0000000005022000 	/usr/lib/libmecabra.dylib
0x0000000005022000 	/System/Library/Frameworks/ApplicationServices.framework/Versions/A/Frameworks/ATS.framework/Versions/A/ATS
0x0000000005022000 	/System/Library/Frameworks/ApplicationServices.framework/Versions/A/Frameworks/ColorSync.framework/Versions/A/ColorSync
0x0000000005022000 	/System/Library/Frameworks/ApplicationServices.framework/Versions/A/Frameworks/HIServices.framework/Versions/A/HIServices
0x0000000005022000 	/System/Library/Frameworks/ApplicationServices.framework/Versions/A/Frameworks/LangAnalysis.framework/Versions/A/LangAnalysis
0x0000000005022000 	/System/Library/Frameworks/ApplicationServices.framework/Versions/A/Frameworks/PrintCore.framework/Versions/A/PrintCore
0x0000000005022000 	/System/Library/Frameworks/ApplicationServices.framework/Versions/A/Frameworks/QD.framework/Versions/A/QD
0x0000000005022000 	/System/Library/Frameworks/ApplicationServices.framework/Versions/A/Frameworks/SpeechSynthesis.framework/Versions/A/SpeechSynthesis
0x0000000005022000 	/System/Library/Frameworks/Accelerate.framework/Versions/A/Accelerate
0x0000000005022000 	/System/Library/Frameworks/Accelerate.framework/Versions/A/Frameworks/vImage.framework/Versions/A/vImage
0x0000000005022000 	/System/Library/Frameworks/Accelerate.framework/Versions/A/Frameworks/vecLib.framework/Versions/A/vecLib
0x0000000005022000 	/System/Library/Frameworks/Accelerate.framework/Versions/A/Frameworks/vecLib.framework/Versions/A/libvDSP.dylib
0x0000000005022000 	/System/Library/Frameworks/Accelerate.framework/Versions/A/Frameworks/vecLib.framework/Versions/A/libvMisc.dylib
0x0000000005022000 	/System/Library/Frameworks/Accelerate.framework/Versions/A/Frameworks/vecLib.framework/Versions/A/libLAPACK.dylib
0x0000000005022000 	/System/Library/Frameworks/Accelerate.framework/Versions/A/Frameworks/vecLib.framework/Versions/A/libBLAS.dylib
0x0000000005022000 	/System/Library/Frameworks/Accelerate.framework/Versions/A/Frameworks/vecLib.framework/Versions/A/libLinearAlgebra.dylib
0x0000000005022000 	/System/Library/Frameworks/ApplicationServices.framework/Versions/A/Frameworks/ATS.framework/Versions/A/Resources/libFontParser.dylib
0x0000000005022000 	/System/Library/Frameworks/ApplicationServices.framework/Versions/A/Frameworks/ATS.framework/Versions/A/Resources/libFontRegistry.dylib
0x0000000005022000 	/System/Library/PrivateFrameworks/AppleVPA.framework/Versions/A/AppleVPA
0x0000000005022000 	/System/Library/PrivateFrameworks/AppleJPEG.framework/Versions/A/AppleJPEG
0x0000000005022000 	/System/Library/Frameworks/ImageIO.framework/Versions/A/Resources/libJPEG.dylib
0x0000000005022000 	/System/Library/Frameworks/ImageIO.framework/Versions/A/Resources/libTIFF.dylib
0x0000000005022000 	/System/Library/Frameworks/ImageIO.framework/Versions/A/Resources/libPng.dylib
0x0000000005022000 	/System/Library/Frameworks/ImageIO.framework/Versions/A/Resources/libGIF.dylib
0x0000000005022000 	/System/Library/Frameworks/ImageIO.framework/Versions/A/Resources/libJP2.dylib
0x0000000005022000 	/System/Library/Frameworks/ImageIO.framework/Versions/A/Resources/libRadiance.dylib
0x0000000005022000 	/System/Library/Frameworks/CoreVideo.framework/Versions/A/CoreVideo
0x0000000005022000 	/System/Library/Frameworks/OpenGL.framework/Versions/A/Libraries/libGLU.dylib
0x0000000005022000 	/System/Library/Frameworks/OpenGL.framework/Versions/A/Libraries/libGFXShared.dylib
0x0000000005022000 	/System/Library/Frameworks/OpenGL.framework/Versions/A/Libraries/libGL.dylib
0x0000000005022000 	/System/Library/Frameworks/OpenGL.framework/Versions/A/Libraries/libGLImage.dylib
0x0000000005022000 	/System/Library/Frameworks/OpenGL.framework/Versions/A/Libraries/libCVMSPluginSupport.dylib
0x0000000005022000 	/System/Library/Frameworks/OpenGL.framework/Versions/A/Libraries/libCoreVMClient.dylib
0x0000000005022000 	/usr/lib/libcups.2.dylib
0x0000000005022000 	/System/Library/Frameworks/Kerberos.framework/Versions/A/Kerberos
0x0000000005022000 	/System/Library/Frameworks/GSS.framework/Versions/A/GSS
0x0000000005022000 	/usr/lib/libresolv.9.dylib
0x0000000005022000 	/usr/lib/libiconv.2.dylib
0x0000000005022000 	/System/Library/PrivateFrameworks/Heimdal.framework/Versions/A/Heimdal
0x0000000005022000 	/usr/lib/libheimdal-asn1.dylib
0x0000000005022000 	/System/Library/Frameworks/OpenDirectory.framework/Versions/A/OpenDirectory
0x0000000005022000 	/System/Library/PrivateFrameworks/CommonAuth.framework/Versions/A/CommonAuth
0x0000000005022000 	/System/Library/Frameworks/OpenDirectory.framework/Versions/A/Frameworks/CFOpenDirectory.framework/Versions/A/CFOpenDirectory
0x0000000005022000 	/System/Library/Frameworks/SecurityFoundation.framework/Versions/A/SecurityFoundation
0x0000000005022000 	/System/Library/PrivateFrameworks/LanguageModeling.framework/Versions/A/LanguageModeling
0x0000000005022000 	/usr/lib/libcmph.dylib
0x0000000005022000 	/System/Library/Frameworks/ServiceManagement.framework/Versions/A/ServiceManagement
0x0000000005022000 	/usr/lib/libxslt.1.dylib
0x0000000005022000 	/System/Library/Frameworks/Carbon.framework/Versions/A/Frameworks/Ink.framework/Versions/A/Ink
0x0000000005022000 	/System/Library/Frameworks/QuartzCore.framework/Versions/A/Frameworks/CoreImage.framework/Versions/A/CoreImage
0x0000000005022000 	/System/Library/PrivateFrameworks/CrashReporterSupport.framework/Versions/A/CrashReporterSupport
0x0000000005022000 	/System/Library/Frameworks/OpenCL.framework/Versions/A/OpenCL
0x0000000005022000 	/System/Library/PrivateFrameworks/FaceCore.framework/Versions/A/FaceCore
0x0000000005022000 	/System/Library/PrivateFrameworks/Ubiquity.framework/Versions/A/Ubiquity
0x0000000005022000 	/System/Library/PrivateFrameworks/IconServices.framework/Versions/A/IconServices
0x0000000005022000 	/System/Library/PrivateFrameworks/ChunkingLibrary.framework/Versions/A/ChunkingLibrary
0x0000000005022000 	/System/Library/PrivateFrameworks/Apple80211.framework/Versions/A/Apple80211
0x0000000005022000 	/System/Library/Frameworks/CoreWLAN.framework/Versions/A/CoreWLAN
0x0000000005022000 	/System/Library/Frameworks/IOBluetooth.framework/Versions/A/IOBluetooth
0x0000000005022000 	/System/Library/PrivateFrameworks/CoreWiFi.framework/Versions/A/CoreWiFi
0x0000000005022000 	/System/Library/Frameworks/CoreBluetooth.framework/Versions/A/CoreBluetooth
0x0000000005022000 	/System/Library/PrivateFrameworks/DebugSymbols.framework/Versions/A/DebugSymbols
0x0000000005022000 	/System/Library/PrivateFrameworks/CoreSymbolication.framework/Versions/A/CoreSymbolication
0x0000000005022000 	/System/Library/PrivateFrameworks/Symbolication.framework/Versions/A/Symbolication
0x0000000005022000 	/System/Library/PrivateFrameworks/SpeechRecognitionCore.framework/Versions/A/SpeechRecognitionCore
0x0000000101600000 	/Library/Java/JavaVirtualMachines/jdk1.8.0_51.jdk/Contents/Home/jre/lib/server/libjvm.dylib
0x0000000005022000 	/usr/lib/libstdc++.6.dylib
0x0000000100ddd000 	/Library/Java/JavaVirtualMachines/jdk1.8.0_51.jdk/Contents/Home/jre/lib/libverify.dylib
0x000000010266c000 	/Library/Java/JavaVirtualMachines/jdk1.8.0_51.jdk/Contents/Home/jre/lib/libjava.dylib
0x0000000100df5000 	/Library/Java/JavaVirtualMachines/jdk1.8.0_51.jdk/Contents/Home/jre/lib/libzip.dylib
0x0000000118719000 	/System/Library/Frameworks/JavaVM.framework/Frameworks/JavaRuntimeSupport.framework/JavaRuntimeSupport
0x000000011872f000 	/System/Library/Frameworks/JavaVM.framework/Versions/A/Frameworks/JavaNativeFoundation.framework/Versions/A/JavaNativeFoundation
0x0000000118743000 	/System/Library/Frameworks/JavaVM.framework/Versions/A/JavaVM
0x0000000005022000 	/System/Library/Frameworks/Carbon.framework/Versions/A/Carbon
0x000000011874f000 	/System/Library/PrivateFrameworks/JavaLaunching.framework/Versions/A/JavaLaunching
0x0000000005022000 	/System/Library/Frameworks/Carbon.framework/Versions/A/Frameworks/CommonPanels.framework/Versions/A/CommonPanels
0x0000000005022000 	/System/Library/Frameworks/Carbon.framework/Versions/A/Frameworks/Help.framework/Versions/A/Help
0x0000000005022000 	/System/Library/Frameworks/Carbon.framework/Versions/A/Frameworks/ImageCapture.framework/Versions/A/ImageCapture
0x0000000005022000 	/System/Library/Frameworks/Carbon.framework/Versions/A/Frameworks/OpenScripting.framework/Versions/A/OpenScripting
0x0000000005022000 	/System/Library/Frameworks/Carbon.framework/Versions/A/Frameworks/Print.framework/Versions/A/Print
0x0000000005022000 	/System/Library/Frameworks/Carbon.framework/Versions/A/Frameworks/SecurityHI.framework/Versions/A/SecurityHI
0x000000011a668000 	/Library/Java/JavaVirtualMachines/jdk1.8.0_51.jdk/Contents/Home/jre/lib/libawt.dylib
0x000000011a710000 	/Library/Java/JavaVirtualMachines/jdk1.8.0_51.jdk/Contents/Home/jre/lib/./libmlib_image.dylib
0x000000011a7dc000 	/Library/Java/JavaVirtualMachines/jdk1.8.0_51.jdk/Contents/Home/jre/lib/libawt_lwawt.dylib
0x000000011a890000 	/Library/Java/JavaVirtualMachines/jdk1.8.0_51.jdk/Contents/Home/jre/lib/./libosxapp.dylib
0x0000000005022000 	/System/Library/Frameworks/ExceptionHandling.framework/Versions/A/ExceptionHandling
0x0000000005022000 	/System/Library/PrivateFrameworks/CoreServicesInternal.framework/Versions/A/CoreServicesInternal
0x0000000005022000 	/System/Library/PrivateFrameworks/CloudDocs.framework/Versions/A/CloudDocs
0x0000000005022000 	/System/Library/PrivateFrameworks/CoreDuet.framework/Versions/A/CoreDuet
0x0000000005022000 	/System/Library/Frameworks/CloudKit.framework/Versions/A/CloudKit
0x0000000005022000 	/System/Library/PrivateFrameworks/ProtocolBuffer.framework/Versions/A/ProtocolBuffer
0x0000000005022000 	/System/Library/PrivateFrameworks/CoreDuetDaemonProtocol.framework/Versions/A/CoreDuetDaemonProtocol
0x0000000005022000 	/System/Library/PrivateFrameworks/CoreDuetDebugLogging.framework/Versions/A/CoreDuetDebugLogging
0x0000000005022000 	/System/Library/PrivateFrameworks/MMCS.framework/Versions/A/MMCS
0x0000000005022000 	/System/Library/Frameworks/CoreLocation.framework/Versions/A/CoreLocation
0x0000000005022000 	/System/Library/PrivateFrameworks/ProtectedCloudStorage.framework/Versions/A/ProtectedCloudStorage
0x0000000005022000 	/System/Library/PrivateFrameworks/GeoServices.framework/Versions/A/GeoServices
0x0000000005022000 	/System/Library/Frameworks/CoreGraphics.framework/Versions/A/Resources/libCGCMS.A.dylib
0x0000000005022000 	/System/Library/Frameworks/CoreGraphics.framework/Versions/A/Resources/libRIP.A.dylib
0x0000000005022000 	/System/Library/Frameworks/CoreGraphics.framework/Versions/A/Resources/libCGXType.A.dylib
0x0000000005022000 	/System/Library/Frameworks/OpenCL.framework/Versions/A/Libraries/libcldcpuengine.dylib
0x0000000005022000 	/System/Library/PrivateFrameworks/DiskImages.framework/Versions/A/DiskImages
0x0000000005022000 	/System/Library/Frameworks/DiscRecording.framework/Versions/A/DiscRecording
0x0000000005022000 	/usr/lib/libcsfde.dylib
0x0000000005022000 	/usr/lib/libcurl.4.dylib
0x0000000005022000 	/System/Library/PrivateFrameworks/MediaKit.framework/Versions/A/MediaKit
0x0000000005022000 	/usr/lib/libCoreStorage.dylib
0x0000000005022000 	/System/Library/PrivateFrameworks/EFILogin.framework/Versions/A/EFILogin
0x0000000005022000 	/usr/lib/libutil.dylib
0x0000000005022000 	/System/Library/PrivateFrameworks/FindMyDevice.framework/Versions/A/FindMyDevice
0x0000000005022000 	/System/Library/Frameworks/LDAP.framework/Versions/A/LDAP
0x0000000005022000 	/usr/lib/libsasl2.2.dylib
0x0000000005022000 	/System/Library/PrivateFrameworks/CoreDaemon.framework/Versions/B/CoreDaemon
0x0000000005022000 	/usr/lib/libcrypto.0.9.8.dylib
0x0000000005022000 	/System/Library/PrivateFrameworks/AppleSRP.framework/Versions/A/AppleSRP
0x0000000005022000 	/System/Library/PrivateFrameworks/TrustEvaluationAgent.framework/Versions/A/TrustEvaluationAgent
0x000000011dad7000 	cl_kernels
0x000000011dad9000 	/System/Library/Frameworks/OpenCL.framework/Versions/A/Libraries/ImageFormats/unorm8_bgra.dylib
0x000000011dac9000 	cl_kernels
0x0000000005022000 	/System/Library/PrivateFrameworks/FamilyControls.framework/Versions/A/FamilyControls
0x0000000005022000 	/System/Library/PrivateFrameworks/CommerceKit.framework/Versions/A/Frameworks/CommerceCore.framework/Versions/A/CommerceCore
0x0000000005022000 	/System/Library/PrivateFrameworks/SystemAdministration.framework/Versions/A/SystemAdministration
0x0000000005022000 	/System/Library/PrivateFrameworks/AppContainer.framework/Versions/A/AppContainer
0x0000000005022000 	/System/Library/PrivateFrameworks/SecCodeWrapper.framework/Versions/A/SecCodeWrapper
0x0000000005022000 	/System/Library/Frameworks/DirectoryService.framework/Versions/A/DirectoryService
0x0000000005022000 	/System/Library/PrivateFrameworks/LoginUIKit.framework/Versions/A/Frameworks/LoginUICore.framework/Versions/A/LoginUICore
0x0000000005022000 	/usr/lib/libodfde.dylib
0x000000011ed5d000 	/Library/Java/JavaVirtualMachines/jdk1.8.0_51.jdk/Contents/Home/jre/lib/libfontmanager.dylib
0x000000011edc4000 	/Users/IreneZhou/Desktop/unimelb/swen20003/assignment/project1/mulit_platform_slick_libraries/liblwjgl.dylib
0x000000011cf43000 	/Library/Java/JavaVirtualMachines/jdk1.8.0_51.jdk/Contents/Home/jre/lib/libjawt.dylib
0x0000000005022000 	/System/Library/Frameworks/OpenGL.framework/Versions/A/Resources/GLEngine.bundle/GLEngine
0x0000000005022000 	/System/Library/Frameworks/OpenGL.framework/Versions/A/Libraries/libGLProgrammability.dylib
0x000000011ee50000 	/System/Library/Extensions/AppleIntelBDWGraphicsGLDriver.bundle/Contents/MacOS/AppleIntelBDWGraphicsGLDriver
0x0000000005022000 	/System/Library/PrivateFrameworks/IOAccelerator.framework/Versions/A/IOAccelerator
0x0000000005022000 	/System/Library/PrivateFrameworks/GPUSupport.framework/Versions/A/Libraries/libGPUSupportMercury.dylib
0x0000000005022000 	/System/Library/Frameworks/OpenGL.framework/Versions/A/Resources/GLRendererFloat.bundle/GLRendererFloat
0x0000000120272000 	/Users/IreneZhou/Desktop/unimelb/swen20003/assignment/project1/mulit_platform_slick_libraries/libjinput-osx.dylib
0x0000000120277000 	/System/Library/Extensions/IOHIDFamily.kext/Contents/PlugIns/IOHIDLib.plugin/Contents/MacOS/IOHIDLib
0x00000001202a7000 	/Library/Java/JavaVirtualMachines/jdk1.8.0_51.jdk/Contents/Home/jre/lib/libnio.dylib
0x00000001202b7000 	/Library/Java/JavaVirtualMachines/jdk1.8.0_51.jdk/Contents/Home/jre/lib/./libnet.dylib

VM Arguments:
jvm_args: -Djava.library.path=/Users/IreneZhou/Desktop/unimelb/swen20003/assignment/project1/mulit_platform_slick_libraries -Dfile.encoding=UTF-8 
java_command: RPG
java_class_path (initial): /Users/IreneZhou/Documents/workspace/myproject2/bin:/Users/IreneZhou/Documents/workspace/myproject2/lib/jinput.jar:/Users/IreneZhou/Documents/workspace/myproject2/lib/lwjgl.jar:/Users/IreneZhou/Documents/workspace/myproject2/lib/slick.jar
Launcher Type: SUN_STANDARD

Environment Variables:
PATH=/usr/bin:/bin:/usr/sbin:/sbin
SHELL=/bin/bash

Signal Handlers:
SIGSEGV: [libjvm.dylib+0x58ef35], sa_mask[0]=11111111011111110111111111111111, sa_flags=SA_ONSTACK|SA_RESTART|SA_SIGINFO
SIGBUS: [libjvm.dylib+0x58ef35], sa_mask[0]=11111111011111110111111111111111, sa_flags=SA_RESTART|SA_SIGINFO
SIGFPE: [libjvm.dylib+0x46c028], sa_mask[0]=11111111011111110111111111111111, sa_flags=SA_RESTART|SA_SIGINFO
SIGPIPE: [libjvm.dylib+0x46c028], sa_mask[0]=11111111011111110111111111111111, sa_flags=SA_RESTART|SA_SIGINFO
SIGXFSZ: [libjvm.dylib+0x46c028], sa_mask[0]=11111111011111110111111111111111, sa_flags=SA_RESTART|SA_SIGINFO
SIGILL: [libjvm.dylib+0x46c028], sa_mask[0]=11111111011111110111111111111111, sa_flags=SA_RESTART|SA_SIGINFO
SIGUSR1: SIG_DFL, sa_mask[0]=00000000000000000000000000000000, sa_flags=none
SIGUSR2: [libjvm.dylib+0x46bb46], sa_mask[0]=00100000000000000000000000000000, sa_flags=SA_RESTART|SA_SIGINFO
SIGHUP: [libjvm.dylib+0x46a119], sa_mask[0]=11111111011111110111111111111111, sa_flags=SA_RESTART|SA_SIGINFO
SIGINT: [libjvm.dylib+0x46a119], sa_mask[0]=11111111011111110111111111111111, sa_flags=SA_RESTART|SA_SIGINFO
SIGTERM: [libjvm.dylib+0x46a119], sa_mask[0]=11111111011111110111111111111111, sa_flags=SA_RESTART|SA_SIGINFO
SIGQUIT: [libjvm.dylib+0x46a119], sa_mask[0]=11111111011111110111111111111111, sa_flags=SA_RESTART|SA_SIGINFO


---------------  S Y S T E M  ---------------

OS:Bsduname:Darwin 14.5.0 Darwin Kernel Version 14.5.0: Thu Apr 21 20:40:54 PDT 2016; root:xnu-2782.50.3~1/RELEASE_X86_64 x86_64
rlimit: STACK 8192k, CORE 0k, NPROC 709, NOFILE 10240, AS infinity
load average:2.09 1.84 1.80

CPU:total 4 (2 cores per cpu, 2 threads per core) family 6 model 61 stepping 4, cmov, cx8, fxsr, mmx, sse, sse2, sse3, ssse3, sse4.1, sse4.2, popcnt, avx, avx2, aes, clmul, erms, 3dnowpref, lzcnt, ht, tsc, tscinvbit, bmi1, bmi2, adx

Memory: 4k page, physical 8388608k(835488k free)

/proc/meminfo:


vm_info: Java HotSpot(TM) 64-Bit Server VM (25.51-b03) for bsd-amd64 JRE (1.8.0_51-b16), built on Jun  8 2015 18:01:11 by "java_re" with gcc 4.2.1 (Based on Apple Inc. build 5658) (LLVM build 2336.11.00)

time: Thu Oct 13 18:58:08 2016
elapsed time: 17 seconds (0d 0h 0m 17s)

